2018-11-09 00:00:25,524 INFO  s.interceptor.BaseInterceptor[43] - UserAgent: Mozilla/5.0 (Windows NT 6.1; WOW64) AppleWebKit/537.36 (KHTML, like Gecko) Chrome/65.0.3325.181 Safari/537.36
2018-11-09 00:00:25,552 INFO  s.interceptor.BaseInterceptor[44] - 用户访问地址: /admin/category, 来路地址: 0:0:0:0:0:0:0:1
2018-11-09 00:00:25,553 INFO  springboot.util.LogAspect[36] - URL : http://localhost/admin/category,IP : 0:0:0:0:0:0:0:1,CLASS_METHOD : springboot.controller.admin.CategoryController.index,ARGS : [org.apache.catalina.connector.RequestFacade@31ebdd07]
2018-11-09 00:00:25,562 INFO  springboot.util.LogAspect[42] - RESPONSE:admin/category
2018-11-09 00:00:36,293 INFO  s.interceptor.BaseInterceptor[43] - UserAgent: Mozilla/5.0 (Windows NT 6.1; WOW64) AppleWebKit/537.36 (KHTML, like Gecko) Chrome/65.0.3325.181 Safari/537.36
2018-11-09 00:00:36,294 INFO  s.interceptor.BaseInterceptor[44] - 用户访问地址: /admin/category/delete, 来路地址: 0:0:0:0:0:0:0:1
2018-11-09 00:00:36,295 INFO  springboot.util.LogAspect[36] - URL : http://localhost/admin/category/delete,IP : 0:0:0:0:0:0:0:1,CLASS_METHOD : springboot.controller.admin.CategoryController.delete,ARGS : [4]
2018-11-09 00:00:36,355 INFO  springboot.util.LogAspect[42] - RESPONSE:springboot.modal.bo.RestResponseBo@5f6a27f5
2018-11-09 00:00:39,407 INFO  s.interceptor.BaseInterceptor[43] - UserAgent: Mozilla/5.0 (Windows NT 6.1; WOW64) AppleWebKit/537.36 (KHTML, like Gecko) Chrome/65.0.3325.181 Safari/537.36
2018-11-09 00:00:39,407 INFO  s.interceptor.BaseInterceptor[44] - 用户访问地址: /admin/category, 来路地址: 0:0:0:0:0:0:0:1
2018-11-09 00:00:39,407 INFO  springboot.util.LogAspect[36] - URL : http://localhost/admin/category,IP : 0:0:0:0:0:0:0:1,CLASS_METHOD : springboot.controller.admin.CategoryController.index,ARGS : [org.apache.catalina.connector.RequestFacade@36eed977]
2018-11-09 00:00:39,407 INFO  springboot.util.LogAspect[42] - RESPONSE:admin/category
2018-11-09 00:00:50,092 INFO  s.interceptor.BaseInterceptor[43] - UserAgent: Mozilla/5.0 (Windows NT 6.1; WOW64) AppleWebKit/537.36 (KHTML, like Gecko) Chrome/65.0.3325.181 Safari/537.36
2018-11-09 00:00:50,092 INFO  s.interceptor.BaseInterceptor[44] - 用户访问地址: /admin/category/delete, 来路地址: 0:0:0:0:0:0:0:1
2018-11-09 00:00:50,095 INFO  springboot.util.LogAspect[36] - URL : http://localhost/admin/category/delete,IP : 0:0:0:0:0:0:0:1,CLASS_METHOD : springboot.controller.admin.CategoryController.delete,ARGS : [6]
2018-11-09 00:00:50,161 INFO  springboot.util.LogAspect[42] - RESPONSE:springboot.modal.bo.RestResponseBo@3c1e68a7
2018-11-09 00:06:32,685 INFO  s.interceptor.BaseInterceptor[43] - UserAgent: Mozilla/5.0 (Windows NT 6.1; WOW64) AppleWebKit/537.36 (KHTML, like Gecko) Chrome/65.0.3325.181 Safari/537.36
2018-11-09 00:06:32,685 INFO  s.interceptor.BaseInterceptor[44] - 用户访问地址: /admin/article/publish, 来路地址: 0:0:0:0:0:0:0:1
2018-11-09 00:06:32,685 INFO  springboot.util.LogAspect[36] - URL : http://localhost/admin/article/publish,IP : 0:0:0:0:0:0:0:1,CLASS_METHOD : springboot.controller.admin.ArticleController.newArticle,ARGS : [org.apache.catalina.connector.RequestFacade@36eed977]
2018-11-09 00:06:32,685 INFO  springboot.util.LogAspect[42] - RESPONSE:admin/article_edit
2018-11-09 00:06:33,055 INFO  s.interceptor.BaseInterceptor[43] - UserAgent: Mozilla/5.0 (Windows NT 6.1; WOW64) AppleWebKit/537.36 (KHTML, like Gecko) Chrome/65.0.3325.181 Safari/537.36
2018-11-09 00:06:33,055 INFO  s.interceptor.BaseInterceptor[44] - 用户访问地址: /error, 来路地址: 0:0:0:0:0:0:0:1
2018-11-09 00:06:33,332 INFO  s.interceptor.BaseInterceptor[43] - UserAgent: Mozilla/5.0 (Windows NT 6.1; WOW64) AppleWebKit/537.36 (KHTML, like Gecko) Chrome/65.0.3325.181 Safari/537.36
2018-11-09 00:06:33,333 INFO  s.interceptor.BaseInterceptor[44] - 用户访问地址: /admin/article/undefined, 来路地址: 0:0:0:0:0:0:0:1
2018-11-09 00:06:33,335 INFO  springboot.util.LogAspect[36] - URL : http://localhost/admin/article/undefined,IP : 0:0:0:0:0:0:0:1,CLASS_METHOD : springboot.controller.admin.ArticleController.editArticle,ARGS : [undefined, org.apache.catalina.connector.RequestFacade@26ecf749]
2018-11-09 00:06:33,340 INFO  springboot.util.LogAspect[36] - URL : http://localhost/admin/article/undefined,IP : 0:0:0:0:0:0:0:1,CLASS_METHOD : springboot.controller.GlobalExceptionHandler.tipException,ARGS : [springboot.exception.TipException: query content by id and return is not one]
2018-11-09 00:06:33,345 INFO  springboot.util.LogAspect[42] - RESPONSE:comm/error_500
2018-11-09 00:06:49,556 INFO  s.interceptor.BaseInterceptor[43] - UserAgent: Mozilla/5.0 (Windows NT 6.1; WOW64) AppleWebKit/537.36 (KHTML, like Gecko) Chrome/65.0.3325.181 Safari/537.36
2018-11-09 00:06:49,556 INFO  s.interceptor.BaseInterceptor[44] - 用户访问地址: /admin/article/publish, 来路地址: 0:0:0:0:0:0:0:1
2018-11-09 00:06:49,560 INFO  springboot.util.LogAspect[36] - URL : http://localhost/admin/article/publish,IP : 0:0:0:0:0:0:0:1,CLASS_METHOD : springboot.controller.admin.ArticleController.publishArticle,ARGS : [springboot.modal.vo.ContentVo@31702110, org.apache.catalina.connector.RequestFacade@36eed977]
2018-11-09 00:06:49,620 INFO  springboot.util.LogAspect[42] - RESPONSE:springboot.modal.bo.RestResponseBo@4737810a
2018-11-09 00:07:34,322 INFO  s.interceptor.BaseInterceptor[43] - UserAgent: Mozilla/5.0 (Windows NT 6.1; WOW64) AppleWebKit/537.36 (KHTML, like Gecko) Chrome/65.0.3325.181 Safari/537.36
2018-11-09 00:07:34,323 INFO  s.interceptor.BaseInterceptor[44] - 用户访问地址: /admin/article, 来路地址: 0:0:0:0:0:0:0:1
2018-11-09 00:07:34,328 INFO  springboot.util.LogAspect[36] - URL : http://localhost/admin/article,IP : 0:0:0:0:0:0:0:1,CLASS_METHOD : springboot.controller.admin.ArticleController.index,ARGS : [1, 15, org.apache.catalina.connector.RequestFacade@36eed977]
2018-11-09 00:07:34,358 INFO  springboot.util.LogAspect[42] - RESPONSE:admin/article_list
2018-11-09 00:07:40,090 INFO  s.interceptor.BaseInterceptor[43] - UserAgent: Mozilla/5.0 (Windows NT 6.1; WOW64) AppleWebKit/537.36 (KHTML, like Gecko) Chrome/65.0.3325.181 Safari/537.36
2018-11-09 00:07:40,091 INFO  s.interceptor.BaseInterceptor[44] - 用户访问地址: /admin/article/delete, 来路地址: 0:0:0:0:0:0:0:1
2018-11-09 00:07:40,094 INFO  springboot.util.LogAspect[36] - URL : http://localhost/admin/article/delete,IP : 0:0:0:0:0:0:0:1,CLASS_METHOD : springboot.controller.admin.ArticleController.delete,ARGS : [4, org.apache.catalina.connector.RequestFacade@36eed977]
2018-11-09 00:07:40,154 INFO  springboot.util.LogAspect[42] - RESPONSE:springboot.modal.bo.RestResponseBo@13760046
2018-11-09 00:12:29,805 INFO  s.interceptor.BaseInterceptor[43] - UserAgent: Mozilla/5.0 (Windows NT 6.1; WOW64) AppleWebKit/537.36 (KHTML, like Gecko) Chrome/65.0.3325.181 Safari/537.36
2018-11-09 00:12:29,806 INFO  s.interceptor.BaseInterceptor[44] - 用户访问地址: /admin/article, 来路地址: 0:0:0:0:0:0:0:1
2018-11-09 00:12:29,808 INFO  springboot.util.LogAspect[36] - URL : http://localhost/admin/article,IP : 0:0:0:0:0:0:0:1,CLASS_METHOD : springboot.controller.admin.ArticleController.index,ARGS : [1, 15, org.apache.catalina.connector.RequestFacade@31ebdd07]
2018-11-09 00:12:29,816 INFO  springboot.util.LogAspect[42] - RESPONSE:admin/article_list
2018-11-09 00:12:34,242 INFO  s.interceptor.BaseInterceptor[43] - UserAgent: Mozilla/5.0 (Windows NT 6.1; WOW64) AppleWebKit/537.36 (KHTML, like Gecko) Chrome/65.0.3325.181 Safari/537.36
2018-11-09 00:12:34,242 INFO  s.interceptor.BaseInterceptor[44] - 用户访问地址: /admin/article/delete, 来路地址: 0:0:0:0:0:0:0:1
2018-11-09 00:12:34,244 INFO  springboot.util.LogAspect[36] - URL : http://localhost/admin/article/delete,IP : 0:0:0:0:0:0:0:1,CLASS_METHOD : springboot.controller.admin.ArticleController.delete,ARGS : [1, org.apache.catalina.connector.RequestFacade@409aa789]
2018-11-09 00:12:34,363 INFO  springboot.util.LogAspect[42] - RESPONSE:springboot.modal.bo.RestResponseBo@31c4373e
2018-11-09 00:12:46,871 INFO  s.interceptor.BaseInterceptor[43] - UserAgent: Mozilla/5.0 (Windows NT 6.1; WOW64) AppleWebKit/537.36 (KHTML, like Gecko) Chrome/65.0.3325.181 Safari/537.36
2018-11-09 00:12:46,871 INFO  s.interceptor.BaseInterceptor[44] - 用户访问地址: /admin/article, 来路地址: 0:0:0:0:0:0:0:1
2018-11-09 00:12:46,873 INFO  springboot.util.LogAspect[36] - URL : http://localhost/admin/article,IP : 0:0:0:0:0:0:0:1,CLASS_METHOD : springboot.controller.admin.ArticleController.index,ARGS : [1, 15, org.apache.catalina.connector.RequestFacade@409aa789]
2018-11-09 00:12:46,877 INFO  springboot.util.LogAspect[42] - RESPONSE:admin/article_list
2018-11-09 00:16:31,977 INFO  s.interceptor.BaseInterceptor[43] - UserAgent: Mozilla/5.0 (Windows NT 6.1; WOW64) AppleWebKit/537.36 (KHTML, like Gecko) Chrome/65.0.3325.181 Safari/537.36
2018-11-09 00:16:31,977 INFO  s.interceptor.BaseInterceptor[44] - 用户访问地址: /admin/article/publish, 来路地址: 0:0:0:0:0:0:0:1
2018-11-09 00:16:31,977 INFO  springboot.util.LogAspect[36] - URL : http://localhost/admin/article/publish,IP : 0:0:0:0:0:0:0:1,CLASS_METHOD : springboot.controller.admin.ArticleController.newArticle,ARGS : [org.apache.catalina.connector.RequestFacade@36eed977]
2018-11-09 00:16:31,996 INFO  springboot.util.LogAspect[42] - RESPONSE:admin/article_edit
2018-11-09 00:16:32,598 INFO  s.interceptor.BaseInterceptor[43] - UserAgent: Mozilla/5.0 (Windows NT 6.1; WOW64) AppleWebKit/537.36 (KHTML, like Gecko) Chrome/65.0.3325.181 Safari/537.36
2018-11-09 00:16:32,599 INFO  s.interceptor.BaseInterceptor[44] - 用户访问地址: /error, 来路地址: 0:0:0:0:0:0:0:1
2018-11-09 00:16:33,124 INFO  s.interceptor.BaseInterceptor[43] - UserAgent: Mozilla/5.0 (Windows NT 6.1; WOW64) AppleWebKit/537.36 (KHTML, like Gecko) Chrome/65.0.3325.181 Safari/537.36
2018-11-09 00:16:33,125 INFO  s.interceptor.BaseInterceptor[44] - 用户访问地址: /admin/article/undefined, 来路地址: 0:0:0:0:0:0:0:1
2018-11-09 00:16:33,127 INFO  springboot.util.LogAspect[36] - URL : http://localhost/admin/article/undefined,IP : 0:0:0:0:0:0:0:1,CLASS_METHOD : springboot.controller.admin.ArticleController.editArticle,ARGS : [undefined, org.apache.catalina.connector.RequestFacade@26ecf749]
2018-11-09 00:16:33,139 INFO  springboot.util.LogAspect[36] - URL : http://localhost/admin/article/undefined,IP : 0:0:0:0:0:0:0:1,CLASS_METHOD : springboot.controller.GlobalExceptionHandler.tipException,ARGS : [springboot.exception.TipException: query content by id and return is not one]
2018-11-09 00:16:33,148 INFO  springboot.util.LogAspect[42] - RESPONSE:comm/error_500
2018-11-09 00:16:40,986 INFO  s.interceptor.BaseInterceptor[43] - UserAgent: Mozilla/5.0 (Windows NT 6.1; WOW64) AppleWebKit/537.36 (KHTML, like Gecko) Chrome/65.0.3325.181 Safari/537.36
2018-11-09 00:16:40,987 INFO  s.interceptor.BaseInterceptor[44] - 用户访问地址: /admin/article/publish, 来路地址: 0:0:0:0:0:0:0:1
2018-11-09 00:16:40,992 INFO  springboot.util.LogAspect[36] - URL : http://localhost/admin/article/publish,IP : 0:0:0:0:0:0:0:1,CLASS_METHOD : springboot.controller.admin.ArticleController.publishArticle,ARGS : [springboot.modal.vo.ContentVo@37cf8def, org.apache.catalina.connector.RequestFacade@26ecf749]
2018-11-09 00:16:41,019 INFO  springboot.util.LogAspect[42] - RESPONSE:springboot.modal.bo.RestResponseBo@746936b3
2018-11-09 00:16:42,551 INFO  s.interceptor.BaseInterceptor[43] - UserAgent: Mozilla/5.0 (Windows NT 6.1; WOW64) AppleWebKit/537.36 (KHTML, like Gecko) Chrome/65.0.3325.181 Safari/537.36
2018-11-09 00:16:42,552 INFO  s.interceptor.BaseInterceptor[44] - 用户访问地址: /admin/article, 来路地址: 0:0:0:0:0:0:0:1
2018-11-09 00:16:42,557 INFO  springboot.util.LogAspect[36] - URL : http://localhost/admin/article,IP : 0:0:0:0:0:0:0:1,CLASS_METHOD : springboot.controller.admin.ArticleController.index,ARGS : [1, 15, org.apache.catalina.connector.RequestFacade@26ecf749]
2018-11-09 00:16:42,564 INFO  springboot.util.LogAspect[42] - RESPONSE:admin/article_list
2018-11-09 00:16:47,047 INFO  s.interceptor.BaseInterceptor[43] - UserAgent: Mozilla/5.0 (Windows NT 6.1; WOW64) AppleWebKit/537.36 (KHTML, like Gecko) Chrome/65.0.3325.181 Safari/537.36
2018-11-09 00:16:47,048 INFO  s.interceptor.BaseInterceptor[44] - 用户访问地址: /admin/article/delete, 来路地址: 0:0:0:0:0:0:0:1
2018-11-09 00:16:47,050 INFO  springboot.util.LogAspect[36] - URL : http://localhost/admin/article/delete,IP : 0:0:0:0:0:0:0:1,CLASS_METHOD : springboot.controller.admin.ArticleController.delete,ARGS : [5, org.apache.catalina.connector.RequestFacade@26ecf749]
2018-11-09 00:16:47,225 INFO  springboot.util.LogAspect[42] - RESPONSE:springboot.modal.bo.RestResponseBo@4df81338
2018-11-09 00:16:49,881 INFO  s.interceptor.BaseInterceptor[43] - UserAgent: Mozilla/5.0 (Windows NT 6.1; WOW64) AppleWebKit/537.36 (KHTML, like Gecko) Chrome/65.0.3325.181 Safari/537.36
2018-11-09 00:16:49,881 INFO  s.interceptor.BaseInterceptor[44] - 用户访问地址: /admin/article, 来路地址: 0:0:0:0:0:0:0:1
2018-11-09 00:16:49,881 INFO  springboot.util.LogAspect[36] - URL : http://localhost/admin/article,IP : 0:0:0:0:0:0:0:1,CLASS_METHOD : springboot.controller.admin.ArticleController.index,ARGS : [1, 15, org.apache.catalina.connector.RequestFacade@26ecf749]
2018-11-09 00:16:49,937 INFO  springboot.util.LogAspect[42] - RESPONSE:admin/article_list
2018-11-09 00:19:47,106 INFO  s.interceptor.BaseInterceptor[43] - UserAgent: Mozilla/5.0 (Windows NT 6.1; WOW64) AppleWebKit/537.36 (KHTML, like Gecko) Chrome/65.0.3325.181 Safari/537.36
2018-11-09 00:19:47,108 INFO  s.interceptor.BaseInterceptor[44] - 用户访问地址: /admin/article, 来路地址: 0:0:0:0:0:0:0:1
2018-11-09 00:19:47,115 INFO  springboot.util.LogAspect[36] - URL : http://localhost/admin/article,IP : 0:0:0:0:0:0:0:1,CLASS_METHOD : springboot.controller.admin.ArticleController.index,ARGS : [1, 15, org.apache.catalina.connector.RequestFacade@1b37029b]
2018-11-09 00:19:47,121 INFO  springboot.util.LogAspect[42] - RESPONSE:admin/article_list
2018-11-09 00:19:47,476 INFO  s.interceptor.BaseInterceptor[43] - UserAgent: Mozilla/5.0 (Windows NT 6.1; WOW64) AppleWebKit/537.36 (KHTML, like Gecko) Chrome/65.0.3325.181 Safari/537.36
2018-11-09 00:19:47,476 INFO  s.interceptor.BaseInterceptor[44] - 用户访问地址: /admin/article, 来路地址: 0:0:0:0:0:0:0:1
2018-11-09 00:19:47,479 INFO  springboot.util.LogAspect[36] - URL : http://localhost/admin/article,IP : 0:0:0:0:0:0:0:1,CLASS_METHOD : springboot.controller.admin.ArticleController.index,ARGS : [1, 15, org.apache.catalina.connector.RequestFacade@26ecf749]
2018-11-09 00:19:47,483 INFO  springboot.util.LogAspect[42] - RESPONSE:admin/article_list
2018-11-09 00:19:51,709 INFO  s.interceptor.BaseInterceptor[43] - UserAgent: Mozilla/5.0 (Windows NT 6.1; WOW64) AppleWebKit/537.36 (KHTML, like Gecko) Chrome/65.0.3325.181 Safari/537.36
2018-11-09 00:19:51,709 INFO  s.interceptor.BaseInterceptor[44] - 用户访问地址: /admin/article/publish, 来路地址: 0:0:0:0:0:0:0:1
2018-11-09 00:19:51,709 INFO  springboot.util.LogAspect[36] - URL : http://localhost/admin/article/publish,IP : 0:0:0:0:0:0:0:1,CLASS_METHOD : springboot.controller.admin.ArticleController.newArticle,ARGS : [org.apache.catalina.connector.RequestFacade@5dd0cc2a]
2018-11-09 00:19:51,725 INFO  springboot.util.LogAspect[42] - RESPONSE:admin/article_edit
2018-11-09 00:19:52,118 INFO  s.interceptor.BaseInterceptor[43] - UserAgent: Mozilla/5.0 (Windows NT 6.1; WOW64) AppleWebKit/537.36 (KHTML, like Gecko) Chrome/65.0.3325.181 Safari/537.36
2018-11-09 00:19:52,119 INFO  s.interceptor.BaseInterceptor[44] - 用户访问地址: /error, 来路地址: 0:0:0:0:0:0:0:1
2018-11-09 00:19:52,399 INFO  s.interceptor.BaseInterceptor[43] - UserAgent: Mozilla/5.0 (Windows NT 6.1; WOW64) AppleWebKit/537.36 (KHTML, like Gecko) Chrome/65.0.3325.181 Safari/537.36
2018-11-09 00:19:52,400 INFO  s.interceptor.BaseInterceptor[44] - 用户访问地址: /admin/article/undefined, 来路地址: 0:0:0:0:0:0:0:1
2018-11-09 00:19:52,401 INFO  springboot.util.LogAspect[36] - URL : http://localhost/admin/article/undefined,IP : 0:0:0:0:0:0:0:1,CLASS_METHOD : springboot.controller.admin.ArticleController.editArticle,ARGS : [undefined, org.apache.catalina.connector.RequestFacade@31ebdd07]
2018-11-09 00:19:52,407 INFO  springboot.util.LogAspect[36] - URL : http://localhost/admin/article/undefined,IP : 0:0:0:0:0:0:0:1,CLASS_METHOD : springboot.controller.GlobalExceptionHandler.tipException,ARGS : [springboot.exception.TipException: query content by id and return is not one]
2018-11-09 00:19:52,408 INFO  springboot.util.LogAspect[42] - RESPONSE:comm/error_500
2018-11-09 00:19:58,122 INFO  s.interceptor.BaseInterceptor[43] - UserAgent: Mozilla/5.0 (Windows NT 6.1; WOW64) AppleWebKit/537.36 (KHTML, like Gecko) Chrome/65.0.3325.181 Safari/537.36
2018-11-09 00:19:58,122 INFO  s.interceptor.BaseInterceptor[44] - 用户访问地址: /admin/article/publish, 来路地址: 0:0:0:0:0:0:0:1
2018-11-09 00:19:58,122 INFO  springboot.util.LogAspect[36] - URL : http://localhost/admin/article/publish,IP : 0:0:0:0:0:0:0:1,CLASS_METHOD : springboot.controller.admin.ArticleController.publishArticle,ARGS : [springboot.modal.vo.ContentVo@3fb12156, org.apache.catalina.connector.RequestFacade@5dd0cc2a]
2018-11-09 00:19:58,176 INFO  springboot.util.LogAspect[42] - RESPONSE:springboot.modal.bo.RestResponseBo@4d79770d
2018-11-09 00:20:11,358 INFO  s.interceptor.BaseInterceptor[43] - UserAgent: Mozilla/5.0 (Windows NT 6.1; WOW64) AppleWebKit/537.36 (KHTML, like Gecko) Chrome/65.0.3325.181 Safari/537.36
2018-11-09 00:20:11,358 INFO  s.interceptor.BaseInterceptor[44] - 用户访问地址: /admin/article, 来路地址: 0:0:0:0:0:0:0:1
2018-11-09 00:20:11,358 INFO  springboot.util.LogAspect[36] - URL : http://localhost/admin/article,IP : 0:0:0:0:0:0:0:1,CLASS_METHOD : springboot.controller.admin.ArticleController.index,ARGS : [1, 15, org.apache.catalina.connector.RequestFacade@5dd0cc2a]
2018-11-09 00:20:11,358 INFO  springboot.util.LogAspect[42] - RESPONSE:admin/article_list
2018-11-09 00:20:18,144 INFO  s.interceptor.BaseInterceptor[43] - UserAgent: Mozilla/5.0 (Windows NT 6.1; WOW64) AppleWebKit/537.36 (KHTML, like Gecko) Chrome/65.0.3325.181 Safari/537.36
2018-11-09 00:20:18,145 INFO  s.interceptor.BaseInterceptor[44] - 用户访问地址: /admin/article/delete, 来路地址: 0:0:0:0:0:0:0:1
2018-11-09 00:20:18,147 INFO  springboot.util.LogAspect[36] - URL : http://localhost/admin/article/delete,IP : 0:0:0:0:0:0:0:1,CLASS_METHOD : springboot.controller.admin.ArticleController.delete,ARGS : [6, org.apache.catalina.connector.RequestFacade@1b37029b]
2018-11-09 00:20:18,156 INFO  springboot.util.LogAspect[42] - RESPONSE:springboot.modal.bo.RestResponseBo@77f8c16f
2018-11-09 00:27:03,794 INFO  s.interceptor.BaseInterceptor[43] - UserAgent: Mozilla/5.0 (Windows NT 6.1; WOW64) AppleWebKit/537.36 (KHTML, like Gecko) Chrome/65.0.3325.181 Safari/537.36
2018-11-09 00:27:03,799 INFO  s.interceptor.BaseInterceptor[44] - 用户访问地址: /admin/article, 来路地址: 0:0:0:0:0:0:0:1
2018-11-09 00:27:03,805 INFO  springboot.util.LogAspect[36] - URL : http://localhost/admin/article,IP : 0:0:0:0:0:0:0:1,CLASS_METHOD : springboot.controller.admin.ArticleController.index,ARGS : [1, 15, org.apache.catalina.connector.RequestFacade@1b37029b]
2018-11-09 00:27:03,813 INFO  springboot.util.LogAspect[42] - RESPONSE:admin/article_list
2018-11-09 00:27:05,746 INFO  s.interceptor.BaseInterceptor[43] - UserAgent: Mozilla/5.0 (Windows NT 6.1; WOW64) AppleWebKit/537.36 (KHTML, like Gecko) Chrome/65.0.3325.181 Safari/537.36
2018-11-09 00:27:05,746 INFO  s.interceptor.BaseInterceptor[44] - 用户访问地址: /admin/article/publish, 来路地址: 0:0:0:0:0:0:0:1
2018-11-09 00:27:05,748 INFO  springboot.util.LogAspect[36] - URL : http://localhost/admin/article/publish,IP : 0:0:0:0:0:0:0:1,CLASS_METHOD : springboot.controller.admin.ArticleController.newArticle,ARGS : [org.apache.catalina.connector.RequestFacade@31ebdd07]
2018-11-09 00:27:05,750 INFO  springboot.util.LogAspect[42] - RESPONSE:admin/article_edit
2018-11-09 00:27:06,073 INFO  s.interceptor.BaseInterceptor[43] - UserAgent: Mozilla/5.0 (Windows NT 6.1; WOW64) AppleWebKit/537.36 (KHTML, like Gecko) Chrome/65.0.3325.181 Safari/537.36
2018-11-09 00:27:06,073 INFO  s.interceptor.BaseInterceptor[44] - 用户访问地址: /error, 来路地址: 0:0:0:0:0:0:0:1
2018-11-09 00:27:06,432 INFO  s.interceptor.BaseInterceptor[43] - UserAgent: Mozilla/5.0 (Windows NT 6.1; WOW64) AppleWebKit/537.36 (KHTML, like Gecko) Chrome/65.0.3325.181 Safari/537.36
2018-11-09 00:27:06,433 INFO  s.interceptor.BaseInterceptor[44] - 用户访问地址: /admin/article/undefined, 来路地址: 0:0:0:0:0:0:0:1
2018-11-09 00:27:06,434 INFO  springboot.util.LogAspect[36] - URL : http://localhost/admin/article/undefined,IP : 0:0:0:0:0:0:0:1,CLASS_METHOD : springboot.controller.admin.ArticleController.editArticle,ARGS : [undefined, org.apache.catalina.connector.RequestFacade@31ebdd07]
2018-11-09 00:27:06,441 INFO  springboot.util.LogAspect[36] - URL : http://localhost/admin/article/undefined,IP : 0:0:0:0:0:0:0:1,CLASS_METHOD : springboot.controller.GlobalExceptionHandler.tipException,ARGS : [springboot.exception.TipException: query content by id and return is not one]
2018-11-09 00:27:06,442 INFO  springboot.util.LogAspect[42] - RESPONSE:comm/error_500
2018-11-09 00:27:16,005 INFO  s.interceptor.BaseInterceptor[43] - UserAgent: Mozilla/5.0 (Windows NT 6.1; WOW64) AppleWebKit/537.36 (KHTML, like Gecko) Chrome/65.0.3325.181 Safari/537.36
2018-11-09 00:27:16,006 INFO  s.interceptor.BaseInterceptor[44] - 用户访问地址: /admin/article/publish, 来路地址: 0:0:0:0:0:0:0:1
2018-11-09 00:27:16,013 INFO  springboot.util.LogAspect[36] - URL : http://localhost/admin/article/publish,IP : 0:0:0:0:0:0:0:1,CLASS_METHOD : springboot.controller.admin.ArticleController.publishArticle,ARGS : [springboot.modal.vo.ContentVo@5eb463a0, org.apache.catalina.connector.RequestFacade@31ebdd07]
2018-11-09 00:27:16,075 INFO  springboot.util.LogAspect[42] - RESPONSE:springboot.modal.bo.RestResponseBo@4412d0f3
2018-11-09 00:27:18,349 INFO  s.interceptor.BaseInterceptor[43] - UserAgent: Mozilla/5.0 (Windows NT 6.1; WOW64) AppleWebKit/537.36 (KHTML, like Gecko) Chrome/65.0.3325.181 Safari/537.36
2018-11-09 00:27:18,361 INFO  s.interceptor.BaseInterceptor[44] - 用户访问地址: /admin/article, 来路地址: 0:0:0:0:0:0:0:1
2018-11-09 00:27:18,365 INFO  springboot.util.LogAspect[36] - URL : http://localhost/admin/article,IP : 0:0:0:0:0:0:0:1,CLASS_METHOD : springboot.controller.admin.ArticleController.index,ARGS : [1, 15, org.apache.catalina.connector.RequestFacade@31ebdd07]
2018-11-09 00:27:18,373 INFO  springboot.util.LogAspect[42] - RESPONSE:admin/article_list
2018-11-09 00:27:32,973 INFO  s.interceptor.BaseInterceptor[43] - UserAgent: Mozilla/5.0 (Windows NT 6.1; WOW64) AppleWebKit/537.36 (KHTML, like Gecko) Chrome/65.0.3325.181 Safari/537.36
2018-11-09 00:27:32,973 INFO  s.interceptor.BaseInterceptor[44] - 用户访问地址: /admin/article/delete, 来路地址: 0:0:0:0:0:0:0:1
2018-11-09 00:27:32,977 INFO  springboot.util.LogAspect[36] - URL : http://localhost/admin/article/delete,IP : 0:0:0:0:0:0:0:1,CLASS_METHOD : springboot.controller.admin.ArticleController.delete,ARGS : [7, org.apache.catalina.connector.RequestFacade@31ebdd07]
2018-11-09 00:27:33,047 INFO  springboot.util.LogAspect[42] - RESPONSE:springboot.modal.bo.RestResponseBo@3041c3ea
2018-11-09 00:27:52,710 INFO  s.interceptor.BaseInterceptor[43] - UserAgent: Mozilla/5.0 (Windows NT 6.1; WOW64) AppleWebKit/537.36 (KHTML, like Gecko) Chrome/65.0.3325.181 Safari/537.36
2018-11-09 00:27:52,710 INFO  s.interceptor.BaseInterceptor[44] - 用户访问地址: /admin/article, 来路地址: 0:0:0:0:0:0:0:1
2018-11-09 00:27:52,751 INFO  springboot.util.LogAspect[36] - URL : http://localhost/admin/article,IP : 0:0:0:0:0:0:0:1,CLASS_METHOD : springboot.controller.admin.ArticleController.index,ARGS : [1, 15, org.apache.catalina.connector.RequestFacade@31ebdd07]
2018-11-09 00:27:52,761 INFO  springboot.util.LogAspect[42] - RESPONSE:admin/article_list
2018-11-09 00:28:10,604 INFO  s.interceptor.BaseInterceptor[43] - UserAgent: Mozilla/5.0 (Windows NT 6.1; WOW64) AppleWebKit/537.36 (KHTML, like Gecko) Chrome/65.0.3325.181 Safari/537.36
2018-11-09 00:28:10,605 INFO  s.interceptor.BaseInterceptor[44] - 用户访问地址: /admin/article/publish, 来路地址: 0:0:0:0:0:0:0:1
2018-11-09 00:28:10,608 INFO  springboot.util.LogAspect[36] - URL : http://localhost/admin/article/publish,IP : 0:0:0:0:0:0:0:1,CLASS_METHOD : springboot.controller.admin.ArticleController.newArticle,ARGS : [org.apache.catalina.connector.RequestFacade@5dd0cc2a]
2018-11-09 00:28:10,612 INFO  springboot.util.LogAspect[42] - RESPONSE:admin/article_edit
2018-11-09 00:28:10,948 INFO  s.interceptor.BaseInterceptor[43] - UserAgent: Mozilla/5.0 (Windows NT 6.1; WOW64) AppleWebKit/537.36 (KHTML, like Gecko) Chrome/65.0.3325.181 Safari/537.36
2018-11-09 00:28:10,948 INFO  s.interceptor.BaseInterceptor[44] - 用户访问地址: /error, 来路地址: 0:0:0:0:0:0:0:1
2018-11-09 00:28:11,332 INFO  s.interceptor.BaseInterceptor[43] - UserAgent: Mozilla/5.0 (Windows NT 6.1; WOW64) AppleWebKit/537.36 (KHTML, like Gecko) Chrome/65.0.3325.181 Safari/537.36
2018-11-09 00:28:11,332 INFO  s.interceptor.BaseInterceptor[44] - 用户访问地址: /admin/article/undefined, 来路地址: 0:0:0:0:0:0:0:1
2018-11-09 00:28:11,334 INFO  springboot.util.LogAspect[36] - URL : http://localhost/admin/article/undefined,IP : 0:0:0:0:0:0:0:1,CLASS_METHOD : springboot.controller.admin.ArticleController.editArticle,ARGS : [undefined, org.apache.catalina.connector.RequestFacade@409aa789]
2018-11-09 00:28:11,338 INFO  springboot.util.LogAspect[36] - URL : http://localhost/admin/article/undefined,IP : 0:0:0:0:0:0:0:1,CLASS_METHOD : springboot.controller.GlobalExceptionHandler.tipException,ARGS : [springboot.exception.TipException: query content by id and return is not one]
2018-11-09 00:28:11,339 INFO  springboot.util.LogAspect[42] - RESPONSE:comm/error_500
2018-11-09 00:28:20,296 INFO  s.interceptor.BaseInterceptor[43] - UserAgent: Mozilla/5.0 (Windows NT 6.1; WOW64) AppleWebKit/537.36 (KHTML, like Gecko) Chrome/65.0.3325.181 Safari/537.36
2018-11-09 00:28:20,296 INFO  s.interceptor.BaseInterceptor[44] - 用户访问地址: /admin/article/publish, 来路地址: 0:0:0:0:0:0:0:1
2018-11-09 00:28:20,299 INFO  springboot.util.LogAspect[36] - URL : http://localhost/admin/article/publish,IP : 0:0:0:0:0:0:0:1,CLASS_METHOD : springboot.controller.admin.ArticleController.publishArticle,ARGS : [springboot.modal.vo.ContentVo@622e470b, org.apache.catalina.connector.RequestFacade@5dd0cc2a]
2018-11-09 00:28:20,316 INFO  springboot.util.LogAspect[42] - RESPONSE:springboot.modal.bo.RestResponseBo@4857ff73
2018-11-09 00:28:26,223 INFO  s.interceptor.BaseInterceptor[43] - UserAgent: Mozilla/5.0 (Windows NT 6.1; WOW64) AppleWebKit/537.36 (KHTML, like Gecko) Chrome/65.0.3325.181 Safari/537.36
2018-11-09 00:28:26,223 INFO  s.interceptor.BaseInterceptor[44] - 用户访问地址: /admin/article, 来路地址: 0:0:0:0:0:0:0:1
2018-11-09 00:28:26,225 INFO  springboot.util.LogAspect[36] - URL : http://localhost/admin/article,IP : 0:0:0:0:0:0:0:1,CLASS_METHOD : springboot.controller.admin.ArticleController.index,ARGS : [1, 15, org.apache.catalina.connector.RequestFacade@5dd0cc2a]
2018-11-09 00:28:26,231 INFO  springboot.util.LogAspect[42] - RESPONSE:admin/article_list
2018-11-09 00:28:45,074 INFO  s.interceptor.BaseInterceptor[43] - UserAgent: Mozilla/5.0 (Windows NT 6.1; WOW64) AppleWebKit/537.36 (KHTML, like Gecko) Chrome/65.0.3325.181 Safari/537.36
2018-11-09 00:28:45,076 INFO  s.interceptor.BaseInterceptor[44] - 用户访问地址: /admin/article/delete, 来路地址: 0:0:0:0:0:0:0:1
2018-11-09 00:28:45,079 INFO  springboot.util.LogAspect[36] - URL : http://localhost/admin/article/delete,IP : 0:0:0:0:0:0:0:1,CLASS_METHOD : springboot.controller.admin.ArticleController.delete,ARGS : [8, org.apache.catalina.connector.RequestFacade@409aa789]
2018-11-09 00:28:45,137 INFO  springboot.util.LogAspect[42] - RESPONSE:springboot.modal.bo.RestResponseBo@10fbffae
2018-11-09 00:28:49,453 INFO  s.interceptor.BaseInterceptor[43] - UserAgent: Mozilla/5.0 (Windows NT 6.1; WOW64) AppleWebKit/537.36 (KHTML, like Gecko) Chrome/65.0.3325.181 Safari/537.36
2018-11-09 00:28:49,453 INFO  s.interceptor.BaseInterceptor[44] - 用户访问地址: /admin/article, 来路地址: 0:0:0:0:0:0:0:1
2018-11-09 00:28:49,468 INFO  springboot.util.LogAspect[36] - URL : http://localhost/admin/article,IP : 0:0:0:0:0:0:0:1,CLASS_METHOD : springboot.controller.admin.ArticleController.index,ARGS : [1, 15, org.apache.catalina.connector.RequestFacade@409aa789]
2018-11-09 00:28:49,468 INFO  springboot.util.LogAspect[42] - RESPONSE:admin/article_list
2018-11-09 00:31:27,547 INFO  s.interceptor.BaseInterceptor[43] - UserAgent: Mozilla/5.0 (Windows NT 6.1; WOW64) AppleWebKit/537.36 (KHTML, like Gecko) Chrome/65.0.3325.181 Safari/537.36
2018-11-09 00:31:27,547 INFO  s.interceptor.BaseInterceptor[44] - 用户访问地址: /admin/article, 来路地址: 0:0:0:0:0:0:0:1
2018-11-09 00:31:27,562 INFO  springboot.util.LogAspect[36] - URL : http://localhost/admin/article,IP : 0:0:0:0:0:0:0:1,CLASS_METHOD : springboot.controller.admin.ArticleController.index,ARGS : [1, 15, org.apache.catalina.connector.RequestFacade@5dd0cc2a]
2018-11-09 00:31:27,570 INFO  springboot.util.LogAspect[42] - RESPONSE:admin/article_list
2018-11-09 00:31:29,350 INFO  s.interceptor.BaseInterceptor[43] - UserAgent: Mozilla/5.0 (Windows NT 6.1; WOW64) AppleWebKit/537.36 (KHTML, like Gecko) Chrome/65.0.3325.181 Safari/537.36
2018-11-09 00:31:29,367 INFO  s.interceptor.BaseInterceptor[44] - 用户访问地址: /admin/article, 来路地址: 0:0:0:0:0:0:0:1
2018-11-09 00:31:29,370 INFO  springboot.util.LogAspect[36] - URL : http://localhost/admin/article,IP : 0:0:0:0:0:0:0:1,CLASS_METHOD : springboot.controller.admin.ArticleController.index,ARGS : [1, 15, org.apache.catalina.connector.RequestFacade@5dd0cc2a]
2018-11-09 00:31:29,392 INFO  springboot.util.LogAspect[42] - RESPONSE:admin/article_list
2018-11-09 00:31:32,843 INFO  s.interceptor.BaseInterceptor[43] - UserAgent: Mozilla/5.0 (Windows NT 6.1; WOW64) AppleWebKit/537.36 (KHTML, like Gecko) Chrome/65.0.3325.181 Safari/537.36
2018-11-09 00:31:32,844 INFO  s.interceptor.BaseInterceptor[44] - 用户访问地址: /admin/article/publish, 来路地址: 0:0:0:0:0:0:0:1
2018-11-09 00:31:32,846 INFO  springboot.util.LogAspect[36] - URL : http://localhost/admin/article/publish,IP : 0:0:0:0:0:0:0:1,CLASS_METHOD : springboot.controller.admin.ArticleController.newArticle,ARGS : [org.apache.catalina.connector.RequestFacade@5dd0cc2a]
2018-11-09 00:31:32,887 INFO  springboot.util.LogAspect[42] - RESPONSE:admin/article_edit
2018-11-09 00:31:33,298 INFO  s.interceptor.BaseInterceptor[43] - UserAgent: Mozilla/5.0 (Windows NT 6.1; WOW64) AppleWebKit/537.36 (KHTML, like Gecko) Chrome/65.0.3325.181 Safari/537.36
2018-11-09 00:31:33,298 INFO  s.interceptor.BaseInterceptor[44] - 用户访问地址: /admin/article/undefined, 来路地址: 0:0:0:0:0:0:0:1
2018-11-09 00:31:33,299 INFO  springboot.util.LogAspect[36] - URL : http://localhost/admin/article/undefined,IP : 0:0:0:0:0:0:0:1,CLASS_METHOD : springboot.controller.admin.ArticleController.editArticle,ARGS : [undefined, org.apache.catalina.connector.RequestFacade@5dd0cc2a]
2018-11-09 00:31:33,303 INFO  springboot.util.LogAspect[36] - URL : http://localhost/admin/article/undefined,IP : 0:0:0:0:0:0:0:1,CLASS_METHOD : springboot.controller.GlobalExceptionHandler.tipException,ARGS : [springboot.exception.TipException: query content by id and return is not one]
2018-11-09 00:31:33,304 INFO  springboot.util.LogAspect[42] - RESPONSE:comm/error_500
2018-11-09 00:31:38,785 INFO  s.interceptor.BaseInterceptor[43] - UserAgent: Mozilla/5.0 (Windows NT 6.1; WOW64) AppleWebKit/537.36 (KHTML, like Gecko) Chrome/65.0.3325.181 Safari/537.36
2018-11-09 00:31:38,785 INFO  s.interceptor.BaseInterceptor[44] - 用户访问地址: /admin/article/publish, 来路地址: 0:0:0:0:0:0:0:1
2018-11-09 00:31:38,785 INFO  springboot.util.LogAspect[36] - URL : http://localhost/admin/article/publish,IP : 0:0:0:0:0:0:0:1,CLASS_METHOD : springboot.controller.admin.ArticleController.publishArticle,ARGS : [springboot.modal.vo.ContentVo@2d344bc0, org.apache.catalina.connector.RequestFacade@1b37029b]
2018-11-09 00:31:38,895 INFO  springboot.util.LogAspect[42] - RESPONSE:springboot.modal.bo.RestResponseBo@2228ccc6
2018-11-09 00:31:41,332 INFO  s.interceptor.BaseInterceptor[43] - UserAgent: Mozilla/5.0 (Windows NT 6.1; WOW64) AppleWebKit/537.36 (KHTML, like Gecko) Chrome/65.0.3325.181 Safari/537.36
2018-11-09 00:31:41,332 INFO  s.interceptor.BaseInterceptor[44] - 用户访问地址: /admin/article, 来路地址: 0:0:0:0:0:0:0:1
2018-11-09 00:31:41,332 INFO  springboot.util.LogAspect[36] - URL : http://localhost/admin/article,IP : 0:0:0:0:0:0:0:1,CLASS_METHOD : springboot.controller.admin.ArticleController.index,ARGS : [1, 15, org.apache.catalina.connector.RequestFacade@1b37029b]
2018-11-09 00:31:41,348 INFO  springboot.util.LogAspect[42] - RESPONSE:admin/article_list
2018-11-09 00:31:44,502 INFO  s.interceptor.BaseInterceptor[43] - UserAgent: Mozilla/5.0 (Windows NT 6.1; WOW64) AppleWebKit/537.36 (KHTML, like Gecko) Chrome/65.0.3325.181 Safari/537.36
2018-11-09 00:31:44,503 INFO  s.interceptor.BaseInterceptor[44] - 用户访问地址: /admin/article/delete, 来路地址: 0:0:0:0:0:0:0:1
2018-11-09 00:31:44,504 INFO  springboot.util.LogAspect[36] - URL : http://localhost/admin/article/delete,IP : 0:0:0:0:0:0:0:1,CLASS_METHOD : springboot.controller.admin.ArticleController.delete,ARGS : [9, org.apache.catalina.connector.RequestFacade@1b37029b]
2018-11-09 00:31:44,605 INFO  springboot.util.LogAspect[42] - RESPONSE:springboot.modal.bo.RestResponseBo@ce2d4dc
2018-11-09 00:31:54,725 INFO  s.interceptor.BaseInterceptor[43] - UserAgent: Mozilla/5.0 (Windows NT 6.1; WOW64) AppleWebKit/537.36 (KHTML, like Gecko) Chrome/65.0.3325.181 Safari/537.36
2018-11-09 00:31:54,725 INFO  s.interceptor.BaseInterceptor[44] - 用户访问地址: /admin/article, 来路地址: 0:0:0:0:0:0:0:1
2018-11-09 00:31:54,725 INFO  springboot.util.LogAspect[36] - URL : http://localhost/admin/article,IP : 0:0:0:0:0:0:0:1,CLASS_METHOD : springboot.controller.admin.ArticleController.index,ARGS : [1, 15, org.apache.catalina.connector.RequestFacade@1b37029b]
2018-11-09 00:31:54,725 INFO  springboot.util.LogAspect[42] - RESPONSE:admin/article_list
2018-11-09 00:33:27,942 INFO  s.interceptor.BaseInterceptor[43] - UserAgent: Mozilla/5.0 (Windows NT 6.1; WOW64) AppleWebKit/537.36 (KHTML, like Gecko) Chrome/65.0.3325.181 Safari/537.36
2018-11-09 00:33:27,943 INFO  s.interceptor.BaseInterceptor[44] - 用户访问地址: /admin/article, 来路地址: 0:0:0:0:0:0:0:1
2018-11-09 00:33:27,945 INFO  springboot.util.LogAspect[36] - URL : http://localhost/admin/article,IP : 0:0:0:0:0:0:0:1,CLASS_METHOD : springboot.controller.admin.ArticleController.index,ARGS : [1, 15, org.apache.catalina.connector.RequestFacade@409aa789]
2018-11-09 00:33:27,956 INFO  springboot.util.LogAspect[42] - RESPONSE:admin/article_list
2018-11-09 00:33:29,520 INFO  s.interceptor.BaseInterceptor[43] - UserAgent: Mozilla/5.0 (Windows NT 6.1; WOW64) AppleWebKit/537.36 (KHTML, like Gecko) Chrome/65.0.3325.181 Safari/537.36
2018-11-09 00:33:29,520 INFO  s.interceptor.BaseInterceptor[44] - 用户访问地址: /admin/article/publish, 来路地址: 0:0:0:0:0:0:0:1
2018-11-09 00:33:29,536 INFO  springboot.util.LogAspect[36] - URL : http://localhost/admin/article/publish,IP : 0:0:0:0:0:0:0:1,CLASS_METHOD : springboot.controller.admin.ArticleController.newArticle,ARGS : [org.apache.catalina.connector.RequestFacade@409aa789]
2018-11-09 00:33:29,536 INFO  springboot.util.LogAspect[42] - RESPONSE:admin/article_edit
2018-11-09 00:33:30,269 INFO  s.interceptor.BaseInterceptor[43] - UserAgent: Mozilla/5.0 (Windows NT 6.1; WOW64) AppleWebKit/537.36 (KHTML, like Gecko) Chrome/65.0.3325.181 Safari/537.36
2018-11-09 00:33:30,269 INFO  s.interceptor.BaseInterceptor[44] - 用户访问地址: /admin/article/undefined, 来路地址: 0:0:0:0:0:0:0:1
2018-11-09 00:33:30,270 INFO  springboot.util.LogAspect[36] - URL : http://localhost/admin/article/undefined,IP : 0:0:0:0:0:0:0:1,CLASS_METHOD : springboot.controller.admin.ArticleController.editArticle,ARGS : [undefined, org.apache.catalina.connector.RequestFacade@5dd0cc2a]
2018-11-09 00:33:30,276 INFO  springboot.util.LogAspect[36] - URL : http://localhost/admin/article/undefined,IP : 0:0:0:0:0:0:0:1,CLASS_METHOD : springboot.controller.GlobalExceptionHandler.tipException,ARGS : [springboot.exception.TipException: query content by id and return is not one]
2018-11-09 00:33:30,277 INFO  springboot.util.LogAspect[42] - RESPONSE:comm/error_500
2018-11-09 00:33:37,120 INFO  s.interceptor.BaseInterceptor[43] - UserAgent: Mozilla/5.0 (Windows NT 6.1; WOW64) AppleWebKit/537.36 (KHTML, like Gecko) Chrome/65.0.3325.181 Safari/537.36
2018-11-09 00:33:37,120 INFO  s.interceptor.BaseInterceptor[44] - 用户访问地址: /admin/article/publish, 来路地址: 0:0:0:0:0:0:0:1
2018-11-09 00:33:37,120 INFO  springboot.util.LogAspect[36] - URL : http://localhost/admin/article/publish,IP : 0:0:0:0:0:0:0:1,CLASS_METHOD : springboot.controller.admin.ArticleController.publishArticle,ARGS : [springboot.modal.vo.ContentVo@1015bb5e, org.apache.catalina.connector.RequestFacade@1b37029b]
2018-11-09 00:33:37,178 INFO  springboot.util.LogAspect[42] - RESPONSE:springboot.modal.bo.RestResponseBo@6bb3d7d5
2018-11-09 00:33:38,748 INFO  s.interceptor.BaseInterceptor[43] - UserAgent: Mozilla/5.0 (Windows NT 6.1; WOW64) AppleWebKit/537.36 (KHTML, like Gecko) Chrome/65.0.3325.181 Safari/537.36
2018-11-09 00:33:38,748 INFO  s.interceptor.BaseInterceptor[44] - 用户访问地址: /admin/article, 来路地址: 0:0:0:0:0:0:0:1
2018-11-09 00:33:38,748 INFO  springboot.util.LogAspect[36] - URL : http://localhost/admin/article,IP : 0:0:0:0:0:0:0:1,CLASS_METHOD : springboot.controller.admin.ArticleController.index,ARGS : [1, 15, org.apache.catalina.connector.RequestFacade@1b37029b]
2018-11-09 00:33:38,763 INFO  springboot.util.LogAspect[42] - RESPONSE:admin/article_list
2018-11-09 00:33:41,254 INFO  s.interceptor.BaseInterceptor[43] - UserAgent: Mozilla/5.0 (Windows NT 6.1; WOW64) AppleWebKit/537.36 (KHTML, like Gecko) Chrome/65.0.3325.181 Safari/537.36
2018-11-09 00:33:41,255 INFO  s.interceptor.BaseInterceptor[44] - 用户访问地址: /admin/article/delete, 来路地址: 0:0:0:0:0:0:0:1
2018-11-09 00:33:41,256 INFO  springboot.util.LogAspect[36] - URL : http://localhost/admin/article/delete,IP : 0:0:0:0:0:0:0:1,CLASS_METHOD : springboot.controller.admin.ArticleController.delete,ARGS : [10, org.apache.catalina.connector.RequestFacade@409aa789]
2018-11-09 00:33:41,387 INFO  springboot.util.LogAspect[42] - RESPONSE:springboot.modal.bo.RestResponseBo@21cb20ad
2018-11-09 00:33:46,950 INFO  s.interceptor.BaseInterceptor[43] - UserAgent: Mozilla/5.0 (Windows NT 6.1; WOW64) AppleWebKit/537.36 (KHTML, like Gecko) Chrome/65.0.3325.181 Safari/537.36
2018-11-09 00:33:46,950 INFO  s.interceptor.BaseInterceptor[44] - 用户访问地址: /admin/article, 来路地址: 0:0:0:0:0:0:0:1
2018-11-09 00:33:46,950 INFO  springboot.util.LogAspect[36] - URL : http://localhost/admin/article,IP : 0:0:0:0:0:0:0:1,CLASS_METHOD : springboot.controller.admin.ArticleController.index,ARGS : [1, 15, org.apache.catalina.connector.RequestFacade@1b37029b]
2018-11-09 00:33:46,950 INFO  springboot.util.LogAspect[42] - RESPONSE:admin/article_list
2018-11-09 00:34:24,764 INFO  s.interceptor.BaseInterceptor[43] - UserAgent: Mozilla/5.0 (Windows NT 6.1; WOW64) AppleWebKit/537.36 (KHTML, like Gecko) Chrome/65.0.3325.181 Safari/537.36
2018-11-09 00:34:24,767 INFO  s.interceptor.BaseInterceptor[44] - 用户访问地址: /admin/article/publish, 来路地址: 0:0:0:0:0:0:0:1
2018-11-09 00:34:24,769 INFO  springboot.util.LogAspect[36] - URL : http://localhost/admin/article/publish,IP : 0:0:0:0:0:0:0:1,CLASS_METHOD : springboot.controller.admin.ArticleController.newArticle,ARGS : [org.apache.catalina.connector.RequestFacade@1b37029b]
2018-11-09 00:34:24,772 INFO  springboot.util.LogAspect[42] - RESPONSE:admin/article_edit
2018-11-09 00:34:25,597 INFO  s.interceptor.BaseInterceptor[43] - UserAgent: Mozilla/5.0 (Windows NT 6.1; WOW64) AppleWebKit/537.36 (KHTML, like Gecko) Chrome/65.0.3325.181 Safari/537.36
2018-11-09 00:34:25,597 INFO  s.interceptor.BaseInterceptor[44] - 用户访问地址: /error, 来路地址: 0:0:0:0:0:0:0:1
2018-11-09 00:34:26,006 INFO  s.interceptor.BaseInterceptor[43] - UserAgent: Mozilla/5.0 (Windows NT 6.1; WOW64) AppleWebKit/537.36 (KHTML, like Gecko) Chrome/65.0.3325.181 Safari/537.36
2018-11-09 00:34:26,007 INFO  s.interceptor.BaseInterceptor[44] - 用户访问地址: /admin/article/undefined, 来路地址: 0:0:0:0:0:0:0:1
2018-11-09 00:34:26,008 INFO  springboot.util.LogAspect[36] - URL : http://localhost/admin/article/undefined,IP : 0:0:0:0:0:0:0:1,CLASS_METHOD : springboot.controller.admin.ArticleController.editArticle,ARGS : [undefined, org.apache.catalina.connector.RequestFacade@409aa789]
2018-11-09 00:34:26,013 INFO  springboot.util.LogAspect[36] - URL : http://localhost/admin/article/undefined,IP : 0:0:0:0:0:0:0:1,CLASS_METHOD : springboot.controller.GlobalExceptionHandler.tipException,ARGS : [springboot.exception.TipException: query content by id and return is not one]
2018-11-09 00:34:26,013 INFO  springboot.util.LogAspect[42] - RESPONSE:comm/error_500
2018-11-09 00:34:32,874 INFO  s.interceptor.BaseInterceptor[43] - UserAgent: Mozilla/5.0 (Windows NT 6.1; WOW64) AppleWebKit/537.36 (KHTML, like Gecko) Chrome/65.0.3325.181 Safari/537.36
2018-11-09 00:34:32,874 INFO  s.interceptor.BaseInterceptor[44] - 用户访问地址: /admin/article/publish, 来路地址: 0:0:0:0:0:0:0:1
2018-11-09 00:34:32,892 INFO  springboot.util.LogAspect[36] - URL : http://localhost/admin/article/publish,IP : 0:0:0:0:0:0:0:1,CLASS_METHOD : springboot.controller.admin.ArticleController.publishArticle,ARGS : [springboot.modal.vo.ContentVo@6636a889, org.apache.catalina.connector.RequestFacade@409aa789]
2018-11-09 00:34:32,968 INFO  springboot.util.LogAspect[42] - RESPONSE:springboot.modal.bo.RestResponseBo@3e24a1cf
2018-11-09 00:34:35,754 INFO  s.interceptor.BaseInterceptor[43] - UserAgent: Mozilla/5.0 (Windows NT 6.1; WOW64) AppleWebKit/537.36 (KHTML, like Gecko) Chrome/65.0.3325.181 Safari/537.36
2018-11-09 00:34:35,756 INFO  s.interceptor.BaseInterceptor[44] - 用户访问地址: /admin/article, 来路地址: 0:0:0:0:0:0:0:1
2018-11-09 00:34:35,759 INFO  springboot.util.LogAspect[36] - URL : http://localhost/admin/article,IP : 0:0:0:0:0:0:0:1,CLASS_METHOD : springboot.controller.admin.ArticleController.index,ARGS : [1, 15, org.apache.catalina.connector.RequestFacade@31ebdd07]
2018-11-09 00:34:36,035 INFO  springboot.util.LogAspect[42] - RESPONSE:admin/article_list
2018-11-09 00:34:39,132 INFO  s.interceptor.BaseInterceptor[43] - UserAgent: Mozilla/5.0 (Windows NT 6.1; WOW64) AppleWebKit/537.36 (KHTML, like Gecko) Chrome/65.0.3325.181 Safari/537.36
2018-11-09 00:34:39,132 INFO  s.interceptor.BaseInterceptor[44] - 用户访问地址: /admin/article/delete, 来路地址: 0:0:0:0:0:0:0:1
2018-11-09 00:34:39,134 INFO  springboot.util.LogAspect[36] - URL : http://localhost/admin/article/delete,IP : 0:0:0:0:0:0:0:1,CLASS_METHOD : springboot.controller.admin.ArticleController.delete,ARGS : [11, org.apache.catalina.connector.RequestFacade@409aa789]
2018-11-09 00:34:39,143 INFO  springboot.util.LogAspect[42] - RESPONSE:springboot.modal.bo.RestResponseBo@4337e097
2018-11-09 00:34:52,534 INFO  s.interceptor.BaseInterceptor[43] - UserAgent: Mozilla/5.0 (Windows NT 6.1; WOW64) AppleWebKit/537.36 (KHTML, like Gecko) Chrome/65.0.3325.181 Safari/537.36
2018-11-09 00:34:52,534 INFO  s.interceptor.BaseInterceptor[44] - 用户访问地址: /admin/article/delete, 来路地址: 0:0:0:0:0:0:0:1
2018-11-09 00:34:52,535 INFO  springboot.util.LogAspect[36] - URL : http://localhost/admin/article/delete,IP : 0:0:0:0:0:0:0:1,CLASS_METHOD : springboot.controller.admin.ArticleController.delete,ARGS : [11, org.apache.catalina.connector.RequestFacade@26ecf749]
2018-11-09 00:34:52,576 INFO  springboot.util.LogAspect[42] - RESPONSE:springboot.modal.bo.RestResponseBo@2d8267ff
2018-11-09 00:36:12,754 INFO  s.interceptor.BaseInterceptor[43] - UserAgent: Mozilla/5.0 (Windows NT 6.1; WOW64) AppleWebKit/537.36 (KHTML, like Gecko) Chrome/65.0.3325.181 Safari/537.36
2018-11-09 00:36:12,755 INFO  s.interceptor.BaseInterceptor[44] - 用户访问地址: /admin/article, 来路地址: 0:0:0:0:0:0:0:1
2018-11-09 00:36:12,757 INFO  springboot.util.LogAspect[36] - URL : http://localhost/admin/article,IP : 0:0:0:0:0:0:0:1,CLASS_METHOD : springboot.controller.admin.ArticleController.index,ARGS : [1, 15, org.apache.catalina.connector.RequestFacade@26ecf749]
2018-11-09 00:36:12,761 INFO  springboot.util.LogAspect[42] - RESPONSE:admin/article_list
2018-11-09 00:36:17,279 INFO  s.interceptor.BaseInterceptor[43] - UserAgent: Mozilla/5.0 (Windows NT 6.1; WOW64) AppleWebKit/537.36 (KHTML, like Gecko) Chrome/65.0.3325.181 Safari/537.36
2018-11-09 00:36:17,279 INFO  s.interceptor.BaseInterceptor[44] - 用户访问地址: /admin/pooruser, 来路地址: 0:0:0:0:0:0:0:1
2018-11-09 00:36:17,308 INFO  springboot.util.LogAspect[36] - URL : http://localhost/admin/pooruser,IP : 0:0:0:0:0:0:0:1,CLASS_METHOD : springboot.controller.admin.BlogUserController.index,ARGS : [1, 15, org.apache.catalina.connector.RequestFacade@26ecf749]
2018-11-09 00:36:17,560 INFO  springboot.util.LogAspect[36] - URL : http://localhost/admin/pooruser,IP : 0:0:0:0:0:0:0:1,CLASS_METHOD : springboot.controller.GlobalExceptionHandler.exceptionHandler,ARGS : [org.springframework.dao.TransientDataAccessResourceException: Error attempting to get column 'status' from result set.  Cause: java.sql.SQLException: Invalid value for getInt() - 'publish'
; SQL []; Invalid value for getInt() - 'publish'; nested exception is java.sql.SQLException: Invalid value for getInt() - 'publish']
2018-11-09 00:36:17,561 INFO  springboot.util.LogAspect[42] - RESPONSE:comm/error_404
2018-11-09 00:36:21,313 INFO  s.interceptor.BaseInterceptor[43] - UserAgent: Mozilla/5.0 (Windows NT 6.1; WOW64) AppleWebKit/537.36 (KHTML, like Gecko) Chrome/65.0.3325.181 Safari/537.36
2018-11-09 00:36:21,313 INFO  s.interceptor.BaseInterceptor[44] - 用户访问地址: /admin/article/publish, 来路地址: 0:0:0:0:0:0:0:1
2018-11-09 00:36:21,330 INFO  springboot.util.LogAspect[36] - URL : http://localhost/admin/article/publish,IP : 0:0:0:0:0:0:0:1,CLASS_METHOD : springboot.controller.admin.ArticleController.newArticle,ARGS : [org.apache.catalina.connector.RequestFacade@26ecf749]
2018-11-09 00:36:21,333 INFO  springboot.util.LogAspect[42] - RESPONSE:admin/article_edit
2018-11-09 00:36:21,923 INFO  s.interceptor.BaseInterceptor[43] - UserAgent: Mozilla/5.0 (Windows NT 6.1; WOW64) AppleWebKit/537.36 (KHTML, like Gecko) Chrome/65.0.3325.181 Safari/537.36
2018-11-09 00:36:21,923 INFO  s.interceptor.BaseInterceptor[44] - 用户访问地址: /error, 来路地址: 0:0:0:0:0:0:0:1
2018-11-09 00:36:22,706 INFO  s.interceptor.BaseInterceptor[43] - UserAgent: Mozilla/5.0 (Windows NT 6.1; WOW64) AppleWebKit/537.36 (KHTML, like Gecko) Chrome/65.0.3325.181 Safari/537.36
2018-11-09 00:36:22,707 INFO  s.interceptor.BaseInterceptor[44] - 用户访问地址: /admin/article/undefined, 来路地址: 0:0:0:0:0:0:0:1
2018-11-09 00:36:22,708 INFO  springboot.util.LogAspect[36] - URL : http://localhost/admin/article/undefined,IP : 0:0:0:0:0:0:0:1,CLASS_METHOD : springboot.controller.admin.ArticleController.editArticle,ARGS : [undefined, org.apache.catalina.connector.RequestFacade@36eed977]
2018-11-09 00:36:22,714 INFO  springboot.util.LogAspect[36] - URL : http://localhost/admin/article/undefined,IP : 0:0:0:0:0:0:0:1,CLASS_METHOD : springboot.controller.GlobalExceptionHandler.tipException,ARGS : [springboot.exception.TipException: query content by id and return is not one]
2018-11-09 00:36:22,716 INFO  springboot.util.LogAspect[42] - RESPONSE:comm/error_500
2018-11-09 00:36:28,331 INFO  s.interceptor.BaseInterceptor[43] - UserAgent: Mozilla/5.0 (Windows NT 6.1; WOW64) AppleWebKit/537.36 (KHTML, like Gecko) Chrome/65.0.3325.181 Safari/537.36
2018-11-09 00:36:28,331 INFO  s.interceptor.BaseInterceptor[44] - 用户访问地址: /admin/article/publish, 来路地址: 0:0:0:0:0:0:0:1
2018-11-09 00:36:28,331 INFO  springboot.util.LogAspect[36] - URL : http://localhost/admin/article/publish,IP : 0:0:0:0:0:0:0:1,CLASS_METHOD : springboot.controller.admin.ArticleController.publishArticle,ARGS : [springboot.modal.vo.ContentVo@607c26af, org.apache.catalina.connector.RequestFacade@36eed977]
2018-11-09 00:36:28,420 INFO  springboot.util.LogAspect[42] - RESPONSE:springboot.modal.bo.RestResponseBo@1ac7e05
2018-11-09 00:36:30,159 INFO  s.interceptor.BaseInterceptor[43] - UserAgent: Mozilla/5.0 (Windows NT 6.1; WOW64) AppleWebKit/537.36 (KHTML, like Gecko) Chrome/65.0.3325.181 Safari/537.36
2018-11-09 00:36:30,159 INFO  s.interceptor.BaseInterceptor[44] - 用户访问地址: /admin/article, 来路地址: 0:0:0:0:0:0:0:1
2018-11-09 00:36:30,159 INFO  springboot.util.LogAspect[36] - URL : http://localhost/admin/article,IP : 0:0:0:0:0:0:0:1,CLASS_METHOD : springboot.controller.admin.ArticleController.index,ARGS : [1, 15, org.apache.catalina.connector.RequestFacade@36eed977]
2018-11-09 00:36:30,159 INFO  springboot.util.LogAspect[42] - RESPONSE:admin/article_list
2018-11-09 00:36:51,630 INFO  s.interceptor.BaseInterceptor[43] - UserAgent: Mozilla/5.0 (Windows NT 6.1; WOW64) AppleWebKit/537.36 (KHTML, like Gecko) Chrome/65.0.3325.181 Safari/537.36
2018-11-09 00:36:51,630 INFO  s.interceptor.BaseInterceptor[44] - 用户访问地址: /admin/article/delete, 来路地址: 0:0:0:0:0:0:0:1
2018-11-09 00:36:51,631 INFO  springboot.util.LogAspect[36] - URL : http://localhost/admin/article/delete,IP : 0:0:0:0:0:0:0:1,CLASS_METHOD : springboot.controller.admin.ArticleController.delete,ARGS : [12, org.apache.catalina.connector.RequestFacade@409aa789]
2018-11-09 00:36:51,642 INFO  springboot.util.LogAspect[42] - RESPONSE:springboot.modal.bo.RestResponseBo@25d06793
2018-11-09 00:37:00,823 INFO  s.interceptor.BaseInterceptor[43] - UserAgent: Mozilla/5.0 (Windows NT 6.1; WOW64) AppleWebKit/537.36 (KHTML, like Gecko) Chrome/65.0.3325.181 Safari/537.36
2018-11-09 00:37:00,824 INFO  s.interceptor.BaseInterceptor[44] - 用户访问地址: /admin/article/delete, 来路地址: 0:0:0:0:0:0:0:1
2018-11-09 00:37:00,827 INFO  springboot.util.LogAspect[36] - URL : http://localhost/admin/article/delete,IP : 0:0:0:0:0:0:0:1,CLASS_METHOD : springboot.controller.admin.ArticleController.delete,ARGS : [12, org.apache.catalina.connector.RequestFacade@409aa789]
2018-11-09 00:37:00,832 INFO  springboot.util.LogAspect[42] - RESPONSE:springboot.modal.bo.RestResponseBo@73b5de2
2018-11-09 00:42:51,288 INFO  s.interceptor.BaseInterceptor[43] - UserAgent: Mozilla/5.0 (Windows NT 6.1; WOW64) AppleWebKit/537.36 (KHTML, like Gecko) Chrome/65.0.3325.181 Safari/537.36
2018-11-09 00:42:51,288 INFO  s.interceptor.BaseInterceptor[44] - 用户访问地址: /admin/article, 来路地址: 0:0:0:0:0:0:0:1
2018-11-09 00:42:51,288 INFO  springboot.util.LogAspect[36] - URL : http://localhost/admin/article,IP : 0:0:0:0:0:0:0:1,CLASS_METHOD : springboot.controller.admin.ArticleController.index,ARGS : [1, 15, org.apache.catalina.connector.RequestFacade@1b37029b]
2018-11-09 00:42:51,313 INFO  springboot.util.LogAspect[42] - RESPONSE:admin/article_list
2018-11-09 00:42:51,939 INFO  s.interceptor.BaseInterceptor[43] - UserAgent: Mozilla/5.0 (Windows NT 6.1; WOW64) AppleWebKit/537.36 (KHTML, like Gecko) Chrome/65.0.3325.181 Safari/537.36
2018-11-09 00:42:51,940 INFO  s.interceptor.BaseInterceptor[44] - 用户访问地址: /admin/article, 来路地址: 0:0:0:0:0:0:0:1
2018-11-09 00:42:51,941 INFO  springboot.util.LogAspect[36] - URL : http://localhost/admin/article,IP : 0:0:0:0:0:0:0:1,CLASS_METHOD : springboot.controller.admin.ArticleController.index,ARGS : [1, 15, org.apache.catalina.connector.RequestFacade@36eed977]
2018-11-09 00:42:51,945 INFO  springboot.util.LogAspect[42] - RESPONSE:admin/article_list
2018-11-09 00:42:54,760 INFO  s.interceptor.BaseInterceptor[43] - UserAgent: Mozilla/5.0 (Windows NT 6.1; WOW64) AppleWebKit/537.36 (KHTML, like Gecko) Chrome/65.0.3325.181 Safari/537.36
2018-11-09 00:42:54,761 INFO  s.interceptor.BaseInterceptor[44] - 用户访问地址: /admin/article/publish, 来路地址: 0:0:0:0:0:0:0:1
2018-11-09 00:42:54,763 INFO  springboot.util.LogAspect[36] - URL : http://localhost/admin/article/publish,IP : 0:0:0:0:0:0:0:1,CLASS_METHOD : springboot.controller.admin.ArticleController.newArticle,ARGS : [org.apache.catalina.connector.RequestFacade@1b37029b]
2018-11-09 00:42:54,767 INFO  springboot.util.LogAspect[42] - RESPONSE:admin/article_edit
2018-11-09 00:42:55,233 INFO  s.interceptor.BaseInterceptor[43] - UserAgent: Mozilla/5.0 (Windows NT 6.1; WOW64) AppleWebKit/537.36 (KHTML, like Gecko) Chrome/65.0.3325.181 Safari/537.36
2018-11-09 00:42:55,233 INFO  s.interceptor.BaseInterceptor[44] - 用户访问地址: /error, 来路地址: 0:0:0:0:0:0:0:1
2018-11-09 00:42:55,931 INFO  s.interceptor.BaseInterceptor[43] - UserAgent: Mozilla/5.0 (Windows NT 6.1; WOW64) AppleWebKit/537.36 (KHTML, like Gecko) Chrome/65.0.3325.181 Safari/537.36
2018-11-09 00:42:55,932 INFO  s.interceptor.BaseInterceptor[44] - 用户访问地址: /admin/article/undefined, 来路地址: 0:0:0:0:0:0:0:1
2018-11-09 00:42:55,933 INFO  springboot.util.LogAspect[36] - URL : http://localhost/admin/article/undefined,IP : 0:0:0:0:0:0:0:1,CLASS_METHOD : springboot.controller.admin.ArticleController.editArticle,ARGS : [undefined, org.apache.catalina.connector.RequestFacade@26ecf749]
2018-11-09 00:42:55,940 INFO  springboot.util.LogAspect[36] - URL : http://localhost/admin/article/undefined,IP : 0:0:0:0:0:0:0:1,CLASS_METHOD : springboot.controller.GlobalExceptionHandler.tipException,ARGS : [springboot.exception.TipException: query content by id and return is not one]
2018-11-09 00:42:55,951 INFO  springboot.util.LogAspect[42] - RESPONSE:comm/error_500
2018-11-09 00:43:05,381 INFO  s.interceptor.BaseInterceptor[43] - UserAgent: Mozilla/5.0 (Windows NT 6.1; WOW64) AppleWebKit/537.36 (KHTML, like Gecko) Chrome/65.0.3325.181 Safari/537.36
2018-11-09 00:43:05,381 INFO  s.interceptor.BaseInterceptor[44] - 用户访问地址: /admin/article/publish, 来路地址: 0:0:0:0:0:0:0:1
2018-11-09 00:43:05,384 INFO  springboot.util.LogAspect[36] - URL : http://localhost/admin/article/publish,IP : 0:0:0:0:0:0:0:1,CLASS_METHOD : springboot.controller.admin.ArticleController.publishArticle,ARGS : [springboot.modal.vo.ContentVo@abb0a7e, org.apache.catalina.connector.RequestFacade@409aa789]
2018-11-09 00:43:05,464 INFO  springboot.util.LogAspect[42] - RESPONSE:springboot.modal.bo.RestResponseBo@dd300e5
2018-11-09 00:43:07,209 INFO  s.interceptor.BaseInterceptor[43] - UserAgent: Mozilla/5.0 (Windows NT 6.1; WOW64) AppleWebKit/537.36 (KHTML, like Gecko) Chrome/65.0.3325.181 Safari/537.36
2018-11-09 00:43:07,210 INFO  s.interceptor.BaseInterceptor[44] - 用户访问地址: /admin/article, 来路地址: 0:0:0:0:0:0:0:1
2018-11-09 00:43:07,212 INFO  springboot.util.LogAspect[36] - URL : http://localhost/admin/article,IP : 0:0:0:0:0:0:0:1,CLASS_METHOD : springboot.controller.admin.ArticleController.index,ARGS : [1, 15, org.apache.catalina.connector.RequestFacade@409aa789]
2018-11-09 00:43:07,239 INFO  springboot.util.LogAspect[42] - RESPONSE:admin/article_list
2018-11-09 00:47:54,335 INFO  s.interceptor.BaseInterceptor[43] - UserAgent: Mozilla/5.0 (Windows NT 6.1; WOW64) AppleWebKit/537.36 (KHTML, like Gecko) Chrome/65.0.3325.181 Safari/537.36
2018-11-09 00:47:54,336 INFO  s.interceptor.BaseInterceptor[44] - 用户访问地址: /admin/article, 来路地址: 0:0:0:0:0:0:0:1
2018-11-09 00:47:54,339 INFO  springboot.util.LogAspect[36] - URL : http://localhost/admin/article,IP : 0:0:0:0:0:0:0:1,CLASS_METHOD : springboot.controller.admin.ArticleController.index,ARGS : [1, 15, org.apache.catalina.connector.RequestFacade@26ecf749]
2018-11-09 00:47:54,356 INFO  springboot.util.LogAspect[42] - RESPONSE:admin/article_list
2018-11-09 00:47:56,296 INFO  s.interceptor.BaseInterceptor[43] - UserAgent: Mozilla/5.0 (Windows NT 6.1; WOW64) AppleWebKit/537.36 (KHTML, like Gecko) Chrome/65.0.3325.181 Safari/537.36
2018-11-09 00:47:56,297 INFO  s.interceptor.BaseInterceptor[44] - 用户访问地址: /admin/pooruser, 来路地址: 0:0:0:0:0:0:0:1
2018-11-09 00:47:56,298 INFO  springboot.util.LogAspect[36] - URL : http://localhost/admin/pooruser,IP : 0:0:0:0:0:0:0:1,CLASS_METHOD : springboot.controller.admin.BlogUserController.index,ARGS : [1, 15, org.apache.catalina.connector.RequestFacade@409aa789]
2018-11-09 00:47:56,310 INFO  springboot.util.LogAspect[36] - URL : http://localhost/admin/pooruser,IP : 0:0:0:0:0:0:0:1,CLASS_METHOD : springboot.controller.GlobalExceptionHandler.exceptionHandler,ARGS : [org.springframework.dao.TransientDataAccessResourceException: Error attempting to get column 'status' from result set.  Cause: java.sql.SQLException: Invalid value for getInt() - 'publish'
; SQL []; Invalid value for getInt() - 'publish'; nested exception is java.sql.SQLException: Invalid value for getInt() - 'publish']
2018-11-09 00:47:56,311 INFO  springboot.util.LogAspect[42] - RESPONSE:comm/error_404
2018-11-09 00:48:01,399 INFO  s.interceptor.BaseInterceptor[43] - UserAgent: Mozilla/5.0 (Windows NT 6.1; WOW64) AppleWebKit/537.36 (KHTML, like Gecko) Chrome/65.0.3325.181 Safari/537.36
2018-11-09 00:48:01,399 INFO  s.interceptor.BaseInterceptor[44] - 用户访问地址: /admin/article, 来路地址: 0:0:0:0:0:0:0:1
2018-11-09 00:48:01,399 INFO  springboot.util.LogAspect[36] - URL : http://localhost/admin/article,IP : 0:0:0:0:0:0:0:1,CLASS_METHOD : springboot.controller.admin.ArticleController.index,ARGS : [1, 15, org.apache.catalina.connector.RequestFacade@409aa789]
2018-11-09 00:48:01,420 INFO  springboot.util.LogAspect[42] - RESPONSE:admin/article_list
2018-11-09 00:48:02,869 INFO  s.interceptor.BaseInterceptor[43] - UserAgent: Mozilla/5.0 (Windows NT 6.1; WOW64) AppleWebKit/537.36 (KHTML, like Gecko) Chrome/65.0.3325.181 Safari/537.36
2018-11-09 00:48:02,869 INFO  s.interceptor.BaseInterceptor[44] - 用户访问地址: /admin/article/publish, 来路地址: 0:0:0:0:0:0:0:1
2018-11-09 00:48:02,886 INFO  springboot.util.LogAspect[36] - URL : http://localhost/admin/article/publish,IP : 0:0:0:0:0:0:0:1,CLASS_METHOD : springboot.controller.admin.ArticleController.newArticle,ARGS : [org.apache.catalina.connector.RequestFacade@409aa789]
2018-11-09 00:48:02,897 INFO  springboot.util.LogAspect[42] - RESPONSE:admin/article_edit
2018-11-09 00:48:03,621 INFO  s.interceptor.BaseInterceptor[43] - UserAgent: Mozilla/5.0 (Windows NT 6.1; WOW64) AppleWebKit/537.36 (KHTML, like Gecko) Chrome/65.0.3325.181 Safari/537.36
2018-11-09 00:48:03,622 INFO  s.interceptor.BaseInterceptor[44] - 用户访问地址: /admin/article/undefined, 来路地址: 0:0:0:0:0:0:0:1
2018-11-09 00:48:03,633 INFO  springboot.util.LogAspect[36] - URL : http://localhost/admin/article/undefined,IP : 0:0:0:0:0:0:0:1,CLASS_METHOD : springboot.controller.admin.ArticleController.editArticle,ARGS : [undefined, org.apache.catalina.connector.RequestFacade@409aa789]
2018-11-09 00:48:03,640 INFO  springboot.util.LogAspect[36] - URL : http://localhost/admin/article/undefined,IP : 0:0:0:0:0:0:0:1,CLASS_METHOD : springboot.controller.GlobalExceptionHandler.tipException,ARGS : [springboot.exception.TipException: query content by id and return is not one]
2018-11-09 00:48:03,641 INFO  springboot.util.LogAspect[42] - RESPONSE:comm/error_500
2018-11-09 00:48:04,012 INFO  s.interceptor.BaseInterceptor[43] - UserAgent: Mozilla/5.0 (Windows NT 6.1; WOW64) AppleWebKit/537.36 (KHTML, like Gecko) Chrome/65.0.3325.181 Safari/537.36
2018-11-09 00:48:04,012 INFO  s.interceptor.BaseInterceptor[44] - 用户访问地址: /admin/article, 来路地址: 0:0:0:0:0:0:0:1
2018-11-09 00:48:04,014 INFO  springboot.util.LogAspect[36] - URL : http://localhost/admin/article,IP : 0:0:0:0:0:0:0:1,CLASS_METHOD : springboot.controller.admin.ArticleController.index,ARGS : [1, 15, org.apache.catalina.connector.RequestFacade@409aa789]
2018-11-09 00:48:04,091 INFO  springboot.util.LogAspect[42] - RESPONSE:admin/article_list
2018-11-09 00:50:01,904 INFO  s.interceptor.BaseInterceptor[43] - UserAgent: Mozilla/5.0 (Windows NT 6.1; WOW64) AppleWebKit/537.36 (KHTML, like Gecko) Chrome/65.0.3325.181 Safari/537.36
2018-11-09 00:50:01,904 INFO  s.interceptor.BaseInterceptor[44] - 用户访问地址: /admin/article, 来路地址: 0:0:0:0:0:0:0:1
2018-11-09 00:50:01,920 INFO  springboot.util.LogAspect[36] - URL : http://localhost/admin/article,IP : 0:0:0:0:0:0:0:1,CLASS_METHOD : springboot.controller.admin.ArticleController.index,ARGS : [1, 15, org.apache.catalina.connector.RequestFacade@e97a92d]
2018-11-09 00:50:01,920 INFO  springboot.util.LogAspect[42] - RESPONSE:admin/article_list
