2018-11-08 23:25:29,396 INFO  springboot.StartApplication[48] - Starting StartApplication on CHINA-20180913J with PID 5212 (D:\java\codePackage\blog\blog\target\classes started by Administrator in D:\java\codePackage\blog\blog)
2018-11-08 23:25:29,412 INFO  springboot.StartApplication[641] - The following profiles are active: jdbc,log,redis,mail
2018-11-08 23:25:30,318 INFO  o.h.validator.internal.util.Version[30] - HV000001: Hibernate Validator 5.3.4.Final
2018-11-08 23:25:30,802 INFO  o.s.b.c.e.AnnotationConfigEmbeddedWebApplicationContext[582] - Refreshing org.springframework.boot.context.embedded.AnnotationConfigEmbeddedWebApplicationContext@5d9ab22: startup date [Thu Nov 08 23:25:30 CST 2018]; root of context hierarchy
2018-11-08 23:25:33,055 INFO  o.s.d.r.c.RepositoryConfigurationDelegate[165] - Multiple Spring Data modules found, entering strict repository configuration mode!
2018-11-08 23:25:33,929 INFO  o.s.c.s.PostProcessorRegistrationDelegate$BeanPostProcessorChecker[325] - Bean 'org.springframework.boot.autoconfigure.validation.ValidationAutoConfiguration' of type [class org.springframework.boot.autoconfigure.validation.ValidationAutoConfiguration] is not eligible for getting processed by all BeanPostProcessors (for example: not eligible for auto-proxying)
2018-11-08 23:25:34,101 INFO  o.s.c.s.PostProcessorRegistrationDelegate$BeanPostProcessorChecker[325] - Bean 'validator' of type [class org.springframework.validation.beanvalidation.LocalValidatorFactoryBean] is not eligible for getting processed by all BeanPostProcessors (for example: not eligible for auto-proxying)
2018-11-08 23:25:34,210 INFO  o.s.c.s.PostProcessorRegistrationDelegate$BeanPostProcessorChecker[325] - Bean 'org.springframework.transaction.annotation.ProxyTransactionManagementConfiguration' of type [class org.springframework.transaction.annotation.ProxyTransactionManagementConfiguration$$EnhancerBySpringCGLIB$$91038ec1] is not eligible for getting processed by all BeanPostProcessors (for example: not eligible for auto-proxying)
2018-11-08 23:25:34,382 INFO  o.s.c.s.PostProcessorRegistrationDelegate$BeanPostProcessorChecker[325] - Bean 'redisConfig' of type [class springboot.config.RedisConfig$$EnhancerBySpringCGLIB$$1aeb49c6] is not eligible for getting processed by all BeanPostProcessors (for example: not eligible for auto-proxying)
2018-11-08 23:25:34,382 INFO  o.s.c.s.PostProcessorRegistrationDelegate$BeanPostProcessorChecker[325] - Bean 'org.springframework.cache.annotation.ProxyCachingConfiguration' of type [class org.springframework.cache.annotation.ProxyCachingConfiguration$$EnhancerBySpringCGLIB$$da15c4df] is not eligible for getting processed by all BeanPostProcessors (for example: not eligible for auto-proxying)
2018-11-08 23:25:35,692 INFO  o.s.b.c.e.t.TomcatEmbeddedServletContainer[89] - Tomcat initialized with port(s): 80 (http)
2018-11-08 23:25:35,754 INFO  o.a.catalina.core.StandardService[179] - Starting service Tomcat
2018-11-08 23:25:35,754 INFO  o.a.catalina.core.StandardEngine[179] - Starting Servlet Engine: Apache Tomcat/8.5.11
2018-11-08 23:25:35,957 INFO  o.a.c.c.C.[Tomcat].[localhost].[/][179] - Initializing Spring embedded WebApplicationContext
2018-11-08 23:25:35,957 INFO  o.s.web.context.ContextLoader[276] - Root WebApplicationContext: initialization completed in 5155 ms
2018-11-08 23:25:36,191 INFO  o.s.b.w.s.ServletRegistrationBean[190] - Mapping servlet: 'dispatcherServlet' to [/]
2018-11-08 23:25:36,191 INFO  o.s.b.w.s.FilterRegistrationBean[258] - Mapping filter: 'characterEncodingFilter' to: [/*]
2018-11-08 23:25:36,207 INFO  o.s.b.w.s.FilterRegistrationBean[258] - Mapping filter: 'hiddenHttpMethodFilter' to: [/*]
2018-11-08 23:25:36,207 INFO  o.s.b.w.s.FilterRegistrationBean[258] - Mapping filter: 'httpPutFormContentFilter' to: [/*]
2018-11-08 23:25:36,207 INFO  o.s.b.w.s.FilterRegistrationBean[258] - Mapping filter: 'requestContextFilter' to: [/*]
2018-11-08 23:25:40,082 INFO  o.s.w.s.m.m.a.RequestMappingHandlerAdapter[534] - Looking for @ControllerAdvice: org.springframework.boot.context.embedded.AnnotationConfigEmbeddedWebApplicationContext@5d9ab22: startup date [Thu Nov 08 23:25:30 CST 2018]; root of context hierarchy
2018-11-08 23:25:40,191 INFO  o.s.w.s.m.m.a.RequestMappingHandlerMapping[543] - Mapped "{[/admin/article],methods=[GET]}" onto public java.lang.String springboot.controller.admin.ArticleController.index(int,int,javax.servlet.http.HttpServletRequest)
2018-11-08 23:25:40,191 INFO  o.s.w.s.m.m.a.RequestMappingHandlerMapping[543] - Mapped "{[/admin/article/delete]}" onto public springboot.modal.bo.RestResponseBo springboot.controller.admin.ArticleController.delete(int,javax.servlet.http.HttpServletRequest)
2018-11-08 23:25:40,191 INFO  o.s.w.s.m.m.a.RequestMappingHandlerMapping[543] - Mapped "{[/admin/article/publish],methods=[GET]}" onto public java.lang.String springboot.controller.admin.ArticleController.newArticle(javax.servlet.http.HttpServletRequest)
2018-11-08 23:25:40,191 INFO  o.s.w.s.m.m.a.RequestMappingHandlerMapping[543] - Mapped "{[/admin/article/{cid}],methods=[GET]}" onto public java.lang.String springboot.controller.admin.ArticleController.editArticle(java.lang.String,javax.servlet.http.HttpServletRequest)
2018-11-08 23:25:40,191 INFO  o.s.w.s.m.m.a.RequestMappingHandlerMapping[543] - Mapped "{[/admin/article/publish],methods=[POST]}" onto public springboot.modal.bo.RestResponseBo springboot.controller.admin.ArticleController.publishArticle(springboot.modal.vo.ContentVo,javax.servlet.http.HttpServletRequest)
2018-11-08 23:25:40,191 INFO  o.s.w.s.m.m.a.RequestMappingHandlerMapping[543] - Mapped "{[/admin/article/modify],methods=[POST]}" onto public springboot.modal.bo.RestResponseBo springboot.controller.admin.ArticleController.modifyArticle(springboot.modal.vo.ContentVo,javax.servlet.http.HttpServletRequest)
2018-11-08 23:25:40,191 INFO  o.s.w.s.m.m.a.RequestMappingHandlerMapping[543] - Mapped "{[/admin/attach],methods=[GET]}" onto public java.lang.String springboot.controller.admin.AttachController.index(javax.servlet.http.HttpServletRequest,int,int)
2018-11-08 23:25:40,191 INFO  o.s.w.s.m.m.a.RequestMappingHandlerMapping[543] - Mapped "{[/admin/attach/delete]}" onto public springboot.modal.bo.RestResponseBo springboot.controller.admin.AttachController.delete(java.lang.Integer,javax.servlet.http.HttpServletRequest)
2018-11-08 23:25:40,191 INFO  o.s.w.s.m.m.a.RequestMappingHandlerMapping[543] - Mapped "{[/admin/attach/upload],methods=[POST]}" onto public springboot.modal.bo.RestResponseBo springboot.controller.admin.AttachController.upload(javax.servlet.http.HttpServletRequest,org.springframework.web.multipart.MultipartFile[]) throws java.io.IOException
2018-11-08 23:25:40,191 INFO  o.s.w.s.m.m.a.RequestMappingHandlerMapping[543] - Mapped "{[/admin/login],methods=[GET]}" onto public java.lang.String springboot.controller.admin.AuthController.login()
2018-11-08 23:25:40,191 INFO  o.s.w.s.m.m.a.RequestMappingHandlerMapping[543] - Mapped "{[/admin/logout]}" onto public void springboot.controller.admin.AuthController.logout(javax.servlet.http.HttpSession,javax.servlet.http.HttpServletResponse,javax.servlet.http.HttpServletRequest)
2018-11-08 23:25:40,191 INFO  o.s.w.s.m.m.a.RequestMappingHandlerMapping[543] - Mapped "{[/admin/login],methods=[POST]}" onto public springboot.modal.bo.RestResponseBo springboot.controller.admin.AuthController.doLogin(java.lang.String,java.lang.String,javax.servlet.http.HttpServletRequest,javax.servlet.http.HttpServletResponse)
2018-11-08 23:25:40,191 INFO  o.s.w.s.m.m.a.RequestMappingHandlerMapping[543] - Mapped "{[/admin/pooruser],methods=[GET]}" onto public java.lang.String springboot.controller.admin.BlogUserController.index(int,int,javax.servlet.http.HttpServletRequest)
2018-11-08 23:25:40,191 INFO  o.s.w.s.m.m.a.RequestMappingHandlerMapping[543] - Mapped "{[/admin/pooruser/delete]}" onto public springboot.modal.bo.RestResponseBo springboot.controller.admin.BlogUserController.delete(int,javax.servlet.http.HttpServletRequest)
2018-11-08 23:25:40,191 INFO  o.s.w.s.m.m.a.RequestMappingHandlerMapping[543] - Mapped "{[/admin/pooruser/modify],methods=[POST]}" onto public springboot.modal.bo.RestResponseBo springboot.controller.admin.BlogUserController.modifyArticle(springboot.modal.vo.BlogUserVo,javax.servlet.http.HttpServletRequest)
2018-11-08 23:25:40,207 INFO  o.s.w.s.m.m.a.RequestMappingHandlerMapping[543] - Mapped "{[/admin/pooruser/publish],methods=[POST]}" onto public springboot.modal.bo.RestResponseBo springboot.controller.admin.BlogUserController.publishPage(springboot.modal.vo.BlogUserVo,javax.servlet.http.HttpServletRequest)
2018-11-08 23:25:40,207 INFO  o.s.w.s.m.m.a.RequestMappingHandlerMapping[543] - Mapped "{[/admin/pooruser/new],methods=[GET]}" onto public java.lang.String springboot.controller.admin.BlogUserController.newPage(javax.servlet.http.HttpServletRequest)
2018-11-08 23:25:40,207 INFO  o.s.w.s.m.m.a.RequestMappingHandlerMapping[543] - Mapped "{[/admin/pooruser/{uid}],methods=[GET]}" onto public java.lang.String springboot.controller.admin.BlogUserController.editPage(java.lang.String,javax.servlet.http.HttpServletRequest)
2018-11-08 23:25:40,207 INFO  o.s.w.s.m.m.a.RequestMappingHandlerMapping[543] - Mapped "{[/admin/category],methods=[GET]}" onto public java.lang.String springboot.controller.admin.CategoryController.index(javax.servlet.http.HttpServletRequest)
2018-11-08 23:25:40,207 INFO  o.s.w.s.m.m.a.RequestMappingHandlerMapping[543] - Mapped "{[/admin/category/delete]}" onto public springboot.modal.bo.RestResponseBo springboot.controller.admin.CategoryController.delete(int)
2018-11-08 23:25:40,207 INFO  o.s.w.s.m.m.a.RequestMappingHandlerMapping[543] - Mapped "{[/admin/category/save],methods=[POST]}" onto public springboot.modal.bo.RestResponseBo springboot.controller.admin.CategoryController.saveCategory(java.lang.String,java.lang.Integer)
2018-11-08 23:25:40,207 INFO  o.s.w.s.m.m.a.RequestMappingHandlerMapping[543] - Mapped "{[/admin/comments],methods=[GET]}" onto public java.lang.String springboot.controller.admin.CommentController.index(int,int,javax.servlet.http.HttpServletRequest)
2018-11-08 23:25:40,207 INFO  o.s.w.s.m.m.a.RequestMappingHandlerMapping[543] - Mapped "{[/admin/comments/delete],methods=[POST]}" onto public springboot.modal.bo.RestResponseBo springboot.controller.admin.CommentController.delete(java.lang.Integer)
2018-11-08 23:25:40,207 INFO  o.s.w.s.m.m.a.RequestMappingHandlerMapping[543] - Mapped "{[/admin/comments/status],methods=[POST]}" onto public springboot.modal.bo.RestResponseBo springboot.controller.admin.CommentController.updateStatus(java.lang.Integer,java.lang.String)
2018-11-08 23:25:40,207 INFO  o.s.w.s.m.m.a.RequestMappingHandlerMapping[543] - Mapped "{[/admin/comments],methods=[POST]}" onto public springboot.modal.bo.RestResponseBo springboot.controller.admin.CommentController.reply(java.lang.Integer,java.lang.String,javax.servlet.http.HttpServletRequest)
2018-11-08 23:25:40,207 INFO  o.s.w.s.m.m.a.RequestMappingHandlerMapping[543] - Mapped "{[/admin || /admin/index],methods=[GET]}" onto public java.lang.String springboot.controller.admin.IndexController.index(javax.servlet.http.HttpServletRequest)
2018-11-08 23:25:40,207 INFO  o.s.w.s.m.m.a.RequestMappingHandlerMapping[543] - Mapped "{[/admin/profile],methods=[GET]}" onto public java.lang.String springboot.controller.admin.IndexController.profile()
2018-11-08 23:25:40,207 INFO  o.s.w.s.m.m.a.RequestMappingHandlerMapping[543] - Mapped "{[/admin/logout],methods=[GET]}" onto public java.lang.String springboot.controller.admin.IndexController.logout()
2018-11-08 23:25:40,207 INFO  o.s.w.s.m.m.a.RequestMappingHandlerMapping[543] - Mapped "{[/admin/profile],methods=[POST]}" onto public springboot.modal.bo.RestResponseBo springboot.controller.admin.IndexController.saveProfile(java.lang.String,java.lang.String,javax.servlet.http.HttpServletRequest,javax.servlet.http.HttpSession)
2018-11-08 23:25:40,207 INFO  o.s.w.s.m.m.a.RequestMappingHandlerMapping[543] - Mapped "{[/admin/password],methods=[POST]}" onto public springboot.modal.bo.RestResponseBo springboot.controller.admin.IndexController.updatePwd(java.lang.String,java.lang.String,javax.servlet.http.HttpServletRequest,javax.servlet.http.HttpSession)
2018-11-08 23:25:40,222 INFO  o.s.w.s.m.m.a.RequestMappingHandlerMapping[543] - Mapped "{[/admin/links],methods=[GET]}" onto public java.lang.String springboot.controller.admin.LinkController.index(javax.servlet.http.HttpServletRequest)
2018-11-08 23:25:40,222 INFO  o.s.w.s.m.m.a.RequestMappingHandlerMapping[543] - Mapped "{[/admin/links/delete]}" onto public springboot.modal.bo.RestResponseBo springboot.controller.admin.LinkController.delete(int)
2018-11-08 23:25:40,222 INFO  o.s.w.s.m.m.a.RequestMappingHandlerMapping[543] - Mapped "{[/admin/links/save],methods=[POST]}" onto public springboot.modal.bo.RestResponseBo springboot.controller.admin.LinkController.saveLink(java.lang.String,java.lang.String,java.lang.String,java.lang.Integer,int)
2018-11-08 23:25:40,222 INFO  o.s.w.s.m.m.a.RequestMappingHandlerMapping[543] - Mapped "{[/admin/page],methods=[GET]}" onto public java.lang.String springboot.controller.admin.PageController.index(javax.servlet.http.HttpServletRequest)
2018-11-08 23:25:40,222 INFO  o.s.w.s.m.m.a.RequestMappingHandlerMapping[543] - Mapped "{[/admin/page/delete]}" onto public springboot.modal.bo.RestResponseBo springboot.controller.admin.PageController.delete(int,javax.servlet.http.HttpServletRequest)
2018-11-08 23:25:40,222 INFO  o.s.w.s.m.m.a.RequestMappingHandlerMapping[543] - Mapped "{[/admin/page/modify],methods=[POST]}" onto public springboot.modal.bo.RestResponseBo springboot.controller.admin.PageController.modifyArticle(java.lang.Integer,java.lang.String,java.lang.String,java.lang.String,java.lang.String,java.lang.Integer,java.lang.Integer,javax.servlet.http.HttpServletRequest)
2018-11-08 23:25:40,222 INFO  o.s.w.s.m.m.a.RequestMappingHandlerMapping[543] - Mapped "{[/admin/page/publish],methods=[POST]}" onto public springboot.modal.bo.RestResponseBo springboot.controller.admin.PageController.publishPage(java.lang.String,java.lang.String,java.lang.String,java.lang.String,java.lang.Integer,java.lang.Integer,javax.servlet.http.HttpServletRequest)
2018-11-08 23:25:40,222 INFO  o.s.w.s.m.m.a.RequestMappingHandlerMapping[543] - Mapped "{[/admin/page/new],methods=[GET]}" onto public java.lang.String springboot.controller.admin.PageController.newPage(javax.servlet.http.HttpServletRequest)
2018-11-08 23:25:40,222 INFO  o.s.w.s.m.m.a.RequestMappingHandlerMapping[543] - Mapped "{[/admin/page/{cid}],methods=[GET]}" onto public java.lang.String springboot.controller.admin.PageController.editPage(java.lang.String,javax.servlet.http.HttpServletRequest)
2018-11-08 23:25:40,222 INFO  o.s.w.s.m.m.a.RequestMappingHandlerMapping[543] - Mapped "{[/admin/setting],methods=[GET]}" onto public java.lang.String springboot.controller.admin.SettingController.index(javax.servlet.http.HttpServletRequest)
2018-11-08 23:25:40,222 INFO  o.s.w.s.m.m.a.RequestMappingHandlerMapping[543] - Mapped "{[/admin/setting/advanced],methods=[POST]}" onto public springboot.modal.bo.RestResponseBo springboot.controller.admin.SettingController.doAdvanced(java.lang.String,java.lang.String)
2018-11-08 23:25:40,222 INFO  o.s.w.s.m.m.a.RequestMappingHandlerMapping[543] - Mapped "{[/admin/setting],methods=[POST]}" onto public springboot.modal.bo.RestResponseBo springboot.controller.admin.SettingController.saveSetting(java.lang.String,javax.servlet.http.HttpServletRequest)
2018-11-08 23:25:40,222 INFO  o.s.w.s.m.m.a.RequestMappingHandlerMapping[543] - Mapped "{[/admin/setting/backup],methods=[POST]}" onto public springboot.modal.bo.RestResponseBo springboot.controller.admin.SettingController.backup(java.lang.String,java.lang.String,javax.servlet.http.HttpServletRequest)
2018-11-08 23:25:40,222 INFO  o.s.w.s.m.m.a.RequestMappingHandlerMapping[543] - Mapped "{[/page/{p}],methods=[GET]}" onto public java.lang.String springboot.controller.home.IndexController.index(javax.servlet.http.HttpServletRequest,int,int)
2018-11-08 23:25:40,222 INFO  o.s.w.s.m.m.a.RequestMappingHandlerMapping[543] - Mapped "{[/],methods=[GET]}" onto private java.lang.String springboot.controller.home.IndexController.index(javax.servlet.http.HttpServletRequest,int)
2018-11-08 23:25:40,238 INFO  o.s.w.s.m.m.a.RequestMappingHandlerMapping[543] - Mapped "{[/search/{keyword}/{page}],methods=[GET]}" onto public java.lang.String springboot.controller.home.IndexController.search(javax.servlet.http.HttpServletRequest,java.lang.String,int,int)
2018-11-08 23:25:40,238 INFO  o.s.w.s.m.m.a.RequestMappingHandlerMapping[543] - Mapped "{[/search/{keyword}],methods=[GET]}" onto public java.lang.String springboot.controller.home.IndexController.search(javax.servlet.http.HttpServletRequest,java.lang.String,int)
2018-11-08 23:25:40,238 INFO  o.s.w.s.m.m.a.RequestMappingHandlerMapping[543] - Mapped "{[/comment],methods=[POST]}" onto public springboot.modal.bo.RestResponseBo springboot.controller.home.IndexController.comment(javax.servlet.http.HttpServletRequest,javax.servlet.http.HttpServletResponse,java.lang.Integer,java.lang.Integer,java.lang.String,java.lang.String,java.lang.String,java.lang.String,java.lang.String)
2018-11-08 23:25:40,238 INFO  o.s.w.s.m.m.a.RequestMappingHandlerMapping[543] - Mapped "{[/tag/{name}/{page}],methods=[GET]}" onto public java.lang.String springboot.controller.home.IndexController.tags(javax.servlet.http.HttpServletRequest,java.lang.String,int,int)
2018-11-08 23:25:40,238 INFO  o.s.w.s.m.m.a.RequestMappingHandlerMapping[543] - Mapped "{[/tag/{name}],methods=[GET]}" onto public java.lang.String springboot.controller.home.IndexController.tags(javax.servlet.http.HttpServletRequest,java.lang.String,int)
2018-11-08 23:25:40,238 INFO  o.s.w.s.m.m.a.RequestMappingHandlerMapping[543] - Mapped "{[/category/{keyword}/{page}],methods=[GET]}" onto public java.lang.String springboot.controller.home.IndexController.categories(javax.servlet.http.HttpServletRequest,java.lang.String,int,int)
2018-11-08 23:25:40,238 INFO  o.s.w.s.m.m.a.RequestMappingHandlerMapping[543] - Mapped "{[/category/{keyword}],methods=[GET]}" onto public java.lang.String springboot.controller.home.IndexController.categories(javax.servlet.http.HttpServletRequest,java.lang.String,int)
2018-11-08 23:25:40,238 INFO  o.s.w.s.m.m.a.RequestMappingHandlerMapping[543] - Mapped "{[/logout]}" onto public void springboot.controller.home.IndexController.logout(javax.servlet.http.HttpSession,javax.servlet.http.HttpServletResponse)
2018-11-08 23:25:40,238 INFO  o.s.w.s.m.m.a.RequestMappingHandlerMapping[543] - Mapped "{[/links],methods=[GET]}" onto public java.lang.String springboot.controller.home.IndexController.links(javax.servlet.http.HttpServletRequest)
2018-11-08 23:25:40,238 INFO  o.s.w.s.m.m.a.RequestMappingHandlerMapping[543] - Mapped "{[/pooruser/{uid} || /pooruser/{uid}.html],methods=[GET]}" onto public java.lang.String springboot.controller.home.IndexController.getPoorUser(javax.servlet.http.HttpServletRequest,java.lang.String)
2018-11-08 23:25:40,238 INFO  o.s.w.s.m.m.a.RequestMappingHandlerMapping[543] - Mapped "{[/article/{cid} || /article/{cid}.html],methods=[GET]}" onto public java.lang.String springboot.controller.home.IndexController.getArticle(javax.servlet.http.HttpServletRequest,java.lang.String)
2018-11-08 23:25:40,238 INFO  o.s.w.s.m.m.a.RequestMappingHandlerMapping[543] - Mapped "{[/pooruser/{uid}/preview || /pooruser/{uid}.html],methods=[GET]}" onto public java.lang.String springboot.controller.home.IndexController.poorUserPreview(javax.servlet.http.HttpServletRequest,java.lang.String)
2018-11-08 23:25:40,238 INFO  o.s.w.s.m.m.a.RequestMappingHandlerMapping[543] - Mapped "{[/article/{cid}/preview || /article/{cid}.html],methods=[GET]}" onto public java.lang.String springboot.controller.home.IndexController.articlePreview(javax.servlet.http.HttpServletRequest,java.lang.String)
2018-11-08 23:25:40,238 INFO  o.s.w.s.m.m.a.RequestMappingHandlerMapping[543] - Mapped "{[/archives],methods=[GET]}" onto public java.lang.String springboot.controller.home.IndexController.archives(javax.servlet.http.HttpServletRequest)
2018-11-08 23:25:40,238 INFO  o.s.w.s.m.m.a.RequestMappingHandlerMapping[543] - Mapped "{[/comm/ipban],methods=[GET]}" onto public java.lang.String springboot.controller.home.IndexController.ipBan(javax.servlet.http.HttpServletRequest)
2018-11-08 23:25:40,238 INFO  o.s.w.s.m.m.a.RequestMappingHandlerMapping[543] - Mapped "{[/{pagename}],methods=[GET]}" onto public java.lang.String springboot.controller.home.IndexController.page(java.lang.String,javax.servlet.http.HttpServletRequest)
2018-11-08 23:25:40,253 INFO  o.s.w.s.m.m.a.RequestMappingHandlerMapping[543] - Mapped "{[/error]}" onto public org.springframework.http.ResponseEntity<java.util.Map<java.lang.String, java.lang.Object>> org.springframework.boot.autoconfigure.web.BasicErrorController.error(javax.servlet.http.HttpServletRequest)
2018-11-08 23:25:40,253 INFO  o.s.w.s.m.m.a.RequestMappingHandlerMapping[543] - Mapped "{[/error],produces=[text/html]}" onto public org.springframework.web.servlet.ModelAndView org.springframework.boot.autoconfigure.web.BasicErrorController.errorHtml(javax.servlet.http.HttpServletRequest,javax.servlet.http.HttpServletResponse)
2018-11-08 23:25:40,316 INFO  o.s.w.s.h.SimpleUrlHandlerMapping[354] - Mapped URL path [/upload/**] onto handler of type [class org.springframework.web.servlet.resource.ResourceHttpRequestHandler]
2018-11-08 23:25:40,316 INFO  o.s.w.s.h.SimpleUrlHandlerMapping[354] - Mapped URL path [/webjars/**] onto handler of type [class org.springframework.web.servlet.resource.ResourceHttpRequestHandler]
2018-11-08 23:25:40,316 INFO  o.s.w.s.h.SimpleUrlHandlerMapping[354] - Mapped URL path [/**] onto handler of type [class org.springframework.web.servlet.resource.ResourceHttpRequestHandler]
2018-11-08 23:25:40,425 INFO  o.s.w.s.m.m.a.ExceptionHandlerExceptionResolver[273] - Detected @ExceptionHandler methods in globalExceptionHandler
2018-11-08 23:25:40,456 INFO  o.s.w.s.h.SimpleUrlHandlerMapping[354] - Mapped URL path [/**/favicon.ico] onto handler of type [class org.springframework.web.servlet.resource.ResourceHttpRequestHandler]
2018-11-08 23:25:41,602 INFO  o.s.b.d.a.OptionalLiveReloadServer[58] - LiveReload server is running on port 35729
2018-11-08 23:25:41,783 INFO  o.s.j.e.a.AnnotationMBeanExporter[431] - Registering beans for JMX exposure on startup
2018-11-08 23:25:41,783 INFO  o.s.j.e.a.AnnotationMBeanExporter[916] - Bean with name 'dataSource' has been autodetected for JMX exposure
2018-11-08 23:25:41,783 INFO  o.s.j.e.a.AnnotationMBeanExporter[671] - Located MBean 'dataSource': registering with JMX server as MBean [com.alibaba.druid.pool:name=dataSource,type=DruidDataSource]
2018-11-08 23:25:41,829 INFO  o.s.s.a.ScheduledAnnotationBeanPostProcessor[260] - No TaskScheduler/ScheduledExecutorService bean found for scheduled processing
2018-11-08 23:25:41,845 INFO  o.a.coyote.http11.Http11NioProtocol[179] - Initializing ProtocolHandler ["http-nio-80"]
2018-11-08 23:25:41,892 INFO  o.a.coyote.http11.Http11NioProtocol[179] - Starting ProtocolHandler [http-nio-80]
2018-11-08 23:25:41,907 INFO  o.a.tomcat.util.net.NioSelectorPool[179] - Using a shared selector for servlet write/read
2018-11-08 23:25:41,970 INFO  o.s.b.c.e.t.TomcatEmbeddedServletContainer[192] - Tomcat started on port(s): 80 (http)
2018-11-08 23:25:42,001 INFO  springboot.StartApplication[57] - Started StartApplication in 14.232 seconds (JVM running for 21.348)
2018-11-08 23:25:43,900 INFO  c.alibaba.druid.pool.DruidDataSource[721] - {dataSource-1} inited
2018-11-08 23:26:16,066 INFO  o.a.c.c.C.[Tomcat].[localhost].[/][179] - Initializing Spring FrameworkServlet 'dispatcherServlet'
2018-11-08 23:26:16,066 INFO  o.s.web.servlet.DispatcherServlet[489] - FrameworkServlet 'dispatcherServlet': initialization started
2018-11-08 23:26:16,116 INFO  o.s.web.servlet.DispatcherServlet[508] - FrameworkServlet 'dispatcherServlet': initialization completed in 50 ms
2018-11-08 23:26:16,167 INFO  s.interceptor.BaseInterceptor[43] - UserAgent: Mozilla/5.0 (Windows NT 6.1; WOW64) AppleWebKit/537.36 (KHTML, like Gecko) Chrome/65.0.3325.181 Safari/537.36
2018-11-08 23:26:16,167 INFO  s.interceptor.BaseInterceptor[44] - 用户访问地址: /admin, 来路地址: 0:0:0:0:0:0:0:1
2018-11-08 23:26:16,196 INFO  s.interceptor.BaseInterceptor[43] - UserAgent: Mozilla/5.0 (Windows NT 6.1; WOW64) AppleWebKit/537.36 (KHTML, like Gecko) Chrome/65.0.3325.181 Safari/537.36
2018-11-08 23:26:16,196 INFO  s.interceptor.BaseInterceptor[44] - 用户访问地址: /admin/login, 来路地址: 0:0:0:0:0:0:0:1
2018-11-08 23:26:16,268 INFO  springboot.util.LogAspect[36] - URL : http://localhost/admin/login,IP : 0:0:0:0:0:0:0:1,CLASS_METHOD : springboot.controller.admin.AuthController.login,ARGS : []
2018-11-08 23:26:16,276 INFO  springboot.util.LogAspect[42] - RESPONSE:admin/login
2018-11-08 23:27:40,893 INFO  o.s.b.c.e.AnnotationConfigEmbeddedWebApplicationContext[987] - Closing org.springframework.boot.context.embedded.AnnotationConfigEmbeddedWebApplicationContext@5d9ab22: startup date [Thu Nov 08 23:25:30 CST 2018]; root of context hierarchy
2018-11-08 23:27:40,896 INFO  o.s.j.e.a.AnnotationMBeanExporter[449] - Unregistering JMX-exposed beans on shutdown
2018-11-08 23:27:40,897 INFO  o.s.j.e.a.AnnotationMBeanExporter[241] - Unregistering JMX-exposed beans
2018-11-08 23:27:40,921 INFO  c.alibaba.druid.pool.DruidDataSource[1436] - {dataSource-1} closed
2018-11-08 23:27:42,658 INFO  springboot.StartApplication[48] - Starting StartApplication on CHINA-20180913J with PID 5212 (D:\java\codePackage\blog\blog\target\classes started by Administrator in D:\java\codePackage\blog\blog)
2018-11-08 23:27:42,658 INFO  springboot.StartApplication[641] - The following profiles are active: jdbc,log,redis,mail
2018-11-08 23:27:42,678 INFO  o.s.b.c.e.AnnotationConfigEmbeddedWebApplicationContext[582] - Refreshing org.springframework.boot.context.embedded.AnnotationConfigEmbeddedWebApplicationContext@5fa6a935: startup date [Thu Nov 08 23:27:42 CST 2018]; root of context hierarchy
2018-11-08 23:27:44,224 INFO  o.s.d.r.c.RepositoryConfigurationDelegate[165] - Multiple Spring Data modules found, entering strict repository configuration mode!
2018-11-08 23:27:44,663 INFO  o.s.c.s.PostProcessorRegistrationDelegate$BeanPostProcessorChecker[325] - Bean 'org.springframework.boot.autoconfigure.validation.ValidationAutoConfiguration' of type [class org.springframework.boot.autoconfigure.validation.ValidationAutoConfiguration] is not eligible for getting processed by all BeanPostProcessors (for example: not eligible for auto-proxying)
2018-11-08 23:27:44,692 INFO  o.s.c.s.PostProcessorRegistrationDelegate$BeanPostProcessorChecker[325] - Bean 'validator' of type [class org.springframework.validation.beanvalidation.LocalValidatorFactoryBean] is not eligible for getting processed by all BeanPostProcessors (for example: not eligible for auto-proxying)
2018-11-08 23:27:44,729 INFO  o.s.c.s.PostProcessorRegistrationDelegate$BeanPostProcessorChecker[325] - Bean 'org.springframework.transaction.annotation.ProxyTransactionManagementConfiguration' of type [class org.springframework.transaction.annotation.ProxyTransactionManagementConfiguration$$EnhancerBySpringCGLIB$$91038ec1] is not eligible for getting processed by all BeanPostProcessors (for example: not eligible for auto-proxying)
2018-11-08 23:27:44,792 INFO  o.s.c.s.PostProcessorRegistrationDelegate$BeanPostProcessorChecker[325] - Bean 'redisConfig' of type [class springboot.config.RedisConfig$$EnhancerBySpringCGLIB$$1aeb49c6] is not eligible for getting processed by all BeanPostProcessors (for example: not eligible for auto-proxying)
2018-11-08 23:27:44,808 INFO  o.s.c.s.PostProcessorRegistrationDelegate$BeanPostProcessorChecker[325] - Bean 'org.springframework.cache.annotation.ProxyCachingConfiguration' of type [class org.springframework.cache.annotation.ProxyCachingConfiguration$$EnhancerBySpringCGLIB$$da15c4df] is not eligible for getting processed by all BeanPostProcessors (for example: not eligible for auto-proxying)
2018-11-08 23:27:45,193 INFO  o.s.b.c.e.t.TomcatEmbeddedServletContainer[89] - Tomcat initialized with port(s): 80 (http)
2018-11-08 23:27:45,194 INFO  o.a.catalina.core.StandardService[179] - Starting service Tomcat
2018-11-08 23:27:45,195 INFO  o.a.catalina.core.StandardEngine[179] - Starting Servlet Engine: Apache Tomcat/8.5.11
2018-11-08 23:27:45,264 INFO  o.a.c.c.C.[Tomcat].[localhost].[/][179] - Initializing Spring embedded WebApplicationContext
2018-11-08 23:27:45,266 INFO  o.s.web.context.ContextLoader[276] - Root WebApplicationContext: initialization completed in 2589 ms
2018-11-08 23:27:45,419 INFO  o.s.b.w.s.ServletRegistrationBean[190] - Mapping servlet: 'dispatcherServlet' to [/]
2018-11-08 23:27:45,420 INFO  o.s.b.w.s.FilterRegistrationBean[258] - Mapping filter: 'characterEncodingFilter' to: [/*]
2018-11-08 23:27:45,420 INFO  o.s.b.w.s.FilterRegistrationBean[258] - Mapping filter: 'hiddenHttpMethodFilter' to: [/*]
2018-11-08 23:27:45,421 INFO  o.s.b.w.s.FilterRegistrationBean[258] - Mapping filter: 'httpPutFormContentFilter' to: [/*]
2018-11-08 23:27:45,423 INFO  o.s.b.w.s.FilterRegistrationBean[258] - Mapping filter: 'requestContextFilter' to: [/*]
2018-11-08 23:27:48,429 INFO  o.s.w.s.m.m.a.RequestMappingHandlerAdapter[534] - Looking for @ControllerAdvice: org.springframework.boot.context.embedded.AnnotationConfigEmbeddedWebApplicationContext@5fa6a935: startup date [Thu Nov 08 23:27:42 CST 2018]; root of context hierarchy
2018-11-08 23:27:48,482 INFO  o.s.w.s.m.m.a.RequestMappingHandlerMapping[543] - Mapped "{[/admin/article],methods=[GET]}" onto public java.lang.String springboot.controller.admin.ArticleController.index(int,int,javax.servlet.http.HttpServletRequest)
2018-11-08 23:27:48,482 INFO  o.s.w.s.m.m.a.RequestMappingHandlerMapping[543] - Mapped "{[/admin/article/delete]}" onto public springboot.modal.bo.RestResponseBo springboot.controller.admin.ArticleController.delete(int,javax.servlet.http.HttpServletRequest)
2018-11-08 23:27:48,483 INFO  o.s.w.s.m.m.a.RequestMappingHandlerMapping[543] - Mapped "{[/admin/article/publish],methods=[GET]}" onto public java.lang.String springboot.controller.admin.ArticleController.newArticle(javax.servlet.http.HttpServletRequest)
2018-11-08 23:27:48,483 INFO  o.s.w.s.m.m.a.RequestMappingHandlerMapping[543] - Mapped "{[/admin/article/{cid}],methods=[GET]}" onto public java.lang.String springboot.controller.admin.ArticleController.editArticle(java.lang.String,javax.servlet.http.HttpServletRequest)
2018-11-08 23:27:48,484 INFO  o.s.w.s.m.m.a.RequestMappingHandlerMapping[543] - Mapped "{[/admin/article/publish],methods=[POST]}" onto public springboot.modal.bo.RestResponseBo springboot.controller.admin.ArticleController.publishArticle(springboot.modal.vo.ContentVo,javax.servlet.http.HttpServletRequest)
2018-11-08 23:27:48,484 INFO  o.s.w.s.m.m.a.RequestMappingHandlerMapping[543] - Mapped "{[/admin/article/modify],methods=[POST]}" onto public springboot.modal.bo.RestResponseBo springboot.controller.admin.ArticleController.modifyArticle(springboot.modal.vo.ContentVo,javax.servlet.http.HttpServletRequest)
2018-11-08 23:27:48,485 INFO  o.s.w.s.m.m.a.RequestMappingHandlerMapping[543] - Mapped "{[/admin/attach],methods=[GET]}" onto public java.lang.String springboot.controller.admin.AttachController.index(javax.servlet.http.HttpServletRequest,int,int)
2018-11-08 23:27:48,485 INFO  o.s.w.s.m.m.a.RequestMappingHandlerMapping[543] - Mapped "{[/admin/attach/delete]}" onto public springboot.modal.bo.RestResponseBo springboot.controller.admin.AttachController.delete(java.lang.Integer,javax.servlet.http.HttpServletRequest)
2018-11-08 23:27:48,486 INFO  o.s.w.s.m.m.a.RequestMappingHandlerMapping[543] - Mapped "{[/admin/attach/upload],methods=[POST]}" onto public springboot.modal.bo.RestResponseBo springboot.controller.admin.AttachController.upload(javax.servlet.http.HttpServletRequest,org.springframework.web.multipart.MultipartFile[]) throws java.io.IOException
2018-11-08 23:27:48,491 INFO  o.s.w.s.m.m.a.RequestMappingHandlerMapping[543] - Mapped "{[/admin/login],methods=[GET]}" onto public java.lang.String springboot.controller.admin.AuthController.login()
2018-11-08 23:27:48,492 INFO  o.s.w.s.m.m.a.RequestMappingHandlerMapping[543] - Mapped "{[/admin/logout]}" onto public void springboot.controller.admin.AuthController.logout(javax.servlet.http.HttpSession,javax.servlet.http.HttpServletResponse,javax.servlet.http.HttpServletRequest)
2018-11-08 23:27:48,493 INFO  o.s.w.s.m.m.a.RequestMappingHandlerMapping[543] - Mapped "{[/admin/login],methods=[POST]}" onto public springboot.modal.bo.RestResponseBo springboot.controller.admin.AuthController.doLogin(java.lang.String,java.lang.String,javax.servlet.http.HttpServletRequest,javax.servlet.http.HttpServletResponse)
2018-11-08 23:27:48,498 INFO  o.s.w.s.m.m.a.RequestMappingHandlerMapping[543] - Mapped "{[/admin/pooruser],methods=[GET]}" onto public java.lang.String springboot.controller.admin.BlogUserController.index(int,int,javax.servlet.http.HttpServletRequest)
2018-11-08 23:27:48,499 INFO  o.s.w.s.m.m.a.RequestMappingHandlerMapping[543] - Mapped "{[/admin/pooruser/delete]}" onto public springboot.modal.bo.RestResponseBo springboot.controller.admin.BlogUserController.delete(int,javax.servlet.http.HttpServletRequest)
2018-11-08 23:27:48,499 INFO  o.s.w.s.m.m.a.RequestMappingHandlerMapping[543] - Mapped "{[/admin/pooruser/modify],methods=[POST]}" onto public springboot.modal.bo.RestResponseBo springboot.controller.admin.BlogUserController.modifyArticle(springboot.modal.vo.BlogUserVo,javax.servlet.http.HttpServletRequest)
2018-11-08 23:27:48,499 INFO  o.s.w.s.m.m.a.RequestMappingHandlerMapping[543] - Mapped "{[/admin/pooruser/publish],methods=[POST]}" onto public springboot.modal.bo.RestResponseBo springboot.controller.admin.BlogUserController.publishPage(springboot.modal.vo.BlogUserVo,javax.servlet.http.HttpServletRequest)
2018-11-08 23:27:48,500 INFO  o.s.w.s.m.m.a.RequestMappingHandlerMapping[543] - Mapped "{[/admin/pooruser/new],methods=[GET]}" onto public java.lang.String springboot.controller.admin.BlogUserController.newPage(javax.servlet.http.HttpServletRequest)
2018-11-08 23:27:48,500 INFO  o.s.w.s.m.m.a.RequestMappingHandlerMapping[543] - Mapped "{[/admin/pooruser/{uid}],methods=[GET]}" onto public java.lang.String springboot.controller.admin.BlogUserController.editPage(java.lang.String,javax.servlet.http.HttpServletRequest)
2018-11-08 23:27:48,501 INFO  o.s.w.s.m.m.a.RequestMappingHandlerMapping[543] - Mapped "{[/admin/category],methods=[GET]}" onto public java.lang.String springboot.controller.admin.CategoryController.index(javax.servlet.http.HttpServletRequest)
2018-11-08 23:27:48,501 INFO  o.s.w.s.m.m.a.RequestMappingHandlerMapping[543] - Mapped "{[/admin/category/delete]}" onto public springboot.modal.bo.RestResponseBo springboot.controller.admin.CategoryController.delete(int)
2018-11-08 23:27:48,502 INFO  o.s.w.s.m.m.a.RequestMappingHandlerMapping[543] - Mapped "{[/admin/category/save],methods=[POST]}" onto public springboot.modal.bo.RestResponseBo springboot.controller.admin.CategoryController.saveCategory(java.lang.String,java.lang.Integer)
2018-11-08 23:27:48,504 INFO  o.s.w.s.m.m.a.RequestMappingHandlerMapping[543] - Mapped "{[/admin/comments],methods=[GET]}" onto public java.lang.String springboot.controller.admin.CommentController.index(int,int,javax.servlet.http.HttpServletRequest)
2018-11-08 23:27:48,507 INFO  o.s.w.s.m.m.a.RequestMappingHandlerMapping[543] - Mapped "{[/admin/comments/delete],methods=[POST]}" onto public springboot.modal.bo.RestResponseBo springboot.controller.admin.CommentController.delete(java.lang.Integer)
2018-11-08 23:27:48,508 INFO  o.s.w.s.m.m.a.RequestMappingHandlerMapping[543] - Mapped "{[/admin/comments/status],methods=[POST]}" onto public springboot.modal.bo.RestResponseBo springboot.controller.admin.CommentController.updateStatus(java.lang.Integer,java.lang.String)
2018-11-08 23:27:48,508 INFO  o.s.w.s.m.m.a.RequestMappingHandlerMapping[543] - Mapped "{[/admin/comments],methods=[POST]}" onto public springboot.modal.bo.RestResponseBo springboot.controller.admin.CommentController.reply(java.lang.Integer,java.lang.String,javax.servlet.http.HttpServletRequest)
2018-11-08 23:27:48,511 INFO  o.s.w.s.m.m.a.RequestMappingHandlerMapping[543] - Mapped "{[/admin || /admin/index],methods=[GET]}" onto public java.lang.String springboot.controller.admin.IndexController.index(javax.servlet.http.HttpServletRequest)
2018-11-08 23:27:48,512 INFO  o.s.w.s.m.m.a.RequestMappingHandlerMapping[543] - Mapped "{[/admin/profile],methods=[GET]}" onto public java.lang.String springboot.controller.admin.IndexController.profile()
2018-11-08 23:27:48,512 INFO  o.s.w.s.m.m.a.RequestMappingHandlerMapping[543] - Mapped "{[/admin/logout],methods=[GET]}" onto public java.lang.String springboot.controller.admin.IndexController.logout()
2018-11-08 23:27:48,513 INFO  o.s.w.s.m.m.a.RequestMappingHandlerMapping[543] - Mapped "{[/admin/profile],methods=[POST]}" onto public springboot.modal.bo.RestResponseBo springboot.controller.admin.IndexController.saveProfile(java.lang.String,java.lang.String,javax.servlet.http.HttpServletRequest,javax.servlet.http.HttpSession)
2018-11-08 23:27:48,514 INFO  o.s.w.s.m.m.a.RequestMappingHandlerMapping[543] - Mapped "{[/admin/password],methods=[POST]}" onto public springboot.modal.bo.RestResponseBo springboot.controller.admin.IndexController.updatePwd(java.lang.String,java.lang.String,javax.servlet.http.HttpServletRequest,javax.servlet.http.HttpSession)
2018-11-08 23:27:48,522 INFO  o.s.w.s.m.m.a.RequestMappingHandlerMapping[543] - Mapped "{[/admin/links],methods=[GET]}" onto public java.lang.String springboot.controller.admin.LinkController.index(javax.servlet.http.HttpServletRequest)
2018-11-08 23:27:48,523 INFO  o.s.w.s.m.m.a.RequestMappingHandlerMapping[543] - Mapped "{[/admin/links/delete]}" onto public springboot.modal.bo.RestResponseBo springboot.controller.admin.LinkController.delete(int)
2018-11-08 23:27:48,524 INFO  o.s.w.s.m.m.a.RequestMappingHandlerMapping[543] - Mapped "{[/admin/links/save],methods=[POST]}" onto public springboot.modal.bo.RestResponseBo springboot.controller.admin.LinkController.saveLink(java.lang.String,java.lang.String,java.lang.String,java.lang.Integer,int)
2018-11-08 23:27:48,530 INFO  o.s.w.s.m.m.a.RequestMappingHandlerMapping[543] - Mapped "{[/admin/page],methods=[GET]}" onto public java.lang.String springboot.controller.admin.PageController.index(javax.servlet.http.HttpServletRequest)
2018-11-08 23:27:48,531 INFO  o.s.w.s.m.m.a.RequestMappingHandlerMapping[543] - Mapped "{[/admin/page/delete]}" onto public springboot.modal.bo.RestResponseBo springboot.controller.admin.PageController.delete(int,javax.servlet.http.HttpServletRequest)
2018-11-08 23:27:48,534 INFO  o.s.w.s.m.m.a.RequestMappingHandlerMapping[543] - Mapped "{[/admin/page/modify],methods=[POST]}" onto public springboot.modal.bo.RestResponseBo springboot.controller.admin.PageController.modifyArticle(java.lang.Integer,java.lang.String,java.lang.String,java.lang.String,java.lang.String,java.lang.Integer,java.lang.Integer,javax.servlet.http.HttpServletRequest)
2018-11-08 23:27:48,536 INFO  o.s.w.s.m.m.a.RequestMappingHandlerMapping[543] - Mapped "{[/admin/page/publish],methods=[POST]}" onto public springboot.modal.bo.RestResponseBo springboot.controller.admin.PageController.publishPage(java.lang.String,java.lang.String,java.lang.String,java.lang.String,java.lang.Integer,java.lang.Integer,javax.servlet.http.HttpServletRequest)
2018-11-08 23:27:48,538 INFO  o.s.w.s.m.m.a.RequestMappingHandlerMapping[543] - Mapped "{[/admin/page/new],methods=[GET]}" onto public java.lang.String springboot.controller.admin.PageController.newPage(javax.servlet.http.HttpServletRequest)
2018-11-08 23:27:48,540 INFO  o.s.w.s.m.m.a.RequestMappingHandlerMapping[543] - Mapped "{[/admin/page/{cid}],methods=[GET]}" onto public java.lang.String springboot.controller.admin.PageController.editPage(java.lang.String,javax.servlet.http.HttpServletRequest)
2018-11-08 23:27:48,546 INFO  o.s.w.s.m.m.a.RequestMappingHandlerMapping[543] - Mapped "{[/admin/setting],methods=[GET]}" onto public java.lang.String springboot.controller.admin.SettingController.index(javax.servlet.http.HttpServletRequest)
2018-11-08 23:27:48,546 INFO  o.s.w.s.m.m.a.RequestMappingHandlerMapping[543] - Mapped "{[/admin/setting/advanced],methods=[POST]}" onto public springboot.modal.bo.RestResponseBo springboot.controller.admin.SettingController.doAdvanced(java.lang.String,java.lang.String)
2018-11-08 23:27:48,547 INFO  o.s.w.s.m.m.a.RequestMappingHandlerMapping[543] - Mapped "{[/admin/setting],methods=[POST]}" onto public springboot.modal.bo.RestResponseBo springboot.controller.admin.SettingController.saveSetting(java.lang.String,javax.servlet.http.HttpServletRequest)
2018-11-08 23:27:48,548 INFO  o.s.w.s.m.m.a.RequestMappingHandlerMapping[543] - Mapped "{[/admin/setting/backup],methods=[POST]}" onto public springboot.modal.bo.RestResponseBo springboot.controller.admin.SettingController.backup(java.lang.String,java.lang.String,javax.servlet.http.HttpServletRequest)
2018-11-08 23:27:48,552 INFO  o.s.w.s.m.m.a.RequestMappingHandlerMapping[543] - Mapped "{[/page/{p}],methods=[GET]}" onto public java.lang.String springboot.controller.home.IndexController.index(javax.servlet.http.HttpServletRequest,int,int)
2018-11-08 23:27:48,553 INFO  o.s.w.s.m.m.a.RequestMappingHandlerMapping[543] - Mapped "{[/],methods=[GET]}" onto private java.lang.String springboot.controller.home.IndexController.index(javax.servlet.http.HttpServletRequest,int)
2018-11-08 23:27:48,553 INFO  o.s.w.s.m.m.a.RequestMappingHandlerMapping[543] - Mapped "{[/search/{keyword}/{page}],methods=[GET]}" onto public java.lang.String springboot.controller.home.IndexController.search(javax.servlet.http.HttpServletRequest,java.lang.String,int,int)
2018-11-08 23:27:48,555 INFO  o.s.w.s.m.m.a.RequestMappingHandlerMapping[543] - Mapped "{[/search/{keyword}],methods=[GET]}" onto public java.lang.String springboot.controller.home.IndexController.search(javax.servlet.http.HttpServletRequest,java.lang.String,int)
2018-11-08 23:27:48,558 INFO  o.s.w.s.m.m.a.RequestMappingHandlerMapping[543] - Mapped "{[/comment],methods=[POST]}" onto public springboot.modal.bo.RestResponseBo springboot.controller.home.IndexController.comment(javax.servlet.http.HttpServletRequest,javax.servlet.http.HttpServletResponse,java.lang.Integer,java.lang.Integer,java.lang.String,java.lang.String,java.lang.String,java.lang.String,java.lang.String)
2018-11-08 23:27:48,559 INFO  o.s.w.s.m.m.a.RequestMappingHandlerMapping[543] - Mapped "{[/tag/{name}/{page}],methods=[GET]}" onto public java.lang.String springboot.controller.home.IndexController.tags(javax.servlet.http.HttpServletRequest,java.lang.String,int,int)
2018-11-08 23:27:48,560 INFO  o.s.w.s.m.m.a.RequestMappingHandlerMapping[543] - Mapped "{[/tag/{name}],methods=[GET]}" onto public java.lang.String springboot.controller.home.IndexController.tags(javax.servlet.http.HttpServletRequest,java.lang.String,int)
2018-11-08 23:27:48,562 INFO  o.s.w.s.m.m.a.RequestMappingHandlerMapping[543] - Mapped "{[/category/{keyword}/{page}],methods=[GET]}" onto public java.lang.String springboot.controller.home.IndexController.categories(javax.servlet.http.HttpServletRequest,java.lang.String,int,int)
2018-11-08 23:27:48,563 INFO  o.s.w.s.m.m.a.RequestMappingHandlerMapping[543] - Mapped "{[/category/{keyword}],methods=[GET]}" onto public java.lang.String springboot.controller.home.IndexController.categories(javax.servlet.http.HttpServletRequest,java.lang.String,int)
2018-11-08 23:27:48,565 INFO  o.s.w.s.m.m.a.RequestMappingHandlerMapping[543] - Mapped "{[/logout]}" onto public void springboot.controller.home.IndexController.logout(javax.servlet.http.HttpSession,javax.servlet.http.HttpServletResponse)
2018-11-08 23:27:48,565 INFO  o.s.w.s.m.m.a.RequestMappingHandlerMapping[543] - Mapped "{[/links],methods=[GET]}" onto public java.lang.String springboot.controller.home.IndexController.links(javax.servlet.http.HttpServletRequest)
2018-11-08 23:27:48,565 INFO  o.s.w.s.m.m.a.RequestMappingHandlerMapping[543] - Mapped "{[/pooruser/{uid} || /pooruser/{uid}.html],methods=[GET]}" onto public java.lang.String springboot.controller.home.IndexController.getPoorUser(javax.servlet.http.HttpServletRequest,java.lang.String)
2018-11-08 23:27:48,566 INFO  o.s.w.s.m.m.a.RequestMappingHandlerMapping[543] - Mapped "{[/article/{cid} || /article/{cid}.html],methods=[GET]}" onto public java.lang.String springboot.controller.home.IndexController.getArticle(javax.servlet.http.HttpServletRequest,java.lang.String)
2018-11-08 23:27:48,567 INFO  o.s.w.s.m.m.a.RequestMappingHandlerMapping[543] - Mapped "{[/pooruser/{uid}/preview || /pooruser/{uid}.html],methods=[GET]}" onto public java.lang.String springboot.controller.home.IndexController.poorUserPreview(javax.servlet.http.HttpServletRequest,java.lang.String)
2018-11-08 23:27:48,567 INFO  o.s.w.s.m.m.a.RequestMappingHandlerMapping[543] - Mapped "{[/article/{cid}/preview || /article/{cid}.html],methods=[GET]}" onto public java.lang.String springboot.controller.home.IndexController.articlePreview(javax.servlet.http.HttpServletRequest,java.lang.String)
2018-11-08 23:27:48,567 INFO  o.s.w.s.m.m.a.RequestMappingHandlerMapping[543] - Mapped "{[/archives],methods=[GET]}" onto public java.lang.String springboot.controller.home.IndexController.archives(javax.servlet.http.HttpServletRequest)
2018-11-08 23:27:48,568 INFO  o.s.w.s.m.m.a.RequestMappingHandlerMapping[543] - Mapped "{[/comm/ipban],methods=[GET]}" onto public java.lang.String springboot.controller.home.IndexController.ipBan(javax.servlet.http.HttpServletRequest)
2018-11-08 23:27:48,568 INFO  o.s.w.s.m.m.a.RequestMappingHandlerMapping[543] - Mapped "{[/{pagename}],methods=[GET]}" onto public java.lang.String springboot.controller.home.IndexController.page(java.lang.String,javax.servlet.http.HttpServletRequest)
2018-11-08 23:27:48,575 INFO  o.s.w.s.m.m.a.RequestMappingHandlerMapping[543] - Mapped "{[/error]}" onto public org.springframework.http.ResponseEntity<java.util.Map<java.lang.String, java.lang.Object>> org.springframework.boot.autoconfigure.web.BasicErrorController.error(javax.servlet.http.HttpServletRequest)
2018-11-08 23:27:48,576 INFO  o.s.w.s.m.m.a.RequestMappingHandlerMapping[543] - Mapped "{[/error],produces=[text/html]}" onto public org.springframework.web.servlet.ModelAndView org.springframework.boot.autoconfigure.web.BasicErrorController.errorHtml(javax.servlet.http.HttpServletRequest,javax.servlet.http.HttpServletResponse)
2018-11-08 23:27:48,642 INFO  o.s.w.s.h.SimpleUrlHandlerMapping[354] - Mapped URL path [/upload/**] onto handler of type [class org.springframework.web.servlet.resource.ResourceHttpRequestHandler]
2018-11-08 23:27:48,642 INFO  o.s.w.s.h.SimpleUrlHandlerMapping[354] - Mapped URL path [/webjars/**] onto handler of type [class org.springframework.web.servlet.resource.ResourceHttpRequestHandler]
2018-11-08 23:27:48,642 INFO  o.s.w.s.h.SimpleUrlHandlerMapping[354] - Mapped URL path [/**] onto handler of type [class org.springframework.web.servlet.resource.ResourceHttpRequestHandler]
2018-11-08 23:27:48,685 INFO  o.s.w.s.m.m.a.ExceptionHandlerExceptionResolver[273] - Detected @ExceptionHandler methods in globalExceptionHandler
2018-11-08 23:27:48,736 INFO  o.s.w.s.h.SimpleUrlHandlerMapping[354] - Mapped URL path [/**/favicon.ico] onto handler of type [class org.springframework.web.servlet.resource.ResourceHttpRequestHandler]
2018-11-08 23:27:49,431 INFO  o.s.b.d.a.OptionalLiveReloadServer[58] - LiveReload server is running on port 35729
2018-11-08 23:27:49,718 INFO  o.s.j.e.a.AnnotationMBeanExporter[431] - Registering beans for JMX exposure on startup
2018-11-08 23:27:49,719 INFO  o.s.j.e.a.AnnotationMBeanExporter[916] - Bean with name 'dataSource' has been autodetected for JMX exposure
2018-11-08 23:27:49,727 INFO  o.s.j.e.a.AnnotationMBeanExporter[671] - Located MBean 'dataSource': registering with JMX server as MBean [com.alibaba.druid.pool:name=dataSource,type=DruidDataSource]
2018-11-08 23:27:49,736 INFO  o.s.s.a.ScheduledAnnotationBeanPostProcessor[260] - No TaskScheduler/ScheduledExecutorService bean found for scheduled processing
2018-11-08 23:27:49,738 INFO  o.a.coyote.http11.Http11NioProtocol[179] - Initializing ProtocolHandler ["http-nio-80"]
2018-11-08 23:27:49,739 INFO  o.a.coyote.http11.Http11NioProtocol[179] - Starting ProtocolHandler [http-nio-80]
2018-11-08 23:27:49,743 INFO  o.a.tomcat.util.net.NioSelectorPool[179] - Using a shared selector for servlet write/read
2018-11-08 23:27:49,750 INFO  o.s.b.c.e.t.TomcatEmbeddedServletContainer[192] - Tomcat started on port(s): 80 (http)
2018-11-08 23:27:49,753 INFO  springboot.StartApplication[57] - Started StartApplication in 7.623 seconds (JVM running for 149.091)
2018-11-08 23:27:50,498 INFO  c.alibaba.druid.pool.DruidDataSource[721] - {dataSource-2} inited
2018-11-08 23:27:56,703 INFO  o.a.c.c.C.[Tomcat].[localhost].[/][179] - Initializing Spring FrameworkServlet 'dispatcherServlet'
2018-11-08 23:27:56,704 INFO  o.s.web.servlet.DispatcherServlet[489] - FrameworkServlet 'dispatcherServlet': initialization started
2018-11-08 23:27:56,719 INFO  o.s.web.servlet.DispatcherServlet[508] - FrameworkServlet 'dispatcherServlet': initialization completed in 15 ms
2018-11-08 23:27:56,722 INFO  s.interceptor.BaseInterceptor[43] - UserAgent: Mozilla/5.0 (Windows NT 6.1; WOW64) AppleWebKit/537.36 (KHTML, like Gecko) Chrome/65.0.3325.181 Safari/537.36
2018-11-08 23:27:56,723 INFO  s.interceptor.BaseInterceptor[44] - 用户访问地址: /admin/login, 来路地址: 0:0:0:0:0:0:0:1
2018-11-08 23:27:56,731 INFO  springboot.util.LogAspect[36] - URL : http://localhost/admin/login,IP : 0:0:0:0:0:0:0:1,CLASS_METHOD : springboot.controller.admin.AuthController.login,ARGS : []
2018-11-08 23:27:56,744 INFO  springboot.util.LogAspect[42] - RESPONSE:admin/login
2018-11-08 23:28:00,102 INFO  s.interceptor.BaseInterceptor[43] - UserAgent: Mozilla/5.0 (Windows NT 6.1; WOW64) AppleWebKit/537.36 (KHTML, like Gecko) Chrome/65.0.3325.181 Safari/537.36
2018-11-08 23:28:00,104 INFO  s.interceptor.BaseInterceptor[44] - 用户访问地址: /admin/login, 来路地址: 0:0:0:0:0:0:0:1
2018-11-08 23:28:00,107 INFO  springboot.util.LogAspect[36] - URL : http://localhost/admin/login,IP : 0:0:0:0:0:0:0:1,CLASS_METHOD : springboot.controller.admin.AuthController.login,ARGS : []
2018-11-08 23:28:00,107 INFO  springboot.util.LogAspect[42] - RESPONSE:admin/login
2018-11-08 23:28:00,507 INFO  s.interceptor.BaseInterceptor[43] - UserAgent: Mozilla/5.0 (Windows NT 6.1; WOW64) AppleWebKit/537.36 (KHTML, like Gecko) Chrome/65.0.3325.181 Safari/537.36
2018-11-08 23:28:00,508 INFO  s.interceptor.BaseInterceptor[44] - 用户访问地址: /admin/login, 来路地址: 0:0:0:0:0:0:0:1
2018-11-08 23:28:00,512 INFO  springboot.util.LogAspect[36] - URL : http://localhost/admin/login,IP : 0:0:0:0:0:0:0:1,CLASS_METHOD : springboot.controller.admin.AuthController.login,ARGS : []
2018-11-08 23:28:00,512 INFO  springboot.util.LogAspect[42] - RESPONSE:admin/login
2018-11-08 23:28:26,614 INFO  s.interceptor.BaseInterceptor[43] - UserAgent: Mozilla/5.0 (Windows NT 6.1; WOW64) AppleWebKit/537.36 (KHTML, like Gecko) Chrome/65.0.3325.181 Safari/537.36
2018-11-08 23:28:26,614 INFO  s.interceptor.BaseInterceptor[44] - 用户访问地址: /admin/login, 来路地址: 0:0:0:0:0:0:0:1
2018-11-08 23:28:26,616 INFO  springboot.util.LogAspect[36] - URL : http://localhost/admin/login,IP : 0:0:0:0:0:0:0:1,CLASS_METHOD : springboot.controller.admin.AuthController.login,ARGS : []
2018-11-08 23:28:26,616 INFO  springboot.util.LogAspect[42] - RESPONSE:admin/login
2018-11-08 23:28:46,375 INFO  s.interceptor.BaseInterceptor[43] - UserAgent: Mozilla/5.0 (Windows NT 6.1; WOW64) AppleWebKit/537.36 (KHTML, like Gecko) Chrome/65.0.3325.181 Safari/537.36
2018-11-08 23:28:46,375 INFO  s.interceptor.BaseInterceptor[44] - 用户访问地址: /admin/login, 来路地址: 0:0:0:0:0:0:0:1
2018-11-08 23:28:46,437 INFO  springboot.util.LogAspect[36] - URL : http://localhost/admin/login,IP : 0:0:0:0:0:0:0:1,CLASS_METHOD : springboot.controller.admin.AuthController.doLogin,ARGS : [admin, 123456, org.apache.catalina.connector.RequestFacade@409aa789, org.apache.catalina.connector.ResponseFacade@1d6d0c04]
2018-11-08 23:28:46,556 INFO  springboot.util.LogAspect[42] - RESPONSE:springboot.modal.bo.RestResponseBo@79e54201
2018-11-08 23:28:46,791 INFO  s.interceptor.BaseInterceptor[43] - UserAgent: Mozilla/5.0 (Windows NT 6.1; WOW64) AppleWebKit/537.36 (KHTML, like Gecko) Chrome/65.0.3325.181 Safari/537.36
2018-11-08 23:28:46,792 INFO  s.interceptor.BaseInterceptor[44] - 用户访问地址: /admin/index, 来路地址: 0:0:0:0:0:0:0:1
2018-11-08 23:28:46,795 INFO  springboot.util.LogAspect[36] - URL : http://localhost/admin/index,IP : 0:0:0:0:0:0:0:1,CLASS_METHOD : springboot.controller.admin.IndexController.index,ARGS : [org.apache.catalina.connector.RequestFacade@409aa789]
2018-11-08 23:28:46,901 INFO  springboot.util.LogAspect[42] - RESPONSE:admin/index
2018-11-08 23:31:05,472 INFO  s.interceptor.BaseInterceptor[43] - UserAgent: Mozilla/5.0 (Windows NT 6.1; WOW64) AppleWebKit/537.36 (KHTML, like Gecko) Chrome/65.0.3325.181 Safari/537.36
2018-11-08 23:31:05,473 INFO  s.interceptor.BaseInterceptor[44] - 用户访问地址: /admin/pooruser, 来路地址: 0:0:0:0:0:0:0:1
2018-11-08 23:31:05,476 INFO  springboot.util.LogAspect[36] - URL : http://localhost/admin/pooruser,IP : 0:0:0:0:0:0:0:1,CLASS_METHOD : springboot.controller.admin.BlogUserController.index,ARGS : [1, 15, org.apache.catalina.connector.RequestFacade@409aa789]
2018-11-08 23:31:05,561 INFO  o.s.b.f.xml.XmlBeanDefinitionReader[317] - Loading XML bean definitions from class path resource [org/springframework/jdbc/support/sql-error-codes.xml]
2018-11-08 23:31:05,640 INFO  o.s.j.support.SQLErrorCodesFactory[127] - SQLErrorCodes loaded: [DB2, Derby, H2, HSQL, Informix, MS-SQL, MySQL, Oracle, PostgreSQL, Sybase, Hana]
2018-11-08 23:31:05,657 INFO  springboot.util.LogAspect[36] - URL : http://localhost/admin/pooruser,IP : 0:0:0:0:0:0:0:1,CLASS_METHOD : springboot.controller.GlobalExceptionHandler.exceptionHandler,ARGS : [org.springframework.dao.TransientDataAccessResourceException: Error attempting to get column 'status' from result set.  Cause: java.sql.SQLException: Invalid value for getInt() - 'publish'
; SQL []; Invalid value for getInt() - 'publish'; nested exception is java.sql.SQLException: Invalid value for getInt() - 'publish']
2018-11-08 23:31:05,665 INFO  springboot.util.LogAspect[42] - RESPONSE:comm/error_404
2018-11-08 23:31:07,269 INFO  s.interceptor.BaseInterceptor[43] - UserAgent: Mozilla/5.0 (Windows NT 6.1; WOW64) AppleWebKit/537.36 (KHTML, like Gecko) Chrome/65.0.3325.181 Safari/537.36
2018-11-08 23:31:07,271 INFO  s.interceptor.BaseInterceptor[44] - 用户访问地址: /, 来路地址: 0:0:0:0:0:0:0:1
2018-11-08 23:31:07,281 INFO  springboot.util.LogAspect[36] - URL : http://localhost/,IP : 0:0:0:0:0:0:0:1,CLASS_METHOD : springboot.controller.home.IndexController.index,ARGS : [org.apache.catalina.connector.RequestFacade@409aa789, 1, 10]
2018-11-08 23:31:07,327 INFO  springboot.util.LogAspect[42] - RESPONSE:themes/jantent/index
2018-11-08 23:31:15,631 INFO  s.interceptor.BaseInterceptor[43] - UserAgent: Mozilla/5.0 (Windows NT 6.1; WOW64) AppleWebKit/537.36 (KHTML, like Gecko) Chrome/65.0.3325.181 Safari/537.36
2018-11-08 23:31:15,632 INFO  s.interceptor.BaseInterceptor[44] - 用户访问地址: /admin/article/publish, 来路地址: 0:0:0:0:0:0:0:1
2018-11-08 23:31:15,640 INFO  springboot.util.LogAspect[36] - URL : http://localhost/admin/article/publish,IP : 0:0:0:0:0:0:0:1,CLASS_METHOD : springboot.controller.admin.ArticleController.newArticle,ARGS : [org.apache.catalina.connector.RequestFacade@36eed977]
2018-11-08 23:31:15,653 INFO  springboot.util.LogAspect[42] - RESPONSE:admin/article_edit
2018-11-08 23:31:16,652 INFO  s.interceptor.BaseInterceptor[43] - UserAgent: Mozilla/5.0 (Windows NT 6.1; WOW64) AppleWebKit/537.36 (KHTML, like Gecko) Chrome/65.0.3325.181 Safari/537.36
2018-11-08 23:31:16,652 INFO  s.interceptor.BaseInterceptor[44] - 用户访问地址: /admin/article/undefined, 来路地址: 0:0:0:0:0:0:0:1
2018-11-08 23:31:16,656 INFO  springboot.util.LogAspect[36] - URL : http://localhost/admin/article/undefined,IP : 0:0:0:0:0:0:0:1,CLASS_METHOD : springboot.controller.admin.ArticleController.editArticle,ARGS : [undefined, org.apache.catalina.connector.RequestFacade@36eed977]
2018-11-08 23:31:17,012 INFO  springboot.util.LogAspect[36] - URL : http://localhost/admin/article/undefined,IP : 0:0:0:0:0:0:0:1,CLASS_METHOD : springboot.controller.GlobalExceptionHandler.tipException,ARGS : [springboot.exception.TipException: query content by id and return is not one]
2018-11-08 23:31:17,014 INFO  springboot.util.LogAspect[42] - RESPONSE:comm/error_500
2018-11-08 23:32:50,406 INFO  s.interceptor.BaseInterceptor[43] - UserAgent: Mozilla/5.0 (Windows NT 6.1; WOW64) AppleWebKit/537.36 (KHTML, like Gecko) Chrome/65.0.3325.181 Safari/537.36
2018-11-08 23:32:50,406 INFO  s.interceptor.BaseInterceptor[44] - 用户访问地址: /admin/article/publish, 来路地址: 0:0:0:0:0:0:0:1
2018-11-08 23:32:50,483 INFO  springboot.util.LogAspect[36] - URL : http://localhost/admin/article/publish,IP : 0:0:0:0:0:0:0:1,CLASS_METHOD : springboot.controller.admin.ArticleController.publishArticle,ARGS : [springboot.modal.vo.ContentVo@6fca7bb, org.apache.catalina.connector.RequestFacade@36eed977]
2018-11-08 23:32:50,686 INFO  springboot.util.LogAspect[42] - RESPONSE:springboot.modal.bo.RestResponseBo@76d75b28
2018-11-08 23:32:54,139 INFO  s.interceptor.BaseInterceptor[43] - UserAgent: Mozilla/5.0 (Windows NT 6.1; WOW64) AppleWebKit/537.36 (KHTML, like Gecko) Chrome/65.0.3325.181 Safari/537.36
2018-11-08 23:32:54,144 INFO  s.interceptor.BaseInterceptor[44] - 用户访问地址: /admin/article, 来路地址: 0:0:0:0:0:0:0:1
2018-11-08 23:32:54,149 INFO  springboot.util.LogAspect[36] - URL : http://localhost/admin/article,IP : 0:0:0:0:0:0:0:1,CLASS_METHOD : springboot.controller.admin.ArticleController.index,ARGS : [1, 15, org.apache.catalina.connector.RequestFacade@36eed977]
2018-11-08 23:32:54,171 INFO  springboot.util.LogAspect[42] - RESPONSE:admin/article_list
2018-11-08 23:36:41,239 INFO  s.interceptor.BaseInterceptor[43] - UserAgent: Mozilla/5.0 (Windows NT 6.1; WOW64) AppleWebKit/537.36 (KHTML, like Gecko) Chrome/65.0.3325.181 Safari/537.36
2018-11-08 23:36:41,239 INFO  s.interceptor.BaseInterceptor[44] - 用户访问地址: /admin/article/publish, 来路地址: 0:0:0:0:0:0:0:1
2018-11-08 23:36:41,242 INFO  springboot.util.LogAspect[36] - URL : http://localhost/admin/article/publish,IP : 0:0:0:0:0:0:0:1,CLASS_METHOD : springboot.controller.admin.ArticleController.newArticle,ARGS : [org.apache.catalina.connector.RequestFacade@36eed977]
2018-11-08 23:36:41,246 INFO  springboot.util.LogAspect[42] - RESPONSE:admin/article_edit
2018-11-08 23:36:41,632 INFO  s.interceptor.BaseInterceptor[43] - UserAgent: Mozilla/5.0 (Windows NT 6.1; WOW64) AppleWebKit/537.36 (KHTML, like Gecko) Chrome/65.0.3325.181 Safari/537.36
2018-11-08 23:36:41,633 INFO  s.interceptor.BaseInterceptor[44] - 用户访问地址: /admin/article/undefined, 来路地址: 0:0:0:0:0:0:0:1
2018-11-08 23:36:41,645 INFO  springboot.util.LogAspect[36] - URL : http://localhost/admin/article/undefined,IP : 0:0:0:0:0:0:0:1,CLASS_METHOD : springboot.controller.admin.ArticleController.editArticle,ARGS : [undefined, org.apache.catalina.connector.RequestFacade@409aa789]
2018-11-08 23:36:41,652 INFO  springboot.util.LogAspect[36] - URL : http://localhost/admin/article/undefined,IP : 0:0:0:0:0:0:0:1,CLASS_METHOD : springboot.controller.GlobalExceptionHandler.tipException,ARGS : [springboot.exception.TipException: query content by id and return is not one]
2018-11-08 23:36:41,653 INFO  springboot.util.LogAspect[42] - RESPONSE:comm/error_500
2018-11-08 23:37:16,398 INFO  s.interceptor.BaseInterceptor[43] - UserAgent: Mozilla/5.0 (Windows NT 6.1; WOW64) AppleWebKit/537.36 (KHTML, like Gecko) Chrome/65.0.3325.181 Safari/537.36
2018-11-08 23:37:16,399 INFO  s.interceptor.BaseInterceptor[44] - 用户访问地址: /admin/article/publish, 来路地址: 0:0:0:0:0:0:0:1
2018-11-08 23:37:16,401 INFO  springboot.util.LogAspect[36] - URL : http://localhost/admin/article/publish,IP : 0:0:0:0:0:0:0:1,CLASS_METHOD : springboot.controller.admin.ArticleController.publishArticle,ARGS : [springboot.modal.vo.ContentVo@1d21c314, org.apache.catalina.connector.RequestFacade@36eed977]
2018-11-08 23:37:16,507 INFO  springboot.util.LogAspect[42] - RESPONSE:springboot.modal.bo.RestResponseBo@b18619d
2018-11-08 23:37:29,378 INFO  s.interceptor.BaseInterceptor[43] - UserAgent: Mozilla/5.0 (Windows NT 6.1; WOW64) AppleWebKit/537.36 (KHTML, like Gecko) Chrome/65.0.3325.181 Safari/537.36
2018-11-08 23:37:29,378 INFO  s.interceptor.BaseInterceptor[44] - 用户访问地址: /admin/article, 来路地址: 0:0:0:0:0:0:0:1
2018-11-08 23:37:29,397 INFO  springboot.util.LogAspect[36] - URL : http://localhost/admin/article,IP : 0:0:0:0:0:0:0:1,CLASS_METHOD : springboot.controller.admin.ArticleController.index,ARGS : [1, 15, org.apache.catalina.connector.RequestFacade@36eed977]
2018-11-08 23:37:29,407 INFO  springboot.util.LogAspect[42] - RESPONSE:admin/article_list
2018-11-08 23:38:33,322 INFO  s.interceptor.BaseInterceptor[43] - UserAgent: Mozilla/5.0 (Windows NT 6.1; WOW64) AppleWebKit/537.36 (KHTML, like Gecko) Chrome/65.0.3325.181 Safari/537.36
2018-11-08 23:38:33,322 INFO  s.interceptor.BaseInterceptor[44] - 用户访问地址: /admin/article/delete, 来路地址: 0:0:0:0:0:0:0:1
2018-11-08 23:38:33,327 INFO  springboot.util.LogAspect[36] - URL : http://localhost/admin/article/delete,IP : 0:0:0:0:0:0:0:1,CLASS_METHOD : springboot.controller.admin.ArticleController.delete,ARGS : [2, org.apache.catalina.connector.RequestFacade@1b37029b]
2018-11-08 23:38:33,466 INFO  springboot.util.LogAspect[42] - RESPONSE:springboot.modal.bo.RestResponseBo@110abaaa
2018-11-08 23:38:33,566 INFO  s.interceptor.BaseInterceptor[43] - UserAgent: Mozilla/5.0 (Windows NT 6.1; WOW64) AppleWebKit/537.36 (KHTML, like Gecko) Chrome/65.0.3325.181 Safari/537.36
2018-11-08 23:38:33,567 INFO  s.interceptor.BaseInterceptor[44] - 用户访问地址: /admin/article, 来路地址: 0:0:0:0:0:0:0:1
2018-11-08 23:38:33,569 INFO  springboot.util.LogAspect[36] - URL : http://localhost/admin/article,IP : 0:0:0:0:0:0:0:1,CLASS_METHOD : springboot.controller.admin.ArticleController.index,ARGS : [1, 15, org.apache.catalina.connector.RequestFacade@1b37029b]
2018-11-08 23:38:33,576 INFO  springboot.util.LogAspect[42] - RESPONSE:admin/article_list
2018-11-08 23:39:50,631 INFO  s.interceptor.BaseInterceptor[43] - UserAgent: Mozilla/5.0 (Windows NT 6.1; WOW64) AppleWebKit/537.36 (KHTML, like Gecko) Chrome/65.0.3325.181 Safari/537.36
2018-11-08 23:39:50,632 INFO  s.interceptor.BaseInterceptor[44] - 用户访问地址: /admin/article/publish, 来路地址: 0:0:0:0:0:0:0:1
2018-11-08 23:39:50,633 INFO  springboot.util.LogAspect[36] - URL : http://localhost/admin/article/publish,IP : 0:0:0:0:0:0:0:1,CLASS_METHOD : springboot.controller.admin.ArticleController.newArticle,ARGS : [org.apache.catalina.connector.RequestFacade@409aa789]
2018-11-08 23:39:50,649 INFO  springboot.util.LogAspect[42] - RESPONSE:admin/article_edit
2018-11-08 23:39:51,129 INFO  s.interceptor.BaseInterceptor[43] - UserAgent: Mozilla/5.0 (Windows NT 6.1; WOW64) AppleWebKit/537.36 (KHTML, like Gecko) Chrome/65.0.3325.181 Safari/537.36
2018-11-08 23:39:51,130 INFO  s.interceptor.BaseInterceptor[44] - 用户访问地址: /admin/article/undefined, 来路地址: 0:0:0:0:0:0:0:1
2018-11-08 23:39:51,131 INFO  springboot.util.LogAspect[36] - URL : http://localhost/admin/article/undefined,IP : 0:0:0:0:0:0:0:1,CLASS_METHOD : springboot.controller.admin.ArticleController.editArticle,ARGS : [undefined, org.apache.catalina.connector.RequestFacade@5dd0cc2a]
2018-11-08 23:39:51,134 INFO  springboot.util.LogAspect[36] - URL : http://localhost/admin/article/undefined,IP : 0:0:0:0:0:0:0:1,CLASS_METHOD : springboot.controller.GlobalExceptionHandler.tipException,ARGS : [springboot.exception.TipException: query content by id and return is not one]
2018-11-08 23:39:51,135 INFO  springboot.util.LogAspect[42] - RESPONSE:comm/error_500
2018-11-08 23:47:54,144 INFO  s.interceptor.BaseInterceptor[43] - UserAgent: Mozilla/5.0 (Windows NT 6.1; WOW64) AppleWebKit/537.36 (KHTML, like Gecko) Chrome/65.0.3325.181 Safari/537.36
2018-11-08 23:47:54,144 INFO  s.interceptor.BaseInterceptor[44] - 用户访问地址: /admin/article/publish, 来路地址: 0:0:0:0:0:0:0:1
2018-11-08 23:47:54,144 INFO  springboot.util.LogAspect[36] - URL : http://localhost/admin/article/publish,IP : 0:0:0:0:0:0:0:1,CLASS_METHOD : springboot.controller.admin.ArticleController.newArticle,ARGS : [org.apache.catalina.connector.RequestFacade@5dd0cc2a]
2018-11-08 23:47:54,167 INFO  springboot.util.LogAspect[42] - RESPONSE:admin/article_edit
2018-11-08 23:47:54,710 INFO  s.interceptor.BaseInterceptor[43] - UserAgent: Mozilla/5.0 (Windows NT 6.1; WOW64) AppleWebKit/537.36 (KHTML, like Gecko) Chrome/65.0.3325.181 Safari/537.36
2018-11-08 23:47:54,710 INFO  s.interceptor.BaseInterceptor[44] - 用户访问地址: /admin/article/undefined, 来路地址: 0:0:0:0:0:0:0:1
2018-11-08 23:47:54,711 INFO  springboot.util.LogAspect[36] - URL : http://localhost/admin/article/undefined,IP : 0:0:0:0:0:0:0:1,CLASS_METHOD : springboot.controller.admin.ArticleController.editArticle,ARGS : [undefined, org.apache.catalina.connector.RequestFacade@409aa789]
2018-11-08 23:47:54,716 INFO  springboot.util.LogAspect[36] - URL : http://localhost/admin/article/undefined,IP : 0:0:0:0:0:0:0:1,CLASS_METHOD : springboot.controller.GlobalExceptionHandler.tipException,ARGS : [springboot.exception.TipException: query content by id and return is not one]
2018-11-08 23:47:54,718 INFO  springboot.util.LogAspect[42] - RESPONSE:comm/error_500
2018-11-08 23:47:57,399 INFO  s.interceptor.BaseInterceptor[43] - UserAgent: Mozilla/5.0 (Windows NT 6.1; WOW64) AppleWebKit/537.36 (KHTML, like Gecko) Chrome/65.0.3325.181 Safari/537.36
2018-11-08 23:47:57,400 INFO  s.interceptor.BaseInterceptor[44] - 用户访问地址: /admin/category, 来路地址: 0:0:0:0:0:0:0:1
2018-11-08 23:47:57,401 INFO  springboot.util.LogAspect[36] - URL : http://localhost/admin/category,IP : 0:0:0:0:0:0:0:1,CLASS_METHOD : springboot.controller.admin.CategoryController.index,ARGS : [org.apache.catalina.connector.RequestFacade@409aa789]
2018-11-08 23:47:57,483 INFO  springboot.util.LogAspect[42] - RESPONSE:admin/category
2018-11-08 23:48:51,679 INFO  s.interceptor.BaseInterceptor[43] - UserAgent: Mozilla/5.0 (Windows NT 6.1; WOW64) AppleWebKit/537.36 (KHTML, like Gecko) Chrome/65.0.3325.181 Safari/537.36
2018-11-08 23:48:51,680 INFO  s.interceptor.BaseInterceptor[44] - 用户访问地址: /admin/category/delete, 来路地址: 0:0:0:0:0:0:0:1
2018-11-08 23:48:51,683 INFO  springboot.util.LogAspect[36] - URL : http://localhost/admin/category/delete,IP : 0:0:0:0:0:0:0:1,CLASS_METHOD : springboot.controller.admin.CategoryController.delete,ARGS : [1]
2018-11-08 23:48:51,791 INFO  springboot.util.LogAspect[42] - RESPONSE:springboot.modal.bo.RestResponseBo@6abb604d
2018-11-08 23:48:55,971 INFO  s.interceptor.BaseInterceptor[43] - UserAgent: Mozilla/5.0 (Windows NT 6.1; WOW64) AppleWebKit/537.36 (KHTML, like Gecko) Chrome/65.0.3325.181 Safari/537.36
2018-11-08 23:48:55,971 INFO  s.interceptor.BaseInterceptor[44] - 用户访问地址: /admin/category, 来路地址: 0:0:0:0:0:0:0:1
2018-11-08 23:48:55,971 INFO  springboot.util.LogAspect[36] - URL : http://localhost/admin/category,IP : 0:0:0:0:0:0:0:1,CLASS_METHOD : springboot.controller.admin.CategoryController.index,ARGS : [org.apache.catalina.connector.RequestFacade@31ebdd07]
2018-11-08 23:48:56,000 INFO  springboot.util.LogAspect[42] - RESPONSE:admin/category
2018-11-08 23:49:07,323 INFO  s.interceptor.BaseInterceptor[43] - UserAgent: Mozilla/5.0 (Windows NT 6.1; WOW64) AppleWebKit/537.36 (KHTML, like Gecko) Chrome/65.0.3325.181 Safari/537.36
2018-11-08 23:49:07,323 INFO  s.interceptor.BaseInterceptor[44] - 用户访问地址: /admin/category, 来路地址: 0:0:0:0:0:0:0:1
2018-11-08 23:49:07,326 INFO  springboot.util.LogAspect[36] - URL : http://localhost/admin/category,IP : 0:0:0:0:0:0:0:1,CLASS_METHOD : springboot.controller.admin.CategoryController.index,ARGS : [org.apache.catalina.connector.RequestFacade@409aa789]
2018-11-08 23:49:07,337 INFO  springboot.util.LogAspect[42] - RESPONSE:admin/category
2018-11-08 23:49:52,596 INFO  s.interceptor.BaseInterceptor[43] - UserAgent: Mozilla/5.0 (Windows NT 6.1; WOW64) AppleWebKit/537.36 (KHTML, like Gecko) Chrome/65.0.3325.181 Safari/537.36
2018-11-08 23:49:52,597 INFO  s.interceptor.BaseInterceptor[44] - 用户访问地址: /admin/category/delete, 来路地址: 0:0:0:0:0:0:0:1
2018-11-08 23:49:52,607 INFO  springboot.util.LogAspect[36] - URL : http://localhost/admin/category/delete,IP : 0:0:0:0:0:0:0:1,CLASS_METHOD : springboot.controller.admin.CategoryController.delete,ARGS : [2]
2018-11-08 23:49:52,667 INFO  springboot.util.LogAspect[42] - RESPONSE:springboot.modal.bo.RestResponseBo@3822173b
2018-11-08 23:51:40,397 INFO  s.interceptor.BaseInterceptor[43] - UserAgent: Mozilla/5.0 (Windows NT 6.1; WOW64) AppleWebKit/537.36 (KHTML, like Gecko) Chrome/65.0.3325.181 Safari/537.36
2018-11-08 23:51:40,398 INFO  s.interceptor.BaseInterceptor[44] - 用户访问地址: /admin/article/publish, 来路地址: 0:0:0:0:0:0:0:1
2018-11-08 23:51:40,408 INFO  springboot.util.LogAspect[36] - URL : http://localhost/admin/article/publish,IP : 0:0:0:0:0:0:0:1,CLASS_METHOD : springboot.controller.admin.ArticleController.newArticle,ARGS : [org.apache.catalina.connector.RequestFacade@26ecf749]
2018-11-08 23:51:40,413 INFO  springboot.util.LogAspect[42] - RESPONSE:admin/article_edit
2018-11-08 23:51:40,770 INFO  s.interceptor.BaseInterceptor[43] - UserAgent: Mozilla/5.0 (Windows NT 6.1; WOW64) AppleWebKit/537.36 (KHTML, like Gecko) Chrome/65.0.3325.181 Safari/537.36
2018-11-08 23:51:40,770 INFO  s.interceptor.BaseInterceptor[44] - 用户访问地址: /error, 来路地址: 0:0:0:0:0:0:0:1
2018-11-08 23:51:41,151 INFO  s.interceptor.BaseInterceptor[43] - UserAgent: Mozilla/5.0 (Windows NT 6.1; WOW64) AppleWebKit/537.36 (KHTML, like Gecko) Chrome/65.0.3325.181 Safari/537.36
2018-11-08 23:51:41,151 INFO  s.interceptor.BaseInterceptor[44] - 用户访问地址: /admin/article/undefined, 来路地址: 0:0:0:0:0:0:0:1
2018-11-08 23:51:41,152 INFO  springboot.util.LogAspect[36] - URL : http://localhost/admin/article/undefined,IP : 0:0:0:0:0:0:0:1,CLASS_METHOD : springboot.controller.admin.ArticleController.editArticle,ARGS : [undefined, org.apache.catalina.connector.RequestFacade@409aa789]
2018-11-08 23:51:41,158 INFO  springboot.util.LogAspect[36] - URL : http://localhost/admin/article/undefined,IP : 0:0:0:0:0:0:0:1,CLASS_METHOD : springboot.controller.GlobalExceptionHandler.tipException,ARGS : [springboot.exception.TipException: query content by id and return is not one]
2018-11-08 23:51:41,159 INFO  springboot.util.LogAspect[42] - RESPONSE:comm/error_500
2018-11-08 23:52:01,714 INFO  s.interceptor.BaseInterceptor[43] - UserAgent: Mozilla/5.0 (Windows NT 6.1; WOW64) AppleWebKit/537.36 (KHTML, like Gecko) Chrome/65.0.3325.181 Safari/537.36
2018-11-08 23:52:01,715 INFO  s.interceptor.BaseInterceptor[44] - 用户访问地址: /admin/article/publish, 来路地址: 0:0:0:0:0:0:0:1
2018-11-08 23:52:01,719 INFO  springboot.util.LogAspect[36] - URL : http://localhost/admin/article/publish,IP : 0:0:0:0:0:0:0:1,CLASS_METHOD : springboot.controller.admin.ArticleController.publishArticle,ARGS : [springboot.modal.vo.ContentVo@758f8a9, org.apache.catalina.connector.RequestFacade@36eed977]
2018-11-08 23:52:01,784 INFO  springboot.util.LogAspect[42] - RESPONSE:springboot.modal.bo.RestResponseBo@7d758627
2018-11-08 23:52:36,616 INFO  s.interceptor.BaseInterceptor[43] - UserAgent: Mozilla/5.0 (Windows NT 6.1; WOW64) AppleWebKit/537.36 (KHTML, like Gecko) Chrome/65.0.3325.181 Safari/537.36
2018-11-08 23:52:36,616 INFO  s.interceptor.BaseInterceptor[44] - 用户访问地址: /admin/article, 来路地址: 0:0:0:0:0:0:0:1
2018-11-08 23:52:36,616 INFO  springboot.util.LogAspect[36] - URL : http://localhost/admin/article,IP : 0:0:0:0:0:0:0:1,CLASS_METHOD : springboot.controller.admin.ArticleController.index,ARGS : [1, 15, org.apache.catalina.connector.RequestFacade@36eed977]
2018-11-08 23:52:36,616 INFO  springboot.util.LogAspect[42] - RESPONSE:admin/article_list
2018-11-08 23:52:45,985 INFO  s.interceptor.BaseInterceptor[43] - UserAgent: Mozilla/5.0 (Windows NT 6.1; WOW64) AppleWebKit/537.36 (KHTML, like Gecko) Chrome/65.0.3325.181 Safari/537.36
2018-11-08 23:52:45,985 INFO  s.interceptor.BaseInterceptor[44] - 用户访问地址: /admin/article/delete, 来路地址: 0:0:0:0:0:0:0:1
2018-11-08 23:52:45,990 INFO  springboot.util.LogAspect[36] - URL : http://localhost/admin/article/delete,IP : 0:0:0:0:0:0:0:1,CLASS_METHOD : springboot.controller.admin.ArticleController.delete,ARGS : [3, org.apache.catalina.connector.RequestFacade@36eed977]
2018-11-08 23:52:46,031 INFO  springboot.util.LogAspect[42] - RESPONSE:springboot.modal.bo.RestResponseBo@41f34bda
2018-11-08 23:54:27,708 INFO  s.interceptor.BaseInterceptor[43] - UserAgent: Mozilla/5.0 (Windows NT 6.1; WOW64) AppleWebKit/537.36 (KHTML, like Gecko) Chrome/65.0.3325.181 Safari/537.36
2018-11-08 23:54:27,709 INFO  s.interceptor.BaseInterceptor[44] - 用户访问地址: /admin/article, 来路地址: 0:0:0:0:0:0:0:1
2018-11-08 23:54:27,711 INFO  springboot.util.LogAspect[36] - URL : http://localhost/admin/article,IP : 0:0:0:0:0:0:0:1,CLASS_METHOD : springboot.controller.admin.ArticleController.index,ARGS : [1, 15, org.apache.catalina.connector.RequestFacade@36eed977]
2018-11-08 23:54:27,719 INFO  springboot.util.LogAspect[42] - RESPONSE:admin/article_list
2018-11-08 23:54:36,436 INFO  s.interceptor.BaseInterceptor[43] - UserAgent: Mozilla/5.0 (Windows NT 6.1; WOW64) AppleWebKit/537.36 (KHTML, like Gecko) Chrome/65.0.3325.181 Safari/537.36
2018-11-08 23:54:36,436 INFO  s.interceptor.BaseInterceptor[44] - 用户访问地址: /admin/category, 来路地址: 0:0:0:0:0:0:0:1
2018-11-08 23:54:36,437 INFO  springboot.util.LogAspect[36] - URL : http://localhost/admin/category,IP : 0:0:0:0:0:0:0:1,CLASS_METHOD : springboot.controller.admin.CategoryController.index,ARGS : [org.apache.catalina.connector.RequestFacade@31ebdd07]
2018-11-08 23:54:36,444 INFO  springboot.util.LogAspect[42] - RESPONSE:admin/category
2018-11-08 23:54:42,511 INFO  s.interceptor.BaseInterceptor[43] - UserAgent: Mozilla/5.0 (Windows NT 6.1; WOW64) AppleWebKit/537.36 (KHTML, like Gecko) Chrome/65.0.3325.181 Safari/537.36
2018-11-08 23:54:42,512 INFO  s.interceptor.BaseInterceptor[44] - 用户访问地址: /admin/category/delete, 来路地址: 0:0:0:0:0:0:0:1
2018-11-08 23:54:42,515 INFO  springboot.util.LogAspect[36] - URL : http://localhost/admin/category/delete,IP : 0:0:0:0:0:0:0:1,CLASS_METHOD : springboot.controller.admin.CategoryController.delete,ARGS : [3]
2018-11-08 23:54:42,590 INFO  springboot.util.LogAspect[42] - RESPONSE:springboot.modal.bo.RestResponseBo@306cb4a8
2018-11-08 23:54:55,275 INFO  s.interceptor.BaseInterceptor[43] - UserAgent: Mozilla/5.0 (Windows NT 6.1; WOW64) AppleWebKit/537.36 (KHTML, like Gecko) Chrome/65.0.3325.181 Safari/537.36
2018-11-08 23:54:55,276 INFO  s.interceptor.BaseInterceptor[44] - 用户访问地址: /admin/category/delete, 来路地址: 0:0:0:0:0:0:0:1
2018-11-08 23:54:55,277 INFO  springboot.util.LogAspect[36] - URL : http://localhost/admin/category/delete,IP : 0:0:0:0:0:0:0:1,CLASS_METHOD : springboot.controller.admin.CategoryController.delete,ARGS : [3]
2018-11-08 23:54:55,279 INFO  springboot.util.LogAspect[42] - RESPONSE:springboot.modal.bo.RestResponseBo@54b6d616
2018-11-08 23:55:00,159 INFO  s.interceptor.BaseInterceptor[43] - UserAgent: Mozilla/5.0 (Windows NT 6.1; WOW64) AppleWebKit/537.36 (KHTML, like Gecko) Chrome/65.0.3325.181 Safari/537.36
2018-11-08 23:55:00,159 INFO  s.interceptor.BaseInterceptor[44] - 用户访问地址: /admin/category, 来路地址: 0:0:0:0:0:0:0:1
2018-11-08 23:55:00,159 INFO  springboot.util.LogAspect[36] - URL : http://localhost/admin/category,IP : 0:0:0:0:0:0:0:1,CLASS_METHOD : springboot.controller.admin.CategoryController.index,ARGS : [org.apache.catalina.connector.RequestFacade@31ebdd07]
2018-11-08 23:55:00,159 INFO  springboot.util.LogAspect[42] - RESPONSE:admin/category
