2018-11-05 23:28:04,289 INFO  springboot.StartApplication[48] - Starting StartApplication on CHINA-20180913J with PID 6780 (D:\java\codePackage\blog\blog\target\classes started by Administrator in D:\java\codePackage\blog\blog)
2018-11-05 23:28:04,289 INFO  springboot.StartApplication[641] - The following profiles are active: jdbc,log,redis,mail
2018-11-05 23:28:04,788 INFO  o.h.validator.internal.util.Version[30] - HV000001: Hibernate Validator 5.3.4.Final
2018-11-05 23:28:05,958 INFO  o.s.b.c.e.AnnotationConfigEmbeddedWebApplicationContext[582] - Refreshing org.springframework.boot.context.embedded.AnnotationConfigEmbeddedWebApplicationContext@627c2519: startup date [Mon Nov 05 23:28:05 CST 2018]; root of context hierarchy
2018-11-05 23:28:11,050 INFO  o.s.d.r.c.RepositoryConfigurationDelegate[165] - Multiple Spring Data modules found, entering strict repository configuration mode!
2018-11-05 23:28:13,203 INFO  o.s.c.s.PostProcessorRegistrationDelegate$BeanPostProcessorChecker[325] - Bean 'org.springframework.boot.autoconfigure.validation.ValidationAutoConfiguration' of type [class org.springframework.boot.autoconfigure.validation.ValidationAutoConfiguration] is not eligible for getting processed by all BeanPostProcessors (for example: not eligible for auto-proxying)
2018-11-05 23:28:14,189 INFO  o.s.c.s.PostProcessorRegistrationDelegate$BeanPostProcessorChecker[325] - Bean 'validator' of type [class org.springframework.validation.beanvalidation.LocalValidatorFactoryBean] is not eligible for getting processed by all BeanPostProcessors (for example: not eligible for auto-proxying)
2018-11-05 23:28:14,626 INFO  o.s.c.s.PostProcessorRegistrationDelegate$BeanPostProcessorChecker[325] - Bean 'org.springframework.transaction.annotation.ProxyTransactionManagementConfiguration' of type [class org.springframework.transaction.annotation.ProxyTransactionManagementConfiguration$$EnhancerBySpringCGLIB$$838c950f] is not eligible for getting processed by all BeanPostProcessors (for example: not eligible for auto-proxying)
2018-11-05 23:28:15,094 INFO  o.s.c.s.PostProcessorRegistrationDelegate$BeanPostProcessorChecker[325] - Bean 'redisConfig' of type [class springboot.config.RedisConfig$$EnhancerBySpringCGLIB$$d745014] is not eligible for getting processed by all BeanPostProcessors (for example: not eligible for auto-proxying)
2018-11-05 23:28:15,110 INFO  o.s.c.s.PostProcessorRegistrationDelegate$BeanPostProcessorChecker[325] - Bean 'org.springframework.cache.annotation.ProxyCachingConfiguration' of type [class org.springframework.cache.annotation.ProxyCachingConfiguration$$EnhancerBySpringCGLIB$$cc9ecb2d] is not eligible for getting processed by all BeanPostProcessors (for example: not eligible for auto-proxying)
2018-11-05 23:28:16,342 INFO  o.s.b.c.e.t.TomcatEmbeddedServletContainer[89] - Tomcat initialized with port(s): 80 (http)
2018-11-05 23:28:16,451 INFO  o.a.catalina.core.StandardService[179] - Starting service Tomcat
2018-11-05 23:28:16,451 INFO  o.a.catalina.core.StandardEngine[179] - Starting Servlet Engine: Apache Tomcat/8.5.11
2018-11-05 23:28:16,639 INFO  o.a.c.c.C.[Tomcat].[localhost].[/][179] - Initializing Spring embedded WebApplicationContext
2018-11-05 23:28:16,639 INFO  o.s.web.context.ContextLoader[276] - Root WebApplicationContext: initialization completed in 10681 ms
2018-11-05 23:28:16,873 INFO  o.s.b.w.s.ServletRegistrationBean[190] - Mapping servlet: 'dispatcherServlet' to [/]
2018-11-05 23:28:16,873 INFO  o.s.b.w.s.FilterRegistrationBean[258] - Mapping filter: 'characterEncodingFilter' to: [/*]
2018-11-05 23:28:16,873 INFO  o.s.b.w.s.FilterRegistrationBean[258] - Mapping filter: 'hiddenHttpMethodFilter' to: [/*]
2018-11-05 23:28:16,873 INFO  o.s.b.w.s.FilterRegistrationBean[258] - Mapping filter: 'httpPutFormContentFilter' to: [/*]
2018-11-05 23:28:16,873 INFO  o.s.b.w.s.FilterRegistrationBean[258] - Mapping filter: 'requestContextFilter' to: [/*]
2018-11-05 23:28:23,003 INFO  o.s.w.s.m.m.a.RequestMappingHandlerAdapter[534] - Looking for @ControllerAdvice: org.springframework.boot.context.embedded.AnnotationConfigEmbeddedWebApplicationContext@627c2519: startup date [Mon Nov 05 23:28:05 CST 2018]; root of context hierarchy
2018-11-05 23:28:23,315 INFO  o.s.w.s.m.m.a.RequestMappingHandlerMapping[543] - Mapped "{[/admin/article],methods=[GET]}" onto public java.lang.String springboot.controller.admin.ArticleController.index(int,int,javax.servlet.http.HttpServletRequest)
2018-11-05 23:28:23,315 INFO  o.s.w.s.m.m.a.RequestMappingHandlerMapping[543] - Mapped "{[/admin/article/delete]}" onto public springboot.modal.bo.RestResponseBo springboot.controller.admin.ArticleController.delete(int,javax.servlet.http.HttpServletRequest)
2018-11-05 23:28:23,315 INFO  o.s.w.s.m.m.a.RequestMappingHandlerMapping[543] - Mapped "{[/admin/article/publish],methods=[GET]}" onto public java.lang.String springboot.controller.admin.ArticleController.newArticle(javax.servlet.http.HttpServletRequest)
2018-11-05 23:28:23,315 INFO  o.s.w.s.m.m.a.RequestMappingHandlerMapping[543] - Mapped "{[/admin/article/{cid}],methods=[GET]}" onto public java.lang.String springboot.controller.admin.ArticleController.editArticle(java.lang.String,javax.servlet.http.HttpServletRequest)
2018-11-05 23:28:23,315 INFO  o.s.w.s.m.m.a.RequestMappingHandlerMapping[543] - Mapped "{[/admin/article/publish],methods=[POST]}" onto public springboot.modal.bo.RestResponseBo springboot.controller.admin.ArticleController.publishArticle(springboot.modal.vo.ContentVo,javax.servlet.http.HttpServletRequest)
2018-11-05 23:28:23,315 INFO  o.s.w.s.m.m.a.RequestMappingHandlerMapping[543] - Mapped "{[/admin/article/modify],methods=[POST]}" onto public springboot.modal.bo.RestResponseBo springboot.controller.admin.ArticleController.modifyArticle(springboot.modal.vo.ContentVo,javax.servlet.http.HttpServletRequest)
2018-11-05 23:28:23,315 INFO  o.s.w.s.m.m.a.RequestMappingHandlerMapping[543] - Mapped "{[/admin/attach],methods=[GET]}" onto public java.lang.String springboot.controller.admin.AttachController.index(javax.servlet.http.HttpServletRequest,int,int)
2018-11-05 23:28:23,315 INFO  o.s.w.s.m.m.a.RequestMappingHandlerMapping[543] - Mapped "{[/admin/attach/delete]}" onto public springboot.modal.bo.RestResponseBo springboot.controller.admin.AttachController.delete(java.lang.Integer,javax.servlet.http.HttpServletRequest)
2018-11-05 23:28:23,315 INFO  o.s.w.s.m.m.a.RequestMappingHandlerMapping[543] - Mapped "{[/admin/attach/upload],methods=[POST]}" onto public springboot.modal.bo.RestResponseBo springboot.controller.admin.AttachController.upload(javax.servlet.http.HttpServletRequest,org.springframework.web.multipart.MultipartFile[]) throws java.io.IOException
2018-11-05 23:28:23,315 INFO  o.s.w.s.m.m.a.RequestMappingHandlerMapping[543] - Mapped "{[/admin/login],methods=[GET]}" onto public java.lang.String springboot.controller.admin.AuthController.login()
2018-11-05 23:28:23,315 INFO  o.s.w.s.m.m.a.RequestMappingHandlerMapping[543] - Mapped "{[/admin/logout]}" onto public void springboot.controller.admin.AuthController.logout(javax.servlet.http.HttpSession,javax.servlet.http.HttpServletResponse,javax.servlet.http.HttpServletRequest)
2018-11-05 23:28:23,315 INFO  o.s.w.s.m.m.a.RequestMappingHandlerMapping[543] - Mapped "{[/admin/login],methods=[POST]}" onto public springboot.modal.bo.RestResponseBo springboot.controller.admin.AuthController.doLogin(java.lang.String,java.lang.String,javax.servlet.http.HttpServletRequest,javax.servlet.http.HttpServletResponse)
2018-11-05 23:28:23,315 INFO  o.s.w.s.m.m.a.RequestMappingHandlerMapping[543] - Mapped "{[/admin/category],methods=[GET]}" onto public java.lang.String springboot.controller.admin.CategoryController.index(javax.servlet.http.HttpServletRequest)
2018-11-05 23:28:23,315 INFO  o.s.w.s.m.m.a.RequestMappingHandlerMapping[543] - Mapped "{[/admin/category/delete]}" onto public springboot.modal.bo.RestResponseBo springboot.controller.admin.CategoryController.delete(int)
2018-11-05 23:28:23,315 INFO  o.s.w.s.m.m.a.RequestMappingHandlerMapping[543] - Mapped "{[/admin/category/save],methods=[POST]}" onto public springboot.modal.bo.RestResponseBo springboot.controller.admin.CategoryController.saveCategory(java.lang.String,java.lang.Integer)
2018-11-05 23:28:23,331 INFO  o.s.w.s.m.m.a.RequestMappingHandlerMapping[543] - Mapped "{[/admin/comments],methods=[GET]}" onto public java.lang.String springboot.controller.admin.CommentController.index(int,int,javax.servlet.http.HttpServletRequest)
2018-11-05 23:28:23,331 INFO  o.s.w.s.m.m.a.RequestMappingHandlerMapping[543] - Mapped "{[/admin/comments/delete],methods=[POST]}" onto public springboot.modal.bo.RestResponseBo springboot.controller.admin.CommentController.delete(java.lang.Integer)
2018-11-05 23:28:23,331 INFO  o.s.w.s.m.m.a.RequestMappingHandlerMapping[543] - Mapped "{[/admin/comments/status],methods=[POST]}" onto public springboot.modal.bo.RestResponseBo springboot.controller.admin.CommentController.updateStatus(java.lang.Integer,java.lang.String)
2018-11-05 23:28:23,331 INFO  o.s.w.s.m.m.a.RequestMappingHandlerMapping[543] - Mapped "{[/admin/comments],methods=[POST]}" onto public springboot.modal.bo.RestResponseBo springboot.controller.admin.CommentController.reply(java.lang.Integer,java.lang.String,javax.servlet.http.HttpServletRequest)
2018-11-05 23:28:23,331 INFO  o.s.w.s.m.m.a.RequestMappingHandlerMapping[543] - Mapped "{[/admin || /admin/index],methods=[GET]}" onto public java.lang.String springboot.controller.admin.IndexController.index(javax.servlet.http.HttpServletRequest)
2018-11-05 23:28:23,331 INFO  o.s.w.s.m.m.a.RequestMappingHandlerMapping[543] - Mapped "{[/admin/profile],methods=[GET]}" onto public java.lang.String springboot.controller.admin.IndexController.profile()
2018-11-05 23:28:23,331 INFO  o.s.w.s.m.m.a.RequestMappingHandlerMapping[543] - Mapped "{[/admin/logout],methods=[GET]}" onto public java.lang.String springboot.controller.admin.IndexController.logout()
2018-11-05 23:28:23,331 INFO  o.s.w.s.m.m.a.RequestMappingHandlerMapping[543] - Mapped "{[/admin/profile],methods=[POST]}" onto public springboot.modal.bo.RestResponseBo springboot.controller.admin.IndexController.saveProfile(java.lang.String,java.lang.String,javax.servlet.http.HttpServletRequest,javax.servlet.http.HttpSession)
2018-11-05 23:28:23,331 INFO  o.s.w.s.m.m.a.RequestMappingHandlerMapping[543] - Mapped "{[/admin/password],methods=[POST]}" onto public springboot.modal.bo.RestResponseBo springboot.controller.admin.IndexController.updatePwd(java.lang.String,java.lang.String,javax.servlet.http.HttpServletRequest,javax.servlet.http.HttpSession)
2018-11-05 23:28:23,331 INFO  o.s.w.s.m.m.a.RequestMappingHandlerMapping[543] - Mapped "{[/admin/links],methods=[GET]}" onto public java.lang.String springboot.controller.admin.LinkController.index(javax.servlet.http.HttpServletRequest)
2018-11-05 23:28:23,331 INFO  o.s.w.s.m.m.a.RequestMappingHandlerMapping[543] - Mapped "{[/admin/links/delete]}" onto public springboot.modal.bo.RestResponseBo springboot.controller.admin.LinkController.delete(int)
2018-11-05 23:28:23,331 INFO  o.s.w.s.m.m.a.RequestMappingHandlerMapping[543] - Mapped "{[/admin/links/save],methods=[POST]}" onto public springboot.modal.bo.RestResponseBo springboot.controller.admin.LinkController.saveLink(java.lang.String,java.lang.String,java.lang.String,java.lang.Integer,int)
2018-11-05 23:28:23,331 INFO  o.s.w.s.m.m.a.RequestMappingHandlerMapping[543] - Mapped "{[/admin/page],methods=[GET]}" onto public java.lang.String springboot.controller.admin.PageController.index(javax.servlet.http.HttpServletRequest)
2018-11-05 23:28:23,331 INFO  o.s.w.s.m.m.a.RequestMappingHandlerMapping[543] - Mapped "{[/admin/page/delete]}" onto public springboot.modal.bo.RestResponseBo springboot.controller.admin.PageController.delete(int,javax.servlet.http.HttpServletRequest)
2018-11-05 23:28:23,331 INFO  o.s.w.s.m.m.a.RequestMappingHandlerMapping[543] - Mapped "{[/admin/page/modify],methods=[POST]}" onto public springboot.modal.bo.RestResponseBo springboot.controller.admin.PageController.modifyArticle(java.lang.Integer,java.lang.String,java.lang.String,java.lang.String,java.lang.String,java.lang.Integer,java.lang.Integer,javax.servlet.http.HttpServletRequest)
2018-11-05 23:28:23,347 INFO  o.s.w.s.m.m.a.RequestMappingHandlerMapping[543] - Mapped "{[/admin/page/{cid}],methods=[GET]}" onto public java.lang.String springboot.controller.admin.PageController.editPage(java.lang.String,javax.servlet.http.HttpServletRequest)
2018-11-05 23:28:23,347 INFO  o.s.w.s.m.m.a.RequestMappingHandlerMapping[543] - Mapped "{[/admin/page/new],methods=[GET]}" onto public java.lang.String springboot.controller.admin.PageController.newPage(javax.servlet.http.HttpServletRequest)
2018-11-05 23:28:23,347 INFO  o.s.w.s.m.m.a.RequestMappingHandlerMapping[543] - Mapped "{[/admin/page/publish],methods=[POST]}" onto public springboot.modal.bo.RestResponseBo springboot.controller.admin.PageController.publishPage(java.lang.String,java.lang.String,java.lang.String,java.lang.String,java.lang.Integer,java.lang.Integer,javax.servlet.http.HttpServletRequest)
2018-11-05 23:28:23,347 INFO  o.s.w.s.m.m.a.RequestMappingHandlerMapping[543] - Mapped "{[/admin/pooruser],methods=[GET]}" onto public java.lang.String springboot.controller.admin.PoorUserController.index(int,int,javax.servlet.http.HttpServletRequest)
2018-11-05 23:28:23,347 INFO  o.s.w.s.m.m.a.RequestMappingHandlerMapping[543] - Mapped "{[/admin/pooruser/delete]}" onto public springboot.modal.bo.RestResponseBo springboot.controller.admin.PoorUserController.delete(int,javax.servlet.http.HttpServletRequest)
2018-11-05 23:28:23,347 INFO  o.s.w.s.m.m.a.RequestMappingHandlerMapping[543] - Mapped "{[/admin/pooruser/modify],methods=[POST]}" onto public springboot.modal.bo.RestResponseBo springboot.controller.admin.PoorUserController.modifyArticle(springboot.modal.vo.PoorUserVo,javax.servlet.http.HttpServletRequest)
2018-11-05 23:28:23,347 INFO  o.s.w.s.m.m.a.RequestMappingHandlerMapping[543] - Mapped "{[/admin/pooruser/{uid}],methods=[GET]}" onto public java.lang.String springboot.controller.admin.PoorUserController.editPage(java.lang.String,javax.servlet.http.HttpServletRequest)
2018-11-05 23:28:23,347 INFO  o.s.w.s.m.m.a.RequestMappingHandlerMapping[543] - Mapped "{[/admin/pooruser/new],methods=[GET]}" onto public java.lang.String springboot.controller.admin.PoorUserController.newPage(javax.servlet.http.HttpServletRequest)
2018-11-05 23:28:23,347 INFO  o.s.w.s.m.m.a.RequestMappingHandlerMapping[543] - Mapped "{[/admin/pooruser/publish],methods=[POST]}" onto public springboot.modal.bo.RestResponseBo springboot.controller.admin.PoorUserController.publishPage(springboot.modal.vo.PoorUserVo,javax.servlet.http.HttpServletRequest)
2018-11-05 23:28:23,347 INFO  o.s.w.s.m.m.a.RequestMappingHandlerMapping[543] - Mapped "{[/admin/setting],methods=[GET]}" onto public java.lang.String springboot.controller.admin.SettingController.index(javax.servlet.http.HttpServletRequest)
2018-11-05 23:28:23,347 INFO  o.s.w.s.m.m.a.RequestMappingHandlerMapping[543] - Mapped "{[/admin/setting/backup],methods=[POST]}" onto public springboot.modal.bo.RestResponseBo springboot.controller.admin.SettingController.backup(java.lang.String,java.lang.String,javax.servlet.http.HttpServletRequest)
2018-11-05 23:28:23,347 INFO  o.s.w.s.m.m.a.RequestMappingHandlerMapping[543] - Mapped "{[/admin/setting],methods=[POST]}" onto public springboot.modal.bo.RestResponseBo springboot.controller.admin.SettingController.saveSetting(java.lang.String,javax.servlet.http.HttpServletRequest)
2018-11-05 23:28:23,347 INFO  o.s.w.s.m.m.a.RequestMappingHandlerMapping[543] - Mapped "{[/admin/setting/advanced],methods=[POST]}" onto public springboot.modal.bo.RestResponseBo springboot.controller.admin.SettingController.doAdvanced(java.lang.String,java.lang.String)
2018-11-05 23:28:23,347 INFO  o.s.w.s.m.m.a.RequestMappingHandlerMapping[543] - Mapped "{[/page/{p}],methods=[GET]}" onto public java.lang.String springboot.controller.home.IndexController.index(javax.servlet.http.HttpServletRequest,int,int)
2018-11-05 23:28:23,347 INFO  o.s.w.s.m.m.a.RequestMappingHandlerMapping[543] - Mapped "{[/],methods=[GET]}" onto private java.lang.String springboot.controller.home.IndexController.index(javax.servlet.http.HttpServletRequest,int)
2018-11-05 23:28:23,362 INFO  o.s.w.s.m.m.a.RequestMappingHandlerMapping[543] - Mapped "{[/search/{keyword}],methods=[GET]}" onto public java.lang.String springboot.controller.home.IndexController.search(javax.servlet.http.HttpServletRequest,java.lang.String,int)
2018-11-05 23:28:23,362 INFO  o.s.w.s.m.m.a.RequestMappingHandlerMapping[543] - Mapped "{[/search/{keyword}/{page}],methods=[GET]}" onto public java.lang.String springboot.controller.home.IndexController.search(javax.servlet.http.HttpServletRequest,java.lang.String,int,int)
2018-11-05 23:28:23,362 INFO  o.s.w.s.m.m.a.RequestMappingHandlerMapping[543] - Mapped "{[/comment],methods=[POST]}" onto public springboot.modal.bo.RestResponseBo springboot.controller.home.IndexController.comment(javax.servlet.http.HttpServletRequest,javax.servlet.http.HttpServletResponse,java.lang.Integer,java.lang.Integer,java.lang.String,java.lang.String,java.lang.String,java.lang.String,java.lang.String)
2018-11-05 23:28:23,362 INFO  o.s.w.s.m.m.a.RequestMappingHandlerMapping[543] - Mapped "{[/tag/{name}],methods=[GET]}" onto public java.lang.String springboot.controller.home.IndexController.tags(javax.servlet.http.HttpServletRequest,java.lang.String,int)
2018-11-05 23:28:23,362 INFO  o.s.w.s.m.m.a.RequestMappingHandlerMapping[543] - Mapped "{[/tag/{name}/{page}],methods=[GET]}" onto public java.lang.String springboot.controller.home.IndexController.tags(javax.servlet.http.HttpServletRequest,java.lang.String,int,int)
2018-11-05 23:28:23,362 INFO  o.s.w.s.m.m.a.RequestMappingHandlerMapping[543] - Mapped "{[/{pagename}],methods=[GET]}" onto public java.lang.String springboot.controller.home.IndexController.page(java.lang.String,javax.servlet.http.HttpServletRequest)
2018-11-05 23:28:23,362 INFO  o.s.w.s.m.m.a.RequestMappingHandlerMapping[543] - Mapped "{[/category/{keyword}],methods=[GET]}" onto public java.lang.String springboot.controller.home.IndexController.categories(javax.servlet.http.HttpServletRequest,java.lang.String,int)
2018-11-05 23:28:23,362 INFO  o.s.w.s.m.m.a.RequestMappingHandlerMapping[543] - Mapped "{[/category/{keyword}/{page}],methods=[GET]}" onto public java.lang.String springboot.controller.home.IndexController.categories(javax.servlet.http.HttpServletRequest,java.lang.String,int,int)
2018-11-05 23:28:23,362 INFO  o.s.w.s.m.m.a.RequestMappingHandlerMapping[543] - Mapped "{[/logout]}" onto public void springboot.controller.home.IndexController.logout(javax.servlet.http.HttpSession,javax.servlet.http.HttpServletResponse)
2018-11-05 23:28:23,362 INFO  o.s.w.s.m.m.a.RequestMappingHandlerMapping[543] - Mapped "{[/links],methods=[GET]}" onto public java.lang.String springboot.controller.home.IndexController.links(javax.servlet.http.HttpServletRequest)
2018-11-05 23:28:23,362 INFO  o.s.w.s.m.m.a.RequestMappingHandlerMapping[543] - Mapped "{[/pooruser/{uid} || /pooruser/{uid}.html],methods=[GET]}" onto public java.lang.String springboot.controller.home.IndexController.getPoorUser(javax.servlet.http.HttpServletRequest,java.lang.String)
2018-11-05 23:28:23,362 INFO  o.s.w.s.m.m.a.RequestMappingHandlerMapping[543] - Mapped "{[/article/{cid} || /article/{cid}.html],methods=[GET]}" onto public java.lang.String springboot.controller.home.IndexController.getArticle(javax.servlet.http.HttpServletRequest,java.lang.String)
2018-11-05 23:28:23,362 INFO  o.s.w.s.m.m.a.RequestMappingHandlerMapping[543] - Mapped "{[/pooruser/{uid}/preview || /pooruser/{uid}.html],methods=[GET]}" onto public java.lang.String springboot.controller.home.IndexController.poorUserPreview(javax.servlet.http.HttpServletRequest,java.lang.String)
2018-11-05 23:28:23,362 INFO  o.s.w.s.m.m.a.RequestMappingHandlerMapping[543] - Mapped "{[/article/{cid}/preview || /article/{cid}.html],methods=[GET]}" onto public java.lang.String springboot.controller.home.IndexController.articlePreview(javax.servlet.http.HttpServletRequest,java.lang.String)
2018-11-05 23:28:23,378 INFO  o.s.w.s.m.m.a.RequestMappingHandlerMapping[543] - Mapped "{[/archives],methods=[GET]}" onto public java.lang.String springboot.controller.home.IndexController.archives(javax.servlet.http.HttpServletRequest)
2018-11-05 23:28:23,378 INFO  o.s.w.s.m.m.a.RequestMappingHandlerMapping[543] - Mapped "{[/comm/ipban],methods=[GET]}" onto public java.lang.String springboot.controller.home.IndexController.ipBan(javax.servlet.http.HttpServletRequest)
2018-11-05 23:28:23,378 INFO  o.s.w.s.m.m.a.RequestMappingHandlerMapping[543] - Mapped "{[/error]}" onto public org.springframework.http.ResponseEntity<java.util.Map<java.lang.String, java.lang.Object>> org.springframework.boot.autoconfigure.web.BasicErrorController.error(javax.servlet.http.HttpServletRequest)
2018-11-05 23:28:23,378 INFO  o.s.w.s.m.m.a.RequestMappingHandlerMapping[543] - Mapped "{[/error],produces=[text/html]}" onto public org.springframework.web.servlet.ModelAndView org.springframework.boot.autoconfigure.web.BasicErrorController.errorHtml(javax.servlet.http.HttpServletRequest,javax.servlet.http.HttpServletResponse)
2018-11-05 23:28:23,425 INFO  o.s.w.s.h.SimpleUrlHandlerMapping[354] - Mapped URL path [/upload/**] onto handler of type [class org.springframework.web.servlet.resource.ResourceHttpRequestHandler]
2018-11-05 23:28:23,425 INFO  o.s.w.s.h.SimpleUrlHandlerMapping[354] - Mapped URL path [/webjars/**] onto handler of type [class org.springframework.web.servlet.resource.ResourceHttpRequestHandler]
2018-11-05 23:28:23,425 INFO  o.s.w.s.h.SimpleUrlHandlerMapping[354] - Mapped URL path [/**] onto handler of type [class org.springframework.web.servlet.resource.ResourceHttpRequestHandler]
2018-11-05 23:28:23,503 INFO  o.s.w.s.m.m.a.ExceptionHandlerExceptionResolver[273] - Detected @ExceptionHandler methods in globalExceptionHandler
2018-11-05 23:28:23,612 INFO  o.s.w.s.h.SimpleUrlHandlerMapping[354] - Mapped URL path [/**/favicon.ico] onto handler of type [class org.springframework.web.servlet.resource.ResourceHttpRequestHandler]
2018-11-05 23:28:24,797 INFO  o.s.b.d.a.OptionalLiveReloadServer[58] - LiveReload server is running on port 35729
2018-11-05 23:28:24,985 INFO  o.s.j.e.a.AnnotationMBeanExporter[431] - Registering beans for JMX exposure on startup
2018-11-05 23:28:25,000 INFO  o.s.j.e.a.AnnotationMBeanExporter[916] - Bean with name 'dataSource' has been autodetected for JMX exposure
2018-11-05 23:28:25,000 INFO  o.s.j.e.a.AnnotationMBeanExporter[671] - Located MBean 'dataSource': registering with JMX server as MBean [com.alibaba.druid.pool:name=dataSource,type=DruidDataSource]
2018-11-05 23:28:25,031 INFO  o.s.s.a.ScheduledAnnotationBeanPostProcessor[260] - No TaskScheduler/ScheduledExecutorService bean found for scheduled processing
2018-11-05 23:28:25,063 INFO  o.a.coyote.http11.Http11NioProtocol[179] - Initializing ProtocolHandler ["http-nio-80"]
2018-11-05 23:28:25,078 INFO  o.a.coyote.http11.Http11NioProtocol[179] - Starting ProtocolHandler [http-nio-80]
2018-11-05 23:28:25,109 INFO  o.a.tomcat.util.net.NioSelectorPool[179] - Using a shared selector for servlet write/read
2018-11-05 23:28:25,203 INFO  o.s.b.c.e.t.TomcatEmbeddedServletContainer[192] - Tomcat started on port(s): 80 (http)
2018-11-05 23:28:25,234 INFO  springboot.StartApplication[57] - Started StartApplication in 25.906 seconds (JVM running for 31.917)
2018-11-05 23:28:29,540 INFO  c.alibaba.druid.pool.DruidDataSource[721] - {dataSource-1} inited
2018-11-05 23:29:32,614 INFO  o.a.c.c.C.[Tomcat].[localhost].[/][179] - Initializing Spring FrameworkServlet 'dispatcherServlet'
2018-11-05 23:29:32,614 INFO  o.s.web.servlet.DispatcherServlet[489] - FrameworkServlet 'dispatcherServlet': initialization started
2018-11-05 23:29:32,710 INFO  o.s.web.servlet.DispatcherServlet[508] - FrameworkServlet 'dispatcherServlet': initialization completed in 95 ms
2018-11-05 23:29:32,760 INFO  s.interceptor.BaseInterceptor[44] - UserAgent: Mozilla/5.0 (Windows NT 6.1; WOW64) AppleWebKit/537.36 (KHTML, like Gecko) Chrome/65.0.3325.181 Safari/537.36
2018-11-05 23:29:32,761 INFO  s.interceptor.BaseInterceptor[45] - 用户访问地址: /admin, 来路地址: 0:0:0:0:0:0:0:1
2018-11-05 23:29:32,804 INFO  s.interceptor.BaseInterceptor[44] - UserAgent: Mozilla/5.0 (Windows NT 6.1; WOW64) AppleWebKit/537.36 (KHTML, like Gecko) Chrome/65.0.3325.181 Safari/537.36
2018-11-05 23:29:32,805 INFO  s.interceptor.BaseInterceptor[45] - 用户访问地址: /admin/login, 来路地址: 0:0:0:0:0:0:0:1
2018-11-05 23:29:32,916 INFO  springboot.util.LogAspect[36] - URL : http://localhost/admin/login,IP : 0:0:0:0:0:0:0:1,CLASS_METHOD : springboot.controller.admin.AuthController.login,ARGS : []
2018-11-05 23:29:32,922 INFO  springboot.util.LogAspect[42] - RESPONSE:admin/login
2018-11-05 23:29:46,158 INFO  s.interceptor.BaseInterceptor[44] - UserAgent: Mozilla/5.0 (Windows NT 6.1; WOW64) AppleWebKit/537.36 (KHTML, like Gecko) Chrome/65.0.3325.181 Safari/537.36
2018-11-05 23:29:46,158 INFO  s.interceptor.BaseInterceptor[45] - 用户访问地址: /admin/login, 来路地址: 0:0:0:0:0:0:0:1
2018-11-05 23:29:46,220 INFO  springboot.util.LogAspect[36] - URL : http://localhost/admin/login,IP : 0:0:0:0:0:0:0:1,CLASS_METHOD : springboot.controller.admin.AuthController.doLogin,ARGS : [admin, 123456, org.apache.catalina.connector.RequestFacade@1991ce7, org.apache.catalina.connector.ResponseFacade@70e8cfb4]
2018-11-05 23:29:46,433 INFO  springboot.util.LogAspect[42] - RESPONSE:springboot.modal.bo.RestResponseBo@5900408d
2018-11-05 23:29:46,611 INFO  s.interceptor.BaseInterceptor[44] - UserAgent: Mozilla/5.0 (Windows NT 6.1; WOW64) AppleWebKit/537.36 (KHTML, like Gecko) Chrome/65.0.3325.181 Safari/537.36
2018-11-05 23:29:46,612 INFO  s.interceptor.BaseInterceptor[45] - 用户访问地址: /admin/index, 来路地址: 0:0:0:0:0:0:0:1
2018-11-05 23:29:46,618 INFO  springboot.util.LogAspect[36] - URL : http://localhost/admin/index,IP : 0:0:0:0:0:0:0:1,CLASS_METHOD : springboot.controller.admin.IndexController.index,ARGS : [org.apache.catalina.connector.RequestFacade@1991ce7]
2018-11-05 23:29:46,983 INFO  springboot.util.LogAspect[42] - RESPONSE:admin/index
2018-11-05 23:29:57,003 INFO  s.interceptor.BaseInterceptor[44] - UserAgent: Mozilla/5.0 (Windows NT 6.1; WOW64) AppleWebKit/537.36 (KHTML, like Gecko) Chrome/65.0.3325.181 Safari/537.36
2018-11-05 23:29:57,003 INFO  s.interceptor.BaseInterceptor[45] - 用户访问地址: /admin/article/publish, 来路地址: 0:0:0:0:0:0:0:1
2018-11-05 23:29:57,022 INFO  springboot.util.LogAspect[36] - URL : http://localhost/admin/article/publish,IP : 0:0:0:0:0:0:0:1,CLASS_METHOD : springboot.controller.admin.ArticleController.newArticle,ARGS : [org.apache.catalina.connector.RequestFacade@28304474]
2018-11-05 23:29:57,051 INFO  springboot.util.LogAspect[42] - RESPONSE:admin/article_edit
2018-11-05 23:29:57,858 INFO  s.interceptor.BaseInterceptor[44] - UserAgent: Mozilla/5.0 (Windows NT 6.1; WOW64) AppleWebKit/537.36 (KHTML, like Gecko) Chrome/65.0.3325.181 Safari/537.36
2018-11-05 23:29:57,861 INFO  s.interceptor.BaseInterceptor[45] - 用户访问地址: /admin/article/undefined, 来路地址: 0:0:0:0:0:0:0:1
2018-11-05 23:29:57,872 INFO  springboot.util.LogAspect[36] - URL : http://localhost/admin/article/undefined,IP : 0:0:0:0:0:0:0:1,CLASS_METHOD : springboot.controller.admin.ArticleController.editArticle,ARGS : [undefined, org.apache.catalina.connector.RequestFacade@1991ce7]
2018-11-05 23:29:58,164 INFO  springboot.util.LogAspect[36] - URL : http://localhost/admin/article/undefined,IP : 0:0:0:0:0:0:0:1,CLASS_METHOD : springboot.controller.GlobalExceptionHandler.tipException,ARGS : [springboot.exception.TipException: query content by id and return is not one]
2018-11-05 23:29:58,169 INFO  springboot.util.LogAspect[42] - RESPONSE:comm/error_500
2018-11-05 23:30:24,810 INFO  s.interceptor.BaseInterceptor[44] - UserAgent: Mozilla/5.0 (Windows NT 6.1; WOW64) AppleWebKit/537.36 (KHTML, like Gecko) Chrome/65.0.3325.181 Safari/537.36
2018-11-05 23:30:24,810 INFO  s.interceptor.BaseInterceptor[45] - 用户访问地址: /admin/index, 来路地址: 0:0:0:0:0:0:0:1
2018-11-05 23:30:24,825 INFO  springboot.util.LogAspect[36] - URL : http://localhost/admin/index,IP : 0:0:0:0:0:0:0:1,CLASS_METHOD : springboot.controller.admin.IndexController.index,ARGS : [org.apache.catalina.connector.RequestFacade@22fe3477]
2018-11-05 23:30:24,869 INFO  springboot.util.LogAspect[42] - RESPONSE:admin/index
2018-11-05 23:30:26,710 INFO  s.interceptor.BaseInterceptor[44] - UserAgent: Mozilla/5.0 (Windows NT 6.1; WOW64) AppleWebKit/537.36 (KHTML, like Gecko) Chrome/65.0.3325.181 Safari/537.36
2018-11-05 23:30:26,713 INFO  s.interceptor.BaseInterceptor[45] - 用户访问地址: /admin/pooruser, 来路地址: 0:0:0:0:0:0:0:1
2018-11-05 23:30:26,740 INFO  springboot.util.LogAspect[36] - URL : http://localhost/admin/pooruser,IP : 0:0:0:0:0:0:0:1,CLASS_METHOD : springboot.controller.admin.PoorUserController.index,ARGS : [1, 15, org.apache.catalina.connector.RequestFacade@28304474]
2018-11-05 23:30:26,873 INFO  springboot.util.LogAspect[42] - RESPONSE:admin/pooruser_list
2018-11-05 23:30:28,060 INFO  s.interceptor.BaseInterceptor[44] - UserAgent: Mozilla/5.0 (Windows NT 6.1; WOW64) AppleWebKit/537.36 (KHTML, like Gecko) Chrome/65.0.3325.181 Safari/537.36
2018-11-05 23:30:28,062 INFO  s.interceptor.BaseInterceptor[45] - 用户访问地址: /admin/article/publish, 来路地址: 0:0:0:0:0:0:0:1
2018-11-05 23:30:28,065 INFO  springboot.util.LogAspect[36] - URL : http://localhost/admin/article/publish,IP : 0:0:0:0:0:0:0:1,CLASS_METHOD : springboot.controller.admin.ArticleController.newArticle,ARGS : [org.apache.catalina.connector.RequestFacade@28304474]
2018-11-05 23:30:28,071 INFO  springboot.util.LogAspect[42] - RESPONSE:admin/article_edit
2018-11-05 23:30:28,508 INFO  s.interceptor.BaseInterceptor[44] - UserAgent: Mozilla/5.0 (Windows NT 6.1; WOW64) AppleWebKit/537.36 (KHTML, like Gecko) Chrome/65.0.3325.181 Safari/537.36
2018-11-05 23:30:28,508 INFO  s.interceptor.BaseInterceptor[45] - 用户访问地址: /admin/article/undefined, 来路地址: 0:0:0:0:0:0:0:1
2018-11-05 23:30:28,510 INFO  springboot.util.LogAspect[36] - URL : http://localhost/admin/article/undefined,IP : 0:0:0:0:0:0:0:1,CLASS_METHOD : springboot.controller.admin.ArticleController.editArticle,ARGS : [undefined, org.apache.catalina.connector.RequestFacade@28304474]
2018-11-05 23:30:28,513 INFO  springboot.util.LogAspect[36] - URL : http://localhost/admin/article/undefined,IP : 0:0:0:0:0:0:0:1,CLASS_METHOD : springboot.controller.GlobalExceptionHandler.tipException,ARGS : [springboot.exception.TipException: query content by id and return is not one]
2018-11-05 23:30:28,514 INFO  springboot.util.LogAspect[42] - RESPONSE:comm/error_500
2018-11-05 23:30:28,847 INFO  s.interceptor.BaseInterceptor[44] - UserAgent: Mozilla/5.0 (Windows NT 6.1; WOW64) AppleWebKit/537.36 (KHTML, like Gecko) Chrome/65.0.3325.181 Safari/537.36
2018-11-05 23:30:28,847 INFO  s.interceptor.BaseInterceptor[45] - 用户访问地址: /admin/pooruser, 来路地址: 0:0:0:0:0:0:0:1
2018-11-05 23:30:28,847 INFO  springboot.util.LogAspect[36] - URL : http://localhost/admin/pooruser,IP : 0:0:0:0:0:0:0:1,CLASS_METHOD : springboot.controller.admin.PoorUserController.index,ARGS : [1, 15, org.apache.catalina.connector.RequestFacade@28304474]
2018-11-05 23:30:28,847 INFO  springboot.util.LogAspect[42] - RESPONSE:admin/pooruser_list
2018-11-05 23:30:40,494 INFO  s.interceptor.BaseInterceptor[44] - UserAgent: Mozilla/5.0 (Windows NT 6.1; WOW64) AppleWebKit/537.36 (KHTML, like Gecko) Chrome/65.0.3325.181 Safari/537.36
2018-11-05 23:30:40,494 INFO  s.interceptor.BaseInterceptor[45] - 用户访问地址: /admin/pooruser/new, 来路地址: 0:0:0:0:0:0:0:1
2018-11-05 23:30:40,495 INFO  springboot.util.LogAspect[36] - URL : http://localhost/admin/pooruser/new,IP : 0:0:0:0:0:0:0:1,CLASS_METHOD : springboot.controller.admin.PoorUserController.newPage,ARGS : [org.apache.catalina.connector.RequestFacade@22fe3477]
2018-11-05 23:30:40,495 INFO  springboot.util.LogAspect[42] - RESPONSE:admin/pooruser_edit
2018-11-05 23:33:04,563 INFO  s.interceptor.BaseInterceptor[44] - UserAgent: Mozilla/5.0 (Windows NT 6.1; WOW64) AppleWebKit/537.36 (KHTML, like Gecko) Chrome/65.0.3325.181 Safari/537.36
2018-11-05 23:33:04,565 INFO  s.interceptor.BaseInterceptor[45] - 用户访问地址: /admin/pooruser/publish, 来路地址: 0:0:0:0:0:0:0:1
2018-11-05 23:33:04,576 INFO  springboot.util.LogAspect[36] - URL : http://localhost/admin/pooruser/publish,IP : 0:0:0:0:0:0:0:1,CLASS_METHOD : springboot.controller.admin.PoorUserController.publishPage,ARGS : [PoorUserVo{uid=null, username='aaa', mobilePhone='sdsd', email='aaa', idNumber='sds', age='aa', status='publish', type='null', type='null', poorReason=sdsds, outPoorDate=1541433600, enjoyPolicy=  #   html的, infoImage='null'}, org.apache.catalina.connector.RequestFacade@73b47eb0]
2018-11-05 23:33:04,683 INFO  springboot.util.LogAspect[42] - RESPONSE:springboot.modal.bo.RestResponseBo@8a47da2
2018-11-05 23:33:06,252 INFO  s.interceptor.BaseInterceptor[44] - UserAgent: Mozilla/5.0 (Windows NT 6.1; WOW64) AppleWebKit/537.36 (KHTML, like Gecko) Chrome/65.0.3325.181 Safari/537.36
2018-11-05 23:33:06,252 INFO  s.interceptor.BaseInterceptor[45] - 用户访问地址: /admin/pooruser, 来路地址: 0:0:0:0:0:0:0:1
2018-11-05 23:33:06,253 INFO  springboot.util.LogAspect[36] - URL : http://localhost/admin/pooruser,IP : 0:0:0:0:0:0:0:1,CLASS_METHOD : springboot.controller.admin.PoorUserController.index,ARGS : [1, 15, org.apache.catalina.connector.RequestFacade@73b47eb0]
2018-11-05 23:33:06,273 INFO  springboot.util.LogAspect[42] - RESPONSE:admin/pooruser_list
2018-11-05 23:33:09,567 INFO  s.interceptor.BaseInterceptor[44] - UserAgent: Mozilla/5.0 (Windows NT 6.1; WOW64) AppleWebKit/537.36 (KHTML, like Gecko) Chrome/65.0.3325.181 Safari/537.36
2018-11-05 23:33:09,568 INFO  s.interceptor.BaseInterceptor[45] - 用户访问地址: /admin/pooruser/1, 来路地址: 0:0:0:0:0:0:0:1
2018-11-05 23:33:09,569 INFO  springboot.util.LogAspect[36] - URL : http://localhost/admin/pooruser/1,IP : 0:0:0:0:0:0:0:1,CLASS_METHOD : springboot.controller.admin.PoorUserController.editPage,ARGS : [1, org.apache.catalina.connector.RequestFacade@7d9ed4a0]
2018-11-05 23:33:09,634 INFO  springboot.util.LogAspect[42] - RESPONSE:admin/pooruser_edit
2018-11-05 23:33:12,617 INFO  s.interceptor.BaseInterceptor[44] - UserAgent: Mozilla/5.0 (Windows NT 6.1; WOW64) AppleWebKit/537.36 (KHTML, like Gecko) Chrome/65.0.3325.181 Safari/537.36
2018-11-05 23:33:12,617 INFO  s.interceptor.BaseInterceptor[45] - 用户访问地址: /admin/pooruser/modify, 来路地址: 0:0:0:0:0:0:0:1
2018-11-05 23:33:12,617 INFO  springboot.util.LogAspect[36] - URL : http://localhost/admin/pooruser/modify,IP : 0:0:0:0:0:0:0:1,CLASS_METHOD : springboot.controller.admin.PoorUserController.modifyArticle,ARGS : [PoorUserVo{uid=1, username='aaa', mobilePhone='sdsd', email='aaa', idNumber='sds', age='aa', status='publish', type='null', type='null', poorReason=sdsds, outPoorDate=null, enjoyPolicy=  #   html的, infoImage='null'}, org.apache.catalina.connector.RequestFacade@7d9ed4a0]
2018-11-05 23:33:12,749 INFO  springboot.util.LogAspect[42] - RESPONSE:springboot.modal.bo.RestResponseBo@3c61c151
2018-11-05 23:33:14,195 INFO  s.interceptor.BaseInterceptor[44] - UserAgent: Mozilla/5.0 (Windows NT 6.1; WOW64) AppleWebKit/537.36 (KHTML, like Gecko) Chrome/65.0.3325.181 Safari/537.36
2018-11-05 23:33:14,197 INFO  s.interceptor.BaseInterceptor[45] - 用户访问地址: /admin/pooruser, 来路地址: 0:0:0:0:0:0:0:1
2018-11-05 23:33:14,202 INFO  springboot.util.LogAspect[36] - URL : http://localhost/admin/pooruser,IP : 0:0:0:0:0:0:0:1,CLASS_METHOD : springboot.controller.admin.PoorUserController.index,ARGS : [1, 15, org.apache.catalina.connector.RequestFacade@7d9ed4a0]
2018-11-05 23:33:14,236 INFO  springboot.util.LogAspect[42] - RESPONSE:admin/pooruser_list
2018-11-05 23:33:16,760 INFO  s.interceptor.BaseInterceptor[44] - UserAgent: Mozilla/5.0 (Windows NT 6.1; WOW64) AppleWebKit/537.36 (KHTML, like Gecko) Chrome/65.0.3325.181 Safari/537.36
2018-11-05 23:33:16,760 INFO  s.interceptor.BaseInterceptor[45] - 用户访问地址: /pooruser/1/preview, 来路地址: 0:0:0:0:0:0:0:1
2018-11-05 23:33:16,777 INFO  springboot.util.LogAspect[36] - URL : http://localhost/pooruser/1/preview,IP : 0:0:0:0:0:0:0:1,CLASS_METHOD : springboot.controller.home.IndexController.poorUserPreview,ARGS : [org.apache.catalina.connector.RequestFacade@20e9e720, 1]
2018-11-05 23:33:16,870 INFO  springboot.util.LogAspect[42] - RESPONSE:themes/jantent/prepooruser
2018-11-05 23:33:36,424 INFO  s.interceptor.BaseInterceptor[44] - UserAgent: Mozilla/5.0 (Windows NT 6.1; WOW64) AppleWebKit/537.36 (KHTML, like Gecko) Chrome/65.0.3325.181 Safari/537.36
2018-11-05 23:33:36,425 INFO  s.interceptor.BaseInterceptor[45] - 用户访问地址: /admin/page/delete, 来路地址: 0:0:0:0:0:0:0:1
2018-11-05 23:33:36,431 INFO  springboot.util.LogAspect[36] - URL : http://localhost/admin/page/delete,IP : 0:0:0:0:0:0:0:1,CLASS_METHOD : springboot.controller.admin.PageController.delete,ARGS : [1, org.apache.catalina.connector.RequestFacade@7d9ed4a0]
2018-11-05 23:33:36,498 INFO  springboot.util.LogAspect[42] - RESPONSE:springboot.modal.bo.RestResponseBo@33873454
2018-11-05 23:33:36,596 INFO  s.interceptor.BaseInterceptor[44] - UserAgent: Mozilla/5.0 (Windows NT 6.1; WOW64) AppleWebKit/537.36 (KHTML, like Gecko) Chrome/65.0.3325.181 Safari/537.36
2018-11-05 23:33:36,597 INFO  s.interceptor.BaseInterceptor[45] - 用户访问地址: /admin/pooruser, 来路地址: 0:0:0:0:0:0:0:1
2018-11-05 23:33:36,601 INFO  springboot.util.LogAspect[36] - URL : http://localhost/admin/pooruser,IP : 0:0:0:0:0:0:0:1,CLASS_METHOD : springboot.controller.admin.PoorUserController.index,ARGS : [1, 15, org.apache.catalina.connector.RequestFacade@7d9ed4a0]
2018-11-05 23:33:36,613 INFO  springboot.util.LogAspect[42] - RESPONSE:admin/pooruser_list
2018-11-05 23:33:40,018 INFO  s.interceptor.BaseInterceptor[44] - UserAgent: Mozilla/5.0 (Windows NT 6.1; WOW64) AppleWebKit/537.36 (KHTML, like Gecko) Chrome/65.0.3325.181 Safari/537.36
2018-11-05 23:33:40,018 INFO  s.interceptor.BaseInterceptor[45] - 用户访问地址: /admin/pooruser, 来路地址: 0:0:0:0:0:0:0:1
2018-11-05 23:33:40,018 INFO  springboot.util.LogAspect[36] - URL : http://localhost/admin/pooruser,IP : 0:0:0:0:0:0:0:1,CLASS_METHOD : springboot.controller.admin.PoorUserController.index,ARGS : [1, 15, org.apache.catalina.connector.RequestFacade@22fe3477]
2018-11-05 23:33:40,036 INFO  springboot.util.LogAspect[42] - RESPONSE:admin/pooruser_list
2018-11-05 23:33:42,435 INFO  s.interceptor.BaseInterceptor[44] - UserAgent: Mozilla/5.0 (Windows NT 6.1; WOW64) AppleWebKit/537.36 (KHTML, like Gecko) Chrome/65.0.3325.181 Safari/537.36
2018-11-05 23:33:42,435 INFO  s.interceptor.BaseInterceptor[45] - 用户访问地址: /admin/pooruser, 来路地址: 0:0:0:0:0:0:0:1
2018-11-05 23:33:42,435 INFO  springboot.util.LogAspect[36] - URL : http://localhost/admin/pooruser,IP : 0:0:0:0:0:0:0:1,CLASS_METHOD : springboot.controller.admin.PoorUserController.index,ARGS : [1, 15, org.apache.catalina.connector.RequestFacade@7d9ed4a0]
2018-11-05 23:33:42,451 INFO  springboot.util.LogAspect[42] - RESPONSE:admin/pooruser_list
2018-11-05 23:33:49,385 INFO  s.interceptor.BaseInterceptor[44] - UserAgent: Mozilla/5.0 (Windows NT 6.1; WOW64) AppleWebKit/537.36 (KHTML, like Gecko) Chrome/65.0.3325.181 Safari/537.36
2018-11-05 23:33:49,385 INFO  s.interceptor.BaseInterceptor[45] - 用户访问地址: /admin/pooruser, 来路地址: 0:0:0:0:0:0:0:1
2018-11-05 23:33:49,385 INFO  springboot.util.LogAspect[36] - URL : http://localhost/admin/pooruser,IP : 0:0:0:0:0:0:0:1,CLASS_METHOD : springboot.controller.admin.PoorUserController.index,ARGS : [1, 15, org.apache.catalina.connector.RequestFacade@7d9ed4a0]
2018-11-05 23:33:49,405 INFO  springboot.util.LogAspect[42] - RESPONSE:admin/pooruser_list
2018-11-05 23:33:50,162 INFO  s.interceptor.BaseInterceptor[44] - UserAgent: Mozilla/5.0 (Windows NT 6.1; WOW64) AppleWebKit/537.36 (KHTML, like Gecko) Chrome/65.0.3325.181 Safari/537.36
2018-11-05 23:33:50,200 INFO  s.interceptor.BaseInterceptor[45] - 用户访问地址: /admin/pooruser, 来路地址: 0:0:0:0:0:0:0:1
2018-11-05 23:33:50,202 INFO  springboot.util.LogAspect[36] - URL : http://localhost/admin/pooruser,IP : 0:0:0:0:0:0:0:1,CLASS_METHOD : springboot.controller.admin.PoorUserController.index,ARGS : [1, 15, org.apache.catalina.connector.RequestFacade@7d9ed4a0]
2018-11-05 23:33:50,235 INFO  springboot.util.LogAspect[42] - RESPONSE:admin/pooruser_list
2018-11-05 23:33:51,241 INFO  s.interceptor.BaseInterceptor[44] - UserAgent: Mozilla/5.0 (Windows NT 6.1; WOW64) AppleWebKit/537.36 (KHTML, like Gecko) Chrome/65.0.3325.181 Safari/537.36
2018-11-05 23:33:51,243 INFO  s.interceptor.BaseInterceptor[45] - 用户访问地址: /admin/article/publish, 来路地址: 0:0:0:0:0:0:0:1
2018-11-05 23:33:51,254 INFO  springboot.util.LogAspect[36] - URL : http://localhost/admin/article/publish,IP : 0:0:0:0:0:0:0:1,CLASS_METHOD : springboot.controller.admin.ArticleController.newArticle,ARGS : [org.apache.catalina.connector.RequestFacade@7d9ed4a0]
2018-11-05 23:33:51,260 INFO  springboot.util.LogAspect[42] - RESPONSE:admin/article_edit
2018-11-05 23:33:51,713 INFO  s.interceptor.BaseInterceptor[44] - UserAgent: Mozilla/5.0 (Windows NT 6.1; WOW64) AppleWebKit/537.36 (KHTML, like Gecko) Chrome/65.0.3325.181 Safari/537.36
2018-11-05 23:33:51,714 INFO  s.interceptor.BaseInterceptor[45] - 用户访问地址: /admin/article/undefined, 来路地址: 0:0:0:0:0:0:0:1
2018-11-05 23:33:51,715 INFO  springboot.util.LogAspect[36] - URL : http://localhost/admin/article/undefined,IP : 0:0:0:0:0:0:0:1,CLASS_METHOD : springboot.controller.admin.ArticleController.editArticle,ARGS : [undefined, org.apache.catalina.connector.RequestFacade@7d9ed4a0]
2018-11-05 23:33:51,719 INFO  springboot.util.LogAspect[36] - URL : http://localhost/admin/article/undefined,IP : 0:0:0:0:0:0:0:1,CLASS_METHOD : springboot.controller.GlobalExceptionHandler.tipException,ARGS : [springboot.exception.TipException: query content by id and return is not one]
2018-11-05 23:33:51,720 INFO  springboot.util.LogAspect[42] - RESPONSE:comm/error_500
2018-11-05 23:34:00,538 INFO  s.interceptor.BaseInterceptor[44] - UserAgent: Mozilla/5.0 (Windows NT 6.1; WOW64) AppleWebKit/537.36 (KHTML, like Gecko) Chrome/65.0.3325.181 Safari/537.36
2018-11-05 23:34:00,538 INFO  s.interceptor.BaseInterceptor[45] - 用户访问地址: /admin/article/publish, 来路地址: 0:0:0:0:0:0:0:1
2018-11-05 23:34:00,538 INFO  springboot.util.LogAspect[36] - URL : http://localhost/admin/article/publish,IP : 0:0:0:0:0:0:0:1,CLASS_METHOD : springboot.controller.admin.ArticleController.publishArticle,ARGS : [springboot.modal.vo.ContentVo@7edee474, org.apache.catalina.connector.RequestFacade@73b47eb0]
2018-11-05 23:34:00,789 INFO  springboot.util.LogAspect[42] - RESPONSE:springboot.modal.bo.RestResponseBo@435fcb28
2018-11-05 23:34:02,385 INFO  s.interceptor.BaseInterceptor[44] - UserAgent: Mozilla/5.0 (Windows NT 6.1; WOW64) AppleWebKit/537.36 (KHTML, like Gecko) Chrome/65.0.3325.181 Safari/537.36
2018-11-05 23:34:02,417 INFO  s.interceptor.BaseInterceptor[45] - 用户访问地址: /admin/article, 来路地址: 0:0:0:0:0:0:0:1
2018-11-05 23:34:02,420 INFO  springboot.util.LogAspect[36] - URL : http://localhost/admin/article,IP : 0:0:0:0:0:0:0:1,CLASS_METHOD : springboot.controller.admin.ArticleController.index,ARGS : [1, 15, org.apache.catalina.connector.RequestFacade@73b47eb0]
2018-11-05 23:34:02,428 INFO  springboot.util.LogAspect[42] - RESPONSE:admin/article_list
2018-11-05 23:34:05,497 INFO  s.interceptor.BaseInterceptor[44] - UserAgent: Mozilla/5.0 (Windows NT 6.1; WOW64) AppleWebKit/537.36 (KHTML, like Gecko) Chrome/65.0.3325.181 Safari/537.36
2018-11-05 23:34:05,498 INFO  s.interceptor.BaseInterceptor[45] - 用户访问地址: /admin/article/delete, 来路地址: 0:0:0:0:0:0:0:1
2018-11-05 23:34:05,502 INFO  springboot.util.LogAspect[36] - URL : http://localhost/admin/article/delete,IP : 0:0:0:0:0:0:0:1,CLASS_METHOD : springboot.controller.admin.ArticleController.delete,ARGS : [3, org.apache.catalina.connector.RequestFacade@20e9e720]
2018-11-05 23:34:05,569 INFO  springboot.util.LogAspect[42] - RESPONSE:springboot.modal.bo.RestResponseBo@18daa69f
2018-11-05 23:34:05,678 INFO  s.interceptor.BaseInterceptor[44] - UserAgent: Mozilla/5.0 (Windows NT 6.1; WOW64) AppleWebKit/537.36 (KHTML, like Gecko) Chrome/65.0.3325.181 Safari/537.36
2018-11-05 23:34:05,678 INFO  s.interceptor.BaseInterceptor[45] - 用户访问地址: /admin/article, 来路地址: 0:0:0:0:0:0:0:1
2018-11-05 23:34:05,682 INFO  springboot.util.LogAspect[36] - URL : http://localhost/admin/article,IP : 0:0:0:0:0:0:0:1,CLASS_METHOD : springboot.controller.admin.ArticleController.index,ARGS : [1, 15, org.apache.catalina.connector.RequestFacade@20e9e720]
2018-11-05 23:34:05,692 INFO  springboot.util.LogAspect[42] - RESPONSE:admin/article_list
2018-11-05 23:34:09,808 INFO  s.interceptor.BaseInterceptor[44] - UserAgent: Mozilla/5.0 (Windows NT 6.1; WOW64) AppleWebKit/537.36 (KHTML, like Gecko) Chrome/65.0.3325.181 Safari/537.36
2018-11-05 23:34:09,809 INFO  s.interceptor.BaseInterceptor[45] - 用户访问地址: /admin/article/delete, 来路地址: 0:0:0:0:0:0:0:1
2018-11-05 23:34:09,812 INFO  springboot.util.LogAspect[36] - URL : http://localhost/admin/article/delete,IP : 0:0:0:0:0:0:0:1,CLASS_METHOD : springboot.controller.admin.ArticleController.delete,ARGS : [5, org.apache.catalina.connector.RequestFacade@73b47eb0]
2018-11-05 23:34:09,883 INFO  springboot.util.LogAspect[42] - RESPONSE:springboot.modal.bo.RestResponseBo@47e0899d
2018-11-05 23:34:10,188 INFO  s.interceptor.BaseInterceptor[44] - UserAgent: Mozilla/5.0 (Windows NT 6.1; WOW64) AppleWebKit/537.36 (KHTML, like Gecko) Chrome/65.0.3325.181 Safari/537.36
2018-11-05 23:34:10,188 INFO  s.interceptor.BaseInterceptor[45] - 用户访问地址: /admin/article, 来路地址: 0:0:0:0:0:0:0:1
2018-11-05 23:34:10,190 INFO  springboot.util.LogAspect[36] - URL : http://localhost/admin/article,IP : 0:0:0:0:0:0:0:1,CLASS_METHOD : springboot.controller.admin.ArticleController.index,ARGS : [1, 15, org.apache.catalina.connector.RequestFacade@73b47eb0]
2018-11-05 23:34:10,200 INFO  springboot.util.LogAspect[42] - RESPONSE:admin/article_list
2018-11-05 23:34:34,786 INFO  s.interceptor.BaseInterceptor[44] - UserAgent: Mozilla/5.0 (Windows NT 6.1; WOW64) AppleWebKit/537.36 (KHTML, like Gecko) Chrome/65.0.3325.181 Safari/537.36
2018-11-05 23:34:34,786 INFO  s.interceptor.BaseInterceptor[45] - 用户访问地址: /admin/page, 来路地址: 0:0:0:0:0:0:0:1
2018-11-05 23:34:34,786 INFO  springboot.util.LogAspect[36] - URL : http://localhost/admin/page,IP : 0:0:0:0:0:0:0:1,CLASS_METHOD : springboot.controller.admin.PageController.index,ARGS : [org.apache.catalina.connector.RequestFacade@20e9e720]
2018-11-05 23:34:34,815 INFO  springboot.util.LogAspect[42] - RESPONSE:admin/page_list
2018-11-05 23:34:43,938 INFO  s.interceptor.BaseInterceptor[44] - UserAgent: Mozilla/5.0 (Windows NT 6.1; WOW64) AppleWebKit/537.36 (KHTML, like Gecko) Chrome/65.0.3325.181 Safari/537.36
2018-11-05 23:34:43,939 INFO  s.interceptor.BaseInterceptor[45] - 用户访问地址: /admin/page/delete, 来路地址: 0:0:0:0:0:0:0:1
2018-11-05 23:34:43,942 INFO  springboot.util.LogAspect[36] - URL : http://localhost/admin/page/delete,IP : 0:0:0:0:0:0:0:1,CLASS_METHOD : springboot.controller.admin.PageController.delete,ARGS : [4, org.apache.catalina.connector.RequestFacade@7d9ed4a0]
2018-11-05 23:34:43,996 INFO  springboot.util.LogAspect[42] - RESPONSE:springboot.modal.bo.RestResponseBo@8e55bd5
2018-11-05 23:34:44,172 INFO  s.interceptor.BaseInterceptor[44] - UserAgent: Mozilla/5.0 (Windows NT 6.1; WOW64) AppleWebKit/537.36 (KHTML, like Gecko) Chrome/65.0.3325.181 Safari/537.36
2018-11-05 23:34:44,172 INFO  s.interceptor.BaseInterceptor[45] - 用户访问地址: /admin/page, 来路地址: 0:0:0:0:0:0:0:1
2018-11-05 23:34:44,172 INFO  springboot.util.LogAspect[36] - URL : http://localhost/admin/page,IP : 0:0:0:0:0:0:0:1,CLASS_METHOD : springboot.controller.admin.PageController.index,ARGS : [org.apache.catalina.connector.RequestFacade@7d9ed4a0]
2018-11-05 23:34:44,185 INFO  springboot.util.LogAspect[42] - RESPONSE:admin/page_list
2018-11-05 23:34:47,353 INFO  s.interceptor.BaseInterceptor[44] - UserAgent: Mozilla/5.0 (Windows NT 6.1; WOW64) AppleWebKit/537.36 (KHTML, like Gecko) Chrome/65.0.3325.181 Safari/537.36
2018-11-05 23:34:47,354 INFO  s.interceptor.BaseInterceptor[45] - 用户访问地址: /admin/comments, 来路地址: 0:0:0:0:0:0:0:1
2018-11-05 23:34:47,380 INFO  springboot.util.LogAspect[36] - URL : http://localhost/admin/comments,IP : 0:0:0:0:0:0:0:1,CLASS_METHOD : springboot.controller.admin.CommentController.index,ARGS : [1, 15, org.apache.catalina.connector.RequestFacade@73b47eb0]
2018-11-05 23:34:47,393 INFO  springboot.util.LogAspect[42] - RESPONSE:admin/comment_list
2018-11-05 23:35:17,393 INFO  s.interceptor.BaseInterceptor[44] - UserAgent: Mozilla/5.0 (Windows NT 6.1; WOW64) AppleWebKit/537.36 (KHTML, like Gecko) Chrome/65.0.3325.181 Safari/537.36
2018-11-05 23:35:17,409 INFO  s.interceptor.BaseInterceptor[45] - 用户访问地址: /admin/category, 来路地址: 0:0:0:0:0:0:0:1
2018-11-05 23:35:17,417 INFO  springboot.util.LogAspect[36] - URL : http://localhost/admin/category,IP : 0:0:0:0:0:0:0:1,CLASS_METHOD : springboot.controller.admin.CategoryController.index,ARGS : [org.apache.catalina.connector.RequestFacade@73b47eb0]
2018-11-05 23:35:17,461 INFO  springboot.util.LogAspect[42] - RESPONSE:admin/category
2018-11-05 23:35:22,330 INFO  s.interceptor.BaseInterceptor[44] - UserAgent: Mozilla/5.0 (Windows NT 6.1; WOW64) AppleWebKit/537.36 (KHTML, like Gecko) Chrome/65.0.3325.181 Safari/537.36
2018-11-05 23:35:22,330 INFO  s.interceptor.BaseInterceptor[45] - 用户访问地址: /admin/category/delete, 来路地址: 0:0:0:0:0:0:0:1
2018-11-05 23:35:22,332 INFO  springboot.util.LogAspect[36] - URL : http://localhost/admin/category/delete,IP : 0:0:0:0:0:0:0:1,CLASS_METHOD : springboot.controller.admin.CategoryController.delete,ARGS : [9]
2018-11-05 23:35:22,384 INFO  springboot.util.LogAspect[42] - RESPONSE:springboot.modal.bo.RestResponseBo@1cc25559
2018-11-05 23:35:22,505 INFO  s.interceptor.BaseInterceptor[44] - UserAgent: Mozilla/5.0 (Windows NT 6.1; WOW64) AppleWebKit/537.36 (KHTML, like Gecko) Chrome/65.0.3325.181 Safari/537.36
2018-11-05 23:35:22,505 INFO  s.interceptor.BaseInterceptor[45] - 用户访问地址: /admin/category, 来路地址: 0:0:0:0:0:0:0:1
2018-11-05 23:35:22,506 INFO  springboot.util.LogAspect[36] - URL : http://localhost/admin/category,IP : 0:0:0:0:0:0:0:1,CLASS_METHOD : springboot.controller.admin.CategoryController.index,ARGS : [org.apache.catalina.connector.RequestFacade@73b47eb0]
2018-11-05 23:35:22,512 INFO  springboot.util.LogAspect[42] - RESPONSE:admin/category
2018-11-05 23:35:25,673 INFO  s.interceptor.BaseInterceptor[44] - UserAgent: Mozilla/5.0 (Windows NT 6.1; WOW64) AppleWebKit/537.36 (KHTML, like Gecko) Chrome/65.0.3325.181 Safari/537.36
2018-11-05 23:35:25,674 INFO  s.interceptor.BaseInterceptor[45] - 用户访问地址: /admin/category/delete, 来路地址: 0:0:0:0:0:0:0:1
2018-11-05 23:35:25,675 INFO  springboot.util.LogAspect[36] - URL : http://localhost/admin/category/delete,IP : 0:0:0:0:0:0:0:1,CLASS_METHOD : springboot.controller.admin.CategoryController.delete,ARGS : [5]
2018-11-05 23:35:25,697 INFO  springboot.util.LogAspect[42] - RESPONSE:springboot.modal.bo.RestResponseBo@4fc9b29d
2018-11-05 23:35:25,769 INFO  s.interceptor.BaseInterceptor[44] - UserAgent: Mozilla/5.0 (Windows NT 6.1; WOW64) AppleWebKit/537.36 (KHTML, like Gecko) Chrome/65.0.3325.181 Safari/537.36
2018-11-05 23:35:25,769 INFO  s.interceptor.BaseInterceptor[45] - 用户访问地址: /admin/category, 来路地址: 0:0:0:0:0:0:0:1
2018-11-05 23:35:25,771 INFO  springboot.util.LogAspect[36] - URL : http://localhost/admin/category,IP : 0:0:0:0:0:0:0:1,CLASS_METHOD : springboot.controller.admin.CategoryController.index,ARGS : [org.apache.catalina.connector.RequestFacade@7d9ed4a0]
2018-11-05 23:35:25,783 INFO  springboot.util.LogAspect[42] - RESPONSE:admin/category
2018-11-05 23:35:51,806 INFO  s.interceptor.BaseInterceptor[44] - UserAgent: Mozilla/5.0 (Windows NT 6.1; WOW64) AppleWebKit/537.36 (KHTML, like Gecko) Chrome/65.0.3325.181 Safari/537.36
2018-11-05 23:35:51,807 INFO  s.interceptor.BaseInterceptor[45] - 用户访问地址: /admin/attach, 来路地址: 0:0:0:0:0:0:0:1
2018-11-05 23:35:51,812 INFO  springboot.util.LogAspect[36] - URL : http://localhost/admin/attach,IP : 0:0:0:0:0:0:0:1,CLASS_METHOD : springboot.controller.admin.AttachController.index,ARGS : [org.apache.catalina.connector.RequestFacade@20e9e720, 1, 12]
2018-11-05 23:35:51,831 INFO  springboot.util.LogAspect[42] - RESPONSE:admin/attach
2018-11-05 23:35:55,225 INFO  s.interceptor.BaseInterceptor[44] - UserAgent: Mozilla/5.0 (Windows NT 6.1; WOW64) AppleWebKit/537.36 (KHTML, like Gecko) Chrome/65.0.3325.181 Safari/537.36
2018-11-05 23:35:55,226 INFO  s.interceptor.BaseInterceptor[45] - 用户访问地址: /admin/attach/delete, 来路地址: 0:0:0:0:0:0:0:1
2018-11-05 23:35:55,231 INFO  springboot.util.LogAspect[36] - URL : http://localhost/admin/attach/delete,IP : 0:0:0:0:0:0:0:1,CLASS_METHOD : springboot.controller.admin.AttachController.delete,ARGS : [2, org.apache.catalina.connector.RequestFacade@22fe3477]
2018-11-05 23:35:55,246 INFO  springboot.util.LogAspect[42] - RESPONSE:springboot.modal.bo.RestResponseBo@2e5550d1
2018-11-05 23:35:55,335 INFO  s.interceptor.BaseInterceptor[44] - UserAgent: Mozilla/5.0 (Windows NT 6.1; WOW64) AppleWebKit/537.36 (KHTML, like Gecko) Chrome/65.0.3325.181 Safari/537.36
2018-11-05 23:35:55,335 INFO  s.interceptor.BaseInterceptor[45] - 用户访问地址: /admin/attach, 来路地址: 0:0:0:0:0:0:0:1
2018-11-05 23:35:55,336 INFO  springboot.util.LogAspect[36] - URL : http://localhost/admin/attach,IP : 0:0:0:0:0:0:0:1,CLASS_METHOD : springboot.controller.admin.AttachController.index,ARGS : [org.apache.catalina.connector.RequestFacade@22fe3477, 1, 12]
2018-11-05 23:35:55,337 INFO  springboot.util.LogAspect[42] - RESPONSE:admin/attach
2018-11-05 23:35:57,065 INFO  s.interceptor.BaseInterceptor[44] - UserAgent: Mozilla/5.0 (Windows NT 6.1; WOW64) AppleWebKit/537.36 (KHTML, like Gecko) Chrome/65.0.3325.181 Safari/537.36
2018-11-05 23:35:57,067 INFO  s.interceptor.BaseInterceptor[45] - 用户访问地址: /admin/links, 来路地址: 0:0:0:0:0:0:0:1
2018-11-05 23:35:57,069 INFO  springboot.util.LogAspect[36] - URL : http://localhost/admin/links,IP : 0:0:0:0:0:0:0:1,CLASS_METHOD : springboot.controller.admin.LinkController.index,ARGS : [org.apache.catalina.connector.RequestFacade@22fe3477]
2018-11-05 23:35:57,087 INFO  springboot.util.LogAspect[42] - RESPONSE:admin/links
2018-11-05 23:36:01,324 INFO  s.interceptor.BaseInterceptor[44] - UserAgent: Mozilla/5.0 (Windows NT 6.1; WOW64) AppleWebKit/537.36 (KHTML, like Gecko) Chrome/65.0.3325.181 Safari/537.36
2018-11-05 23:36:01,325 INFO  s.interceptor.BaseInterceptor[45] - 用户访问地址: /admin/links/delete, 来路地址: 0:0:0:0:0:0:0:1
2018-11-05 23:36:01,329 INFO  springboot.util.LogAspect[36] - URL : http://localhost/admin/links/delete,IP : 0:0:0:0:0:0:0:1,CLASS_METHOD : springboot.controller.admin.LinkController.delete,ARGS : [8]
2018-11-05 23:36:01,355 INFO  springboot.util.LogAspect[42] - RESPONSE:springboot.modal.bo.RestResponseBo@1eacb258
2018-11-05 23:36:01,494 INFO  s.interceptor.BaseInterceptor[44] - UserAgent: Mozilla/5.0 (Windows NT 6.1; WOW64) AppleWebKit/537.36 (KHTML, like Gecko) Chrome/65.0.3325.181 Safari/537.36
2018-11-05 23:36:01,494 INFO  s.interceptor.BaseInterceptor[45] - 用户访问地址: /admin/links, 来路地址: 0:0:0:0:0:0:0:1
2018-11-05 23:36:01,495 INFO  springboot.util.LogAspect[36] - URL : http://localhost/admin/links,IP : 0:0:0:0:0:0:0:1,CLASS_METHOD : springboot.controller.admin.LinkController.index,ARGS : [org.apache.catalina.connector.RequestFacade@20e9e720]
2018-11-05 23:36:01,508 INFO  springboot.util.LogAspect[42] - RESPONSE:admin/links
2018-11-05 23:36:04,781 INFO  s.interceptor.BaseInterceptor[44] - UserAgent: Mozilla/5.0 (Windows NT 6.1; WOW64) AppleWebKit/537.36 (KHTML, like Gecko) Chrome/65.0.3325.181 Safari/537.36
2018-11-05 23:36:04,781 INFO  s.interceptor.BaseInterceptor[45] - 用户访问地址: /admin/setting, 来路地址: 0:0:0:0:0:0:0:1
2018-11-05 23:36:04,784 INFO  springboot.util.LogAspect[36] - URL : http://localhost/admin/setting,IP : 0:0:0:0:0:0:0:1,CLASS_METHOD : springboot.controller.admin.SettingController.index,ARGS : [org.apache.catalina.connector.RequestFacade@20e9e720]
2018-11-05 23:36:04,906 INFO  springboot.util.LogAspect[42] - RESPONSE:admin/setting
2018-11-05 23:39:03,400 INFO  s.interceptor.BaseInterceptor[44] - UserAgent: Mozilla/5.0 (Windows NT 6.1; WOW64) AppleWebKit/537.36 (KHTML, like Gecko) Chrome/65.0.3325.181 Safari/537.36
2018-11-05 23:39:03,400 INFO  s.interceptor.BaseInterceptor[45] - 用户访问地址: /admin/pooruser, 来路地址: 0:0:0:0:0:0:0:1
2018-11-05 23:39:03,403 INFO  springboot.util.LogAspect[36] - URL : http://localhost/admin/pooruser,IP : 0:0:0:0:0:0:0:1,CLASS_METHOD : springboot.controller.admin.PoorUserController.index,ARGS : [1, 15, org.apache.catalina.connector.RequestFacade@20e9e720]
2018-11-05 23:39:03,427 INFO  springboot.util.LogAspect[42] - RESPONSE:admin/pooruser_list
2018-11-05 23:39:06,044 INFO  s.interceptor.BaseInterceptor[44] - UserAgent: Mozilla/5.0 (Windows NT 6.1; WOW64) AppleWebKit/537.36 (KHTML, like Gecko) Chrome/65.0.3325.181 Safari/537.36
2018-11-05 23:39:06,045 INFO  s.interceptor.BaseInterceptor[45] - 用户访问地址: /admin/index, 来路地址: 0:0:0:0:0:0:0:1
2018-11-05 23:39:06,047 INFO  springboot.util.LogAspect[36] - URL : http://localhost/admin/index,IP : 0:0:0:0:0:0:0:1,CLASS_METHOD : springboot.controller.admin.IndexController.index,ARGS : [org.apache.catalina.connector.RequestFacade@22fe3477]
2018-11-05 23:39:06,090 INFO  springboot.util.LogAspect[42] - RESPONSE:admin/index
2018-11-05 23:39:08,490 INFO  s.interceptor.BaseInterceptor[44] - UserAgent: Mozilla/5.0 (Windows NT 6.1; WOW64) AppleWebKit/537.36 (KHTML, like Gecko) Chrome/65.0.3325.181 Safari/537.36
2018-11-05 23:39:08,490 INFO  s.interceptor.BaseInterceptor[45] - 用户访问地址: /admin/pooruser, 来路地址: 0:0:0:0:0:0:0:1
2018-11-05 23:39:08,490 INFO  springboot.util.LogAspect[36] - URL : http://localhost/admin/pooruser,IP : 0:0:0:0:0:0:0:1,CLASS_METHOD : springboot.controller.admin.PoorUserController.index,ARGS : [1, 15, org.apache.catalina.connector.RequestFacade@20e9e720]
2018-11-05 23:39:08,508 INFO  springboot.util.LogAspect[42] - RESPONSE:admin/pooruser_list
2018-11-05 23:39:10,762 INFO  s.interceptor.BaseInterceptor[44] - UserAgent: Mozilla/5.0 (Windows NT 6.1; WOW64) AppleWebKit/537.36 (KHTML, like Gecko) Chrome/65.0.3325.181 Safari/537.36
2018-11-05 23:39:10,763 INFO  s.interceptor.BaseInterceptor[45] - 用户访问地址: /admin/index, 来路地址: 0:0:0:0:0:0:0:1
2018-11-05 23:39:10,764 INFO  springboot.util.LogAspect[36] - URL : http://localhost/admin/index,IP : 0:0:0:0:0:0:0:1,CLASS_METHOD : springboot.controller.admin.IndexController.index,ARGS : [org.apache.catalina.connector.RequestFacade@7d9ed4a0]
2018-11-05 23:39:10,794 INFO  springboot.util.LogAspect[42] - RESPONSE:admin/index
2018-11-05 23:39:17,622 INFO  s.interceptor.BaseInterceptor[44] - UserAgent: Mozilla/5.0 (Windows NT 6.1; WOW64) AppleWebKit/537.36 (KHTML, like Gecko) Chrome/65.0.3325.181 Safari/537.36
2018-11-05 23:39:17,622 INFO  s.interceptor.BaseInterceptor[45] - 用户访问地址: /admin/pooruser, 来路地址: 0:0:0:0:0:0:0:1
2018-11-05 23:39:17,624 INFO  springboot.util.LogAspect[36] - URL : http://localhost/admin/pooruser,IP : 0:0:0:0:0:0:0:1,CLASS_METHOD : springboot.controller.admin.PoorUserController.index,ARGS : [1, 15, org.apache.catalina.connector.RequestFacade@20e9e720]
2018-11-05 23:39:17,637 INFO  springboot.util.LogAspect[42] - RESPONSE:admin/pooruser_list
2018-11-05 23:39:22,504 INFO  s.interceptor.BaseInterceptor[44] - UserAgent: Mozilla/5.0 (Windows NT 6.1; WOW64) AppleWebKit/537.36 (KHTML, like Gecko) Chrome/65.0.3325.181 Safari/537.36
2018-11-05 23:39:22,504 INFO  s.interceptor.BaseInterceptor[45] - 用户访问地址: /admin/article/publish, 来路地址: 0:0:0:0:0:0:0:1
2018-11-05 23:39:22,521 INFO  springboot.util.LogAspect[36] - URL : http://localhost/admin/article/publish,IP : 0:0:0:0:0:0:0:1,CLASS_METHOD : springboot.controller.admin.ArticleController.newArticle,ARGS : [org.apache.catalina.connector.RequestFacade@22fe3477]
2018-11-05 23:39:22,539 INFO  springboot.util.LogAspect[42] - RESPONSE:admin/article_edit
2018-11-05 23:39:22,982 INFO  s.interceptor.BaseInterceptor[44] - UserAgent: Mozilla/5.0 (Windows NT 6.1; WOW64) AppleWebKit/537.36 (KHTML, like Gecko) Chrome/65.0.3325.181 Safari/537.36
2018-11-05 23:39:22,982 INFO  s.interceptor.BaseInterceptor[45] - 用户访问地址: /admin/article/undefined, 来路地址: 0:0:0:0:0:0:0:1
2018-11-05 23:39:22,983 INFO  springboot.util.LogAspect[36] - URL : http://localhost/admin/article/undefined,IP : 0:0:0:0:0:0:0:1,CLASS_METHOD : springboot.controller.admin.ArticleController.editArticle,ARGS : [undefined, org.apache.catalina.connector.RequestFacade@22fe3477]
2018-11-05 23:39:22,990 INFO  springboot.util.LogAspect[36] - URL : http://localhost/admin/article/undefined,IP : 0:0:0:0:0:0:0:1,CLASS_METHOD : springboot.controller.GlobalExceptionHandler.tipException,ARGS : [springboot.exception.TipException: query content by id and return is not one]
2018-11-05 23:39:22,990 INFO  springboot.util.LogAspect[42] - RESPONSE:comm/error_500
2018-11-05 23:39:25,493 INFO  s.interceptor.BaseInterceptor[44] - UserAgent: Mozilla/5.0 (Windows NT 6.1; WOW64) AppleWebKit/537.36 (KHTML, like Gecko) Chrome/65.0.3325.181 Safari/537.36
2018-11-05 23:39:25,493 INFO  s.interceptor.BaseInterceptor[45] - 用户访问地址: /admin/article, 来路地址: 0:0:0:0:0:0:0:1
2018-11-05 23:39:25,493 INFO  springboot.util.LogAspect[36] - URL : http://localhost/admin/article,IP : 0:0:0:0:0:0:0:1,CLASS_METHOD : springboot.controller.admin.ArticleController.index,ARGS : [1, 15, org.apache.catalina.connector.RequestFacade@22fe3477]
2018-11-05 23:39:25,512 INFO  springboot.util.LogAspect[42] - RESPONSE:admin/article_list
2018-11-05 23:39:29,519 INFO  s.interceptor.BaseInterceptor[44] - UserAgent: Mozilla/5.0 (Windows NT 6.1; WOW64) AppleWebKit/537.36 (KHTML, like Gecko) Chrome/65.0.3325.181 Safari/537.36
2018-11-05 23:39:29,519 INFO  s.interceptor.BaseInterceptor[45] - 用户访问地址: /admin/page, 来路地址: 0:0:0:0:0:0:0:1
2018-11-05 23:39:29,519 INFO  springboot.util.LogAspect[36] - URL : http://localhost/admin/page,IP : 0:0:0:0:0:0:0:1,CLASS_METHOD : springboot.controller.admin.PageController.index,ARGS : [org.apache.catalina.connector.RequestFacade@7d9ed4a0]
2018-11-05 23:39:29,539 INFO  springboot.util.LogAspect[42] - RESPONSE:admin/page_list
2018-11-05 23:39:32,752 INFO  s.interceptor.BaseInterceptor[44] - UserAgent: Mozilla/5.0 (Windows NT 6.1; WOW64) AppleWebKit/537.36 (KHTML, like Gecko) Chrome/65.0.3325.181 Safari/537.36
2018-11-05 23:39:32,752 INFO  s.interceptor.BaseInterceptor[45] - 用户访问地址: /admin/comments, 来路地址: 0:0:0:0:0:0:0:1
2018-11-05 23:39:32,752 INFO  springboot.util.LogAspect[36] - URL : http://localhost/admin/comments,IP : 0:0:0:0:0:0:0:1,CLASS_METHOD : springboot.controller.admin.CommentController.index,ARGS : [1, 15, org.apache.catalina.connector.RequestFacade@7d9ed4a0]
2018-11-05 23:39:32,768 INFO  springboot.util.LogAspect[42] - RESPONSE:admin/comment_list
