2018-11-11 14:40:27,159 WARN  o.t.templatemode.TemplateMode[150] - [THYMELEAF][restartedMain] Template Mode 'HTML5' is deprecated. Using Template Mode 'HTML' instead.
2018-11-11 14:55:33,551 WARN  o.s.w.s.m.m.a.ExceptionHandlerExceptionResolver[189] - Resolved exception caused by Handler execution: springboot.exception.TipException: query content by id and return is not one
2018-11-11 14:56:48,018 WARN  o.s.w.s.m.m.a.ExceptionHandlerExceptionResolver[189] - Resolved exception caused by Handler execution: springboot.exception.TipException: query content by id and return is not one
2018-11-11 14:57:07,521 WARN  o.s.w.s.m.m.a.ExceptionHandlerExceptionResolver[189] - Resolved exception caused by Handler execution: springboot.exception.TipException: query content by id and return is not one
2018-11-11 14:58:08,438 WARN  o.s.w.s.m.m.a.ExceptionHandlerExceptionResolver[189] - Resolved exception caused by Handler execution: org.springframework.dao.TransientDataAccessResourceException: Error attempting to get column 'status' from result set.  Cause: java.sql.SQLException: Invalid value for getInt() - 'publish'
; SQL []; Invalid value for getInt() - 'publish'; nested exception is java.sql.SQLException: Invalid value for getInt() - 'publish'
2018-11-11 14:58:11,989 WARN  o.s.w.s.m.m.a.ExceptionHandlerExceptionResolver[189] - Resolved exception caused by Handler execution: springboot.exception.TipException: query content by id and return is not one
2018-11-11 15:25:46,593 WARN  o.s.w.s.m.m.a.ExceptionHandlerExceptionResolver[189] - Resolved exception caused by Handler execution: springboot.exception.TipException: query content by id and return is not one
2018-11-11 15:41:06,720 WARN  o.s.w.s.m.m.a.ExceptionHandlerExceptionResolver[189] - Resolved exception caused by Handler execution: springboot.exception.TipException: query content by id and return is not one
2018-11-11 15:41:37,937 WARN  o.s.w.s.m.m.a.ExceptionHandlerExceptionResolver[189] - Resolved exception caused by Handler execution: org.springframework.dao.TransientDataAccessResourceException: Error attempting to get column 'status' from result set.  Cause: java.sql.SQLException: Invalid value for getInt() - 'publish'
; SQL []; Invalid value for getInt() - 'publish'; nested exception is java.sql.SQLException: Invalid value for getInt() - 'publish'
2018-11-11 15:41:40,620 WARN  o.s.w.s.m.m.a.ExceptionHandlerExceptionResolver[189] - Resolved exception caused by Handler execution: springboot.exception.TipException: query content by id and return is not one
2018-11-11 15:58:55,927 WARN  o.s.w.s.m.m.a.ExceptionHandlerExceptionResolver[189] - Resolved exception caused by Handler execution: springboot.exception.TipException: query content by id and return is not one
2018-11-11 16:01:31,854 WARN  o.s.w.s.m.m.a.ExceptionHandlerExceptionResolver[189] - Resolved exception caused by Handler execution: springboot.exception.TipException: query content by id and return is not one
2018-11-11 16:01:39,644 WARN  o.s.w.s.m.m.a.ExceptionHandlerExceptionResolver[189] - Resolved exception caused by Handler execution: springboot.exception.TipException: query content by id and return is not one
2018-11-11 16:01:59,313 WARN  o.s.w.s.m.m.a.ExceptionHandlerExceptionResolver[189] - Resolved exception caused by Handler execution: springboot.exception.TipException: query content by id and return is not one
2018-11-11 16:02:01,264 WARN  o.s.w.s.m.m.a.ExceptionHandlerExceptionResolver[189] - Resolved exception caused by Handler execution: springboot.exception.TipException: query content by id and return is not one
2018-11-11 16:02:01,881 WARN  o.s.w.s.m.m.a.ExceptionHandlerExceptionResolver[189] - Resolved exception caused by Handler execution: springboot.exception.TipException: query content by id and return is not one
2018-11-11 16:02:27,267 WARN  o.s.w.s.m.m.a.ExceptionHandlerExceptionResolver[189] - Resolved exception caused by Handler execution: springboot.exception.TipException: query content by id and return is not one
2018-11-11 16:02:35,746 WARN  o.s.w.s.m.m.a.ExceptionHandlerExceptionResolver[189] - Resolved exception caused by Handler execution: springboot.exception.TipException: query content by id and return is not one
2018-11-11 16:02:53,080 WARN  o.s.w.s.m.m.a.ExceptionHandlerExceptionResolver[189] - Resolved exception caused by Handler execution: springboot.exception.TipException: query content by id and return is not one
2018-11-11 16:03:20,908 WARN  o.s.w.s.m.m.a.ExceptionHandlerExceptionResolver[189] - Resolved exception caused by Handler execution: org.springframework.web.bind.MissingServletRequestParameterException: Required int parameter 'cid' is not present
2018-11-11 16:03:27,262 WARN  o.s.w.s.m.m.a.ExceptionHandlerExceptionResolver[189] - Resolved exception caused by Handler execution: springboot.exception.TipException: query content by id and return is not one
2018-11-11 16:03:33,990 WARN  o.s.w.s.m.m.a.ExceptionHandlerExceptionResolver[189] - Resolved exception caused by Handler execution: springboot.exception.TipException: query content by id and return is not one
2018-11-11 16:03:35,442 WARN  o.s.w.s.m.m.a.ExceptionHandlerExceptionResolver[189] - Resolved exception caused by Handler execution: springboot.exception.TipException: query content by id and return is not one
2018-11-11 16:04:03,307 WARN  o.s.w.s.m.m.a.ExceptionHandlerExceptionResolver[189] - Resolved exception caused by Handler execution: springboot.exception.TipException: query content by id and return is not one
2018-11-11 16:04:53,800 WARN  o.s.w.s.m.m.a.ExceptionHandlerExceptionResolver[189] - Resolved exception caused by Handler execution: springboot.exception.TipException: query content by id and return is not one
2018-11-11 16:05:03,251 WARN  o.s.w.s.m.m.a.ExceptionHandlerExceptionResolver[189] - Resolved exception caused by Handler execution: springboot.exception.TipException: query content by id and return is not one
2018-11-11 16:13:18,811 WARN  o.s.w.s.m.m.a.ExceptionHandlerExceptionResolver[189] - Resolved exception caused by Handler execution: springboot.exception.TipException: query content by id and return is not one
2018-11-11 16:13:30,484 WARN  o.s.w.s.m.m.a.ExceptionHandlerExceptionResolver[189] - Resolved exception caused by Handler execution: springboot.exception.TipException: query content by id and return is not one
2018-11-11 16:13:39,263 WARN  o.s.w.s.m.m.a.ExceptionHandlerExceptionResolver[189] - Resolved exception caused by Handler execution: springboot.exception.TipException: query content by id and return is not one
2018-11-11 16:14:40,760 WARN  o.s.w.s.m.m.a.ExceptionHandlerExceptionResolver[189] - Resolved exception caused by Handler execution: springboot.exception.TipException: query content by id and return is not one
2018-11-11 16:14:43,619 WARN  o.s.w.s.m.m.a.ExceptionHandlerExceptionResolver[189] - Resolved exception caused by Handler execution: springboot.exception.TipException: query content by id and return is not one
2018-11-11 16:15:27,239 WARN  o.s.w.s.m.m.a.ExceptionHandlerExceptionResolver[189] - Resolved exception caused by Handler execution: springboot.exception.TipException: query content by id and return is not one
2018-11-11 16:18:19,406 WARN  o.s.w.s.m.m.a.ExceptionHandlerExceptionResolver[189] - Resolved exception caused by Handler execution: springboot.exception.TipException: query content by id and return is not one
2018-11-11 16:20:09,720 WARN  o.s.w.s.m.m.a.ExceptionHandlerExceptionResolver[189] - Resolved exception caused by Handler execution: springboot.exception.TipException: query content by id and return is not one
2018-11-11 16:20:11,789 WARN  o.s.w.s.m.m.a.ExceptionHandlerExceptionResolver[189] - Resolved exception caused by Handler execution: springboot.exception.TipException: query content by id and return is not one
2018-11-11 16:20:49,261 WARN  o.s.w.s.m.m.a.ExceptionHandlerExceptionResolver[189] - Resolved exception caused by Handler execution: org.springframework.dao.TransientDataAccessResourceException: Error attempting to get column 'status' from result set.  Cause: java.sql.SQLException: Invalid value for getInt() - 'publish'
; SQL []; Invalid value for getInt() - 'publish'; nested exception is java.sql.SQLException: Invalid value for getInt() - 'publish'
2018-11-11 16:20:52,148 WARN  o.s.w.s.m.m.a.ExceptionHandlerExceptionResolver[189] - Resolved exception caused by Handler execution: springboot.exception.TipException: query content by id and return is not one
2018-11-11 16:20:55,081 WARN  o.s.w.s.m.m.a.ExceptionHandlerExceptionResolver[189] - Resolved exception caused by Handler execution: springboot.exception.TipException: query content by id and return is not one
2018-11-11 16:20:58,573 WARN  o.s.w.s.m.m.a.ExceptionHandlerExceptionResolver[189] - Resolved exception caused by Handler execution: springboot.exception.TipException: query content by id and return is not one
2018-11-11 16:21:33,131 WARN  o.s.w.s.m.m.a.ExceptionHandlerExceptionResolver[189] - Resolved exception caused by Handler execution: org.springframework.web.bind.MissingServletRequestParameterException: Required int parameter 'cid' is not present
